<?xml version="1.0" encoding="utf-8"?>
<TestRun id="6a31422f-64be-4df5-9944-ed5a441b6a1e" name="revanur@SONAKSHI 2025-08-25 22:27:25" runUser="SONAKSHI\revanur" xmlns="http://microsoft.com/schemas/VisualStudio/TeamTest/2010">
  <Times creation="2025-08-25T22:27:25.1637450+01:00" queuing="2025-08-25T22:27:25.1637455+01:00" start="2025-08-25T22:27:24.1918072+01:00" finish="2025-08-25T22:28:53.5948515+01:00" />
  <TestSettings name="default" id="df16540b-7d9b-4262-90b3-c9682d5ffb6c">
    <Deployment runDeploymentRoot="revanur_SONAKSHI_2025-08-25_22_27_25" />
  </TestSettings>
  <Results>
    <UnitTestResult executionId="0c922835-d271-4360-abd0-a2cfe9d62301" testId="8c252c2d-052d-8947-948e-0317943dbcb9" testName="Stroll.History.Integrity.Tests.PerformanceRegressionTests.PerformanceBaseline_GetOptionsCommands_MustMaintainSLO(symbol: &quot;SPY&quot;, date: &quot;2024-01-19&quot;, scenario: &quot;weekly&quot;)" computerName="SONAKSHI" duration="00:00:00.0753487" startTime="2025-08-25T22:28:45.1809051+01:00" endTime="2025-08-25T22:28:45.1809053+01:00" testType="13cdc9d9-ddb5-4fa4-a97d-d965ccfc6d4b" outcome="Failed" testListId="8c84fa94-04c1-424b-9868-57a2d4851a1d" relativeResultsDirectory="0c922835-d271-4360-abd0-a2cfe9d62301">
      <Output>
        <ErrorInfo>
          <Message>Expected result.ExitCode to be 0 because get-options weekly must succeed, but found -1 (difference of -1).</Message>
          <StackTrace>   at FluentAssertions.Execution.XUnit2TestFramework.Throw(String message)&#xD;
   at FluentAssertions.Execution.TestFrameworkProvider.Throw(String message)&#xD;
   at FluentAssertions.Execution.DefaultAssertionStrategy.HandleFailure(String message)&#xD;
   at FluentAssertions.Execution.AssertionScope.FailWith(Func`1 failReasonFunc)&#xD;
   at FluentAssertions.Numeric.NumericAssertions`2.Be(T expected, String because, Object[] becauseArgs)&#xD;
   at Stroll.History.Integrity.Tests.PerformanceRegressionTests.PerformanceBaseline_GetOptionsCommands_MustMaintainSLO(String symbol, String date, String scenario) in C:\code\Stroll\Stroll.History\Stroll.History.Integrity.Tests\PerformanceRegressionTests.cs:line 171&#xD;
--- End of stack trace from previous location ---</StackTrace>
        </ErrorInfo>
      </Output>
    </UnitTestResult>
    <UnitTestResult executionId="218ee7e3-be3b-4c24-8d04-102c28f4462e" testId="2a98c4fa-8bce-0aac-f1e5-20629f4fcd20" testName="Stroll.History.Integrity.Tests.DataIntegrityTests.DataCompleteness_TradingDays_MustNotHaveUnexpectedGaps(symbol: &quot;QQQ&quot;)" computerName="SONAKSHI" duration="00:00:00.1668163" startTime="2025-08-25T22:27:25.1671609+01:00" endTime="2025-08-25T22:27:25.1671616+01:00" testType="13cdc9d9-ddb5-4fa4-a97d-d965ccfc6d4b" outcome="Passed" testListId="8c84fa94-04c1-424b-9868-57a2d4851a1d" relativeResultsDirectory="218ee7e3-be3b-4c24-8d04-102c28f4462e">
      <Output>
        <StdOut>QQQ Completeness: 21 bars, 0 suspicious gaps</StdOut>
      </Output>
    </UnitTestResult>
    <UnitTestResult executionId="e72a929b-2191-4c5a-87df-05263463e743" testId="616857ce-c3bb-273a-3c6c-953b19c49f8b" testName="Stroll.History.Integrity.Tests.DataIntegrityTests.OptionsData_Availability_MustProvideValidChains(symbol: &quot;SPY&quot;, date: &quot;2024-01-31&quot;, description: &quot;monthly&quot;)" computerName="SONAKSHI" duration="00:00:00.2065796" startTime="2025-08-25T22:27:27.9289999+01:00" endTime="2025-08-25T22:27:27.9290013+01:00" testType="13cdc9d9-ddb5-4fa4-a97d-d965ccfc6d4b" outcome="Passed" testListId="8c84fa94-04c1-424b-9868-57a2d4851a1d" relativeResultsDirectory="e72a929b-2191-4c5a-87df-05263463e743" />
    <UnitTestResult executionId="6f279e96-3128-4cda-bea5-15a15d208361" testId="46f4fb9a-9ec3-3575-6a3e-f54dfe0e0e6b" testName="Stroll.History.Integrity.Tests.ProcessLifecycleTests.ErrorRecovery_TransientFailures_MustRecoverGracefully" computerName="SONAKSHI" duration="00:00:12.4670488" startTime="2025-08-25T22:27:50.8460411+01:00" endTime="2025-08-25T22:27:50.8460415+01:00" testType="13cdc9d9-ddb5-4fa4-a97d-d965ccfc6d4b" outcome="Passed" testListId="8c84fa94-04c1-424b-9868-57a2d4851a1d" relativeResultsDirectory="6f279e96-3128-4cda-bea5-15a15d208361">
      <Output>
        <StdOut>Error Recovery: Success Rate=90.00%, Avg Latency=734.3ms</StdOut>
      </Output>
    </UnitTestResult>
    <UnitTestResult executionId="5dfad233-3669-4bc8-bddc-8d36c61dffc5" testId="d9d5e9cb-812b-39a5-915f-74231facbaf3" testName="Stroll.History.Integrity.Tests.PerformanceRegressionTests.PerformanceBaseline_GetBarsCommands_MustMaintainSLO(symbol: &quot;SPY&quot;, from: &quot;2024-01-15&quot;, to: &quot;2024-01-15&quot;, granularity: &quot;1d&quot;, scenario: &quot;single_day&quot;)" computerName="SONAKSHI" duration="00:00:00.0331709" startTime="2025-08-25T22:27:26.3612585+01:00" endTime="2025-08-25T22:27:26.3612589+01:00" testType="13cdc9d9-ddb5-4fa4-a97d-d965ccfc6d4b" outcome="Failed" testListId="8c84fa94-04c1-424b-9868-57a2d4851a1d" relativeResultsDirectory="5dfad233-3669-4bc8-bddc-8d36c61dffc5">
      <Output>
        <ErrorInfo>
          <Message>Expected result.ExitCode to be 0 because get-bars single_day must succeed, but found -1 (difference of -1).</Message>
          <StackTrace>   at FluentAssertions.Execution.XUnit2TestFramework.Throw(String message)&#xD;
   at FluentAssertions.Execution.TestFrameworkProvider.Throw(String message)&#xD;
   at FluentAssertions.Execution.DefaultAssertionStrategy.HandleFailure(String message)&#xD;
   at FluentAssertions.Execution.AssertionScope.FailWith(Func`1 failReasonFunc)&#xD;
   at FluentAssertions.Execution.AssertionScope.FailWith(Func`1 failReasonFunc)&#xD;
   at FluentAssertions.Execution.AssertionScope.FailWith(String message, Object[] args)&#xD;
   at FluentAssertions.Numeric.NumericAssertions`2.Be(T expected, String because, Object[] becauseArgs)&#xD;
   at Stroll.History.Integrity.Tests.PerformanceRegressionTests.PerformanceBaseline_GetBarsCommands_MustMaintainSLO(String symbol, String from, String to, String granularity, String scenario) in C:\code\Stroll\Stroll.History\Stroll.History.Integrity.Tests\PerformanceRegressionTests.cs:line 125&#xD;
--- End of stack trace from previous location ---</StackTrace>
        </ErrorInfo>
      </Output>
    </UnitTestResult>
    <UnitTestResult executionId="5576d3b1-445a-4a5e-a39e-fac2c086ba19" testId="9013f874-8a4c-4c73-e79f-a509e61da1b6" testName="Stroll.History.Integrity.Tests.DataIntegrityTests.OilEnergyData_Availability_MustBeAccessible(symbol: &quot;GUSH&quot;)" computerName="SONAKSHI" duration="00:00:00.1884595" startTime="2025-08-25T22:27:26.8878291+01:00" endTime="2025-08-25T22:27:26.8878296+01:00" testType="13cdc9d9-ddb5-4fa4-a97d-d965ccfc6d4b" outcome="Passed" testListId="8c84fa94-04c1-424b-9868-57a2d4851a1d" relativeResultsDirectory="5576d3b1-445a-4a5e-a39e-fac2c086ba19" />
    <UnitTestResult executionId="9989c238-a6dc-4b95-897b-9b2712953171" testId="02b1d2f1-3459-ba65-f8fa-b0b332fd1ac5" testName="Stroll.History.Integrity.Tests.DataIntegrityTests.DataQuality_OHLCV_MustSatisfyFinancialInvariants(symbol: &quot;SPY&quot;)" computerName="SONAKSHI" duration="00:00:00.1837549" startTime="2025-08-25T22:27:26.0721138+01:00" endTime="2025-08-25T22:27:26.0721140+01:00" testType="13cdc9d9-ddb5-4fa4-a97d-d965ccfc6d4b" outcome="Passed" testListId="8c84fa94-04c1-424b-9868-57a2d4851a1d" relativeResultsDirectory="9989c238-a6dc-4b95-897b-9b2712953171">
      <Output>
        <StdOut>Invalid timestamp format in bar data: &#xD;
Invalid timestamp format in bar data: &#xD;
Invalid timestamp format in bar data: &#xD;
Invalid timestamp format in bar data: &#xD;
Invalid timestamp format in bar data: &#xD;
Invalid timestamp format in bar data: &#xD;
Invalid timestamp format in bar data: &#xD;
Invalid timestamp format in bar data: &#xD;
Invalid timestamp format in bar data: &#xD;
Invalid timestamp format in bar data: &#xD;
Invalid timestamp format in bar data: &#xD;
Invalid timestamp format in bar data: &#xD;
Invalid timestamp format in bar data: &#xD;
Invalid timestamp format in bar data: &#xD;
Invalid timestamp format in bar data: &#xD;
Invalid timestamp format in bar data: &#xD;
Invalid timestamp format in bar data: &#xD;
Invalid timestamp format in bar data: &#xD;
Invalid timestamp format in bar data: &#xD;
Invalid timestamp format in bar data: &#xD;
Invalid timestamp format in bar data: &#xD;
SPY Data Quality: 21 bars, 0 violations, Score: 100.00%</StdOut>
      </Output>
    </UnitTestResult>
    <UnitTestResult executionId="38906d5d-cb57-4e44-a115-589405a9b680" testId="852d2a22-e4c5-db23-b204-eeb31211f60c" testName="Stroll.History.Integrity.Tests.DataIntegrityTests.OptionsData_Availability_MustProvideValidChains(symbol: &quot;SPY&quot;, date: &quot;2024-01-19&quot;, description: &quot;weekly&quot;)" computerName="SONAKSHI" duration="00:00:00.2149212" startTime="2025-08-25T22:27:28.1442809+01:00" endTime="2025-08-25T22:27:28.1442818+01:00" testType="13cdc9d9-ddb5-4fa4-a97d-d965ccfc6d4b" outcome="Passed" testListId="8c84fa94-04c1-424b-9868-57a2d4851a1d" relativeResultsDirectory="38906d5d-cb57-4e44-a115-589405a9b680" />
    <UnitTestResult executionId="1c16c118-2b8b-47d1-a2f0-0557b20c2114" testId="698150cf-a3bf-0a44-9fc6-9e4a7cd1afaf" testName="Stroll.History.Integrity.Tests.DataIntegrityTests.DataCompleteness_TradingDays_MustNotHaveUnexpectedGaps(symbol: &quot;USO&quot;)" computerName="SONAKSHI" duration="00:00:00.1472033" startTime="2025-08-25T22:27:25.0000985+01:00" endTime="2025-08-25T22:27:25.0000991+01:00" testType="13cdc9d9-ddb5-4fa4-a97d-d965ccfc6d4b" outcome="Passed" testListId="8c84fa94-04c1-424b-9868-57a2d4851a1d" relativeResultsDirectory="1c16c118-2b8b-47d1-a2f0-0557b20c2114">
      <Output>
        <StdOut>USO Completeness: 21 bars, 0 suspicious gaps</StdOut>
      </Output>
    </UnitTestResult>
    <UnitTestResult executionId="94c077c6-c2fe-4af4-9ac3-a548cb49c1a1" testId="c60bb786-dacb-4f91-d8c0-17001cfed7a7" testName="Stroll.History.Integrity.Tests.ContractValidationTests.CLI_MustHandleInvalidArguments_WithStandardErrorFormat" computerName="SONAKSHI" duration="00:00:00.1953964" startTime="2025-08-25T22:27:25.8906000+01:00" endTime="2025-08-25T22:27:25.8906003+01:00" testType="13cdc9d9-ddb5-4fa4-a97d-d965ccfc6d4b" outcome="Failed" testListId="8c84fa94-04c1-424b-9868-57a2d4851a1d" relativeResultsDirectory="94c077c6-c2fe-4af4-9ac3-a548cb49c1a1">
      <Output>
        <StdOut>Command: invalid-command --badarg value&#xD;
Exit Code: 64&#xD;
Execution Time: 192ms&#xD;
Output: &#xD;
Error: {&#xD;
  "schema": "stroll.history.v1",&#xD;
  "ok": false,&#xD;
  "error": {&#xD;
    "code": "USAGE",&#xD;
    "message": "unknown command \u0027invalid-command\u0027",&#xD;
    "hint": "try: stroll.history discover"&#xD;
  }&#xD;
}</StdOut>
        <ErrorInfo>
          <Message>System.Text.Json.JsonException : The input does not contain any JSON tokens. Expected the input to start with a valid JSON token, when isFinalBlock is true. Path: $ | LineNumber: 0 | BytePositionInLine: 0.&#xD;
---- System.Text.Json.JsonReaderException : The input does not contain any JSON tokens. Expected the input to start with a valid JSON token, when isFinalBlock is true. LineNumber: 0 | BytePositionInLine: 0.</Message>
          <StackTrace>   at System.Text.Json.ThrowHelper.ReThrowWithPath(ReadStack&amp; state, JsonReaderException ex)&#xD;
   at System.Text.Json.Serialization.JsonConverter`1.ReadCore(Utf8JsonReader&amp; reader, T&amp; value, JsonSerializerOptions options, ReadStack&amp; state)&#xD;
   at System.Text.Json.Serialization.Metadata.JsonTypeInfo`1.Deserialize(Utf8JsonReader&amp; reader, ReadStack&amp; state)&#xD;
   at System.Text.Json.JsonSerializer.ReadFromSpan[TValue](ReadOnlySpan`1 utf8Json, JsonTypeInfo`1 jsonTypeInfo, Nullable`1 actualByteCount)&#xD;
   at System.Text.Json.JsonSerializer.ReadFromSpan[TValue](ReadOnlySpan`1 json, JsonTypeInfo`1 jsonTypeInfo)&#xD;
   at System.Text.Json.JsonSerializer.Deserialize[TValue](String json, JsonSerializerOptions options)&#xD;
   at Stroll.History.Integrity.Tests.ContractValidationTests.CLI_MustHandleInvalidArguments_WithStandardErrorFormat() in C:\code\Stroll\Stroll.History\Stroll.History.Integrity.Tests\ContractValidationTests.cs:line 226&#xD;
--- End of stack trace from previous location ---&#xD;
----- Inner Stack Trace -----&#xD;
   at System.Text.Json.ThrowHelper.ThrowJsonReaderException(Utf8JsonReader&amp; json, ExceptionResource resource, Byte nextByte, ReadOnlySpan`1 bytes)&#xD;
   at System.Text.Json.Utf8JsonReader.Read()&#xD;
   at System.Text.Json.Serialization.JsonConverter`1.ReadCore(Utf8JsonReader&amp; reader, T&amp; value, JsonSerializerOptions options, ReadStack&amp; state)</StackTrace>
        </ErrorInfo>
      </Output>
    </UnitTestResult>
    <UnitTestResult executionId="bdee780c-92ca-4b3d-88ae-e6b5d906899f" testId="1660c8b5-3c0d-b313-cd84-8dbfedaee52e" testName="Stroll.History.Integrity.Tests.IpcContractTests.IpcErrorHandling_InvalidRequests_MustReturnStandardErrorFormat" computerName="SONAKSHI" duration="00:00:10.0541145" startTime="2025-08-25T22:27:58.6216551+01:00" endTime="2025-08-25T22:27:58.6216554+01:00" testType="13cdc9d9-ddb5-4fa4-a97d-d965ccfc6d4b" outcome="Failed" testListId="8c84fa94-04c1-424b-9868-57a2d4851a1d" relativeResultsDirectory="bdee780c-92ca-4b3d-88ae-e6b5d906899f">
      <Output>
        <StdOut>Connection attempt to stroll.history failed: The operation has timed out.&#xD;
Connection attempt to stroll.history.server failed: The operation has timed out.&#xD;
Could not connect to any IPC pipe - test may be skipped</StdOut>
        <ErrorInfo>
          <Message>System.AggregateException : One or more errors occurred. (Object reference not set to an instance of an object.) (Object reference not set to an instance of an object.)&#xD;
---- System.NullReferenceException : Object reference not set to an instance of an object.&#xD;
---- System.NullReferenceException : Object reference not set to an instance of an object.</Message>
          <StackTrace>&#xD;
----- Inner Stack Trace #1 (System.NullReferenceException) -----&#xD;
   at Stroll.History.Integrity.Tests.IpcContractTests.SendIpcRequest(NamedPipeClientStream client, Object request, Int32 timeoutMs) in C:\code\Stroll\Stroll.History\Stroll.History.Integrity.Tests\IpcContractTests.cs:line 438&#xD;
   at Stroll.History.Integrity.Tests.IpcContractTests.IpcErrorHandling_InvalidRequests_MustReturnStandardErrorFormat() in C:\code\Stroll\Stroll.History\Stroll.History.Integrity.Tests\IpcContractTests.cs:line 296&#xD;
--- End of stack trace from previous location ---&#xD;
----- Inner Stack Trace #2 (System.NullReferenceException) -----&#xD;
   at Stroll.History.Integrity.Tests.IpcContractTests.DisposeAsync() in C:\code\Stroll\Stroll.History\Stroll.History.Integrity.Tests\IpcContractTests.cs:line 487&#xD;
   at Stroll.History.Integrity.Tests.IpcContractTests.DisposeAsync()</StackTrace>
        </ErrorInfo>
      </Output>
    </UnitTestResult>
    <UnitTestResult executionId="26ec37a4-eede-468d-840f-47acc544c9c4" testId="0a60c8d7-ce2e-951c-8c65-0d1888537231" testName="Stroll.History.Integrity.Tests.PerformanceRegressionTests.PerformanceBaseline_DiscoverCommand_MustMaintainSLO" computerName="SONAKSHI" duration="00:00:01.6639143" startTime="2025-08-25T22:27:26.2731518+01:00" endTime="2025-08-25T22:27:26.2731521+01:00" testType="13cdc9d9-ddb5-4fa4-a97d-d965ccfc6d4b" outcome="Failed" testListId="8c84fa94-04c1-424b-9868-57a2d4851a1d" relativeResultsDirectory="26ec37a4-eede-468d-840f-47acc544c9c4">
      <Output>
        <ErrorInfo>
          <Message>Expected result.ExitCode to be 0 because discover must succeed for baseline measurement, but found -1 (difference of -1).</Message>
          <StackTrace>   at FluentAssertions.Execution.XUnit2TestFramework.Throw(String message)&#xD;
   at FluentAssertions.Execution.TestFrameworkProvider.Throw(String message)&#xD;
   at FluentAssertions.Execution.DefaultAssertionStrategy.HandleFailure(String message)&#xD;
   at FluentAssertions.Execution.AssertionScope.FailWith(Func`1 failReasonFunc)&#xD;
   at FluentAssertions.Execution.AssertionScope.FailWith(Func`1 failReasonFunc)&#xD;
   at FluentAssertions.Execution.AssertionScope.FailWith(String message, Object[] args)&#xD;
   at FluentAssertions.Numeric.NumericAssertions`2.Be(T expected, String because, Object[] becauseArgs)&#xD;
   at Stroll.History.Integrity.Tests.PerformanceRegressionTests.PerformanceBaseline_DiscoverCommand_MustMaintainSLO() in C:\code\Stroll\Stroll.History\Stroll.History.Integrity.Tests\PerformanceRegressionTests.cs:line 81&#xD;
--- End of stack trace from previous location ---</StackTrace>
        </ErrorInfo>
      </Output>
    </UnitTestResult>
    <UnitTestResult executionId="29920a55-352b-4c2e-8a2d-e30e87ad5470" testId="669a21aa-c949-333b-2581-d8d519a421f7" testName="Stroll.History.Integrity.Tests.PerformanceRegressionTests.PerformanceBaseline_GetOptionsCommands_MustMaintainSLO(symbol: &quot;SPY&quot;, date: &quot;2024-01-31&quot;, scenario: &quot;monthly&quot;)" computerName="SONAKSHI" duration="00:00:00.0274787" startTime="2025-08-25T22:28:45.2090495+01:00" endTime="2025-08-25T22:28:45.2090497+01:00" testType="13cdc9d9-ddb5-4fa4-a97d-d965ccfc6d4b" outcome="Failed" testListId="8c84fa94-04c1-424b-9868-57a2d4851a1d" relativeResultsDirectory="29920a55-352b-4c2e-8a2d-e30e87ad5470">
      <Output>
        <ErrorInfo>
          <Message>Expected result.ExitCode to be 0 because get-options monthly must succeed, but found -1 (difference of -1).</Message>
          <StackTrace>   at FluentAssertions.Execution.XUnit2TestFramework.Throw(String message)&#xD;
   at FluentAssertions.Execution.TestFrameworkProvider.Throw(String message)&#xD;
   at FluentAssertions.Execution.DefaultAssertionStrategy.HandleFailure(String message)&#xD;
   at FluentAssertions.Execution.AssertionScope.FailWith(Func`1 failReasonFunc)&#xD;
   at FluentAssertions.Numeric.NumericAssertions`2.Be(T expected, String because, Object[] becauseArgs)&#xD;
   at Stroll.History.Integrity.Tests.PerformanceRegressionTests.PerformanceBaseline_GetOptionsCommands_MustMaintainSLO(String symbol, String date, String scenario) in C:\code\Stroll\Stroll.History\Stroll.History.Integrity.Tests\PerformanceRegressionTests.cs:line 171&#xD;
--- End of stack trace from previous location ---</StackTrace>
        </ErrorInfo>
      </Output>
    </UnitTestResult>
    <UnitTestResult executionId="b94b5c2c-20f6-4e28-95a7-c835666f22b2" testId="6ca5a343-28d2-988e-a3d1-0ac59578c058" testName="Stroll.History.Integrity.Tests.IpcContractTests.IpcServer_Startup_MustCreateNamedPipeWithStandardName" computerName="SONAKSHI" duration="00:00:15.0384913" startTime="2025-08-25T22:28:53.5262196+01:00" endTime="2025-08-25T22:28:53.5262199+01:00" testType="13cdc9d9-ddb5-4fa4-a97d-d965ccfc6d4b" outcome="Failed" testListId="8c84fa94-04c1-424b-9868-57a2d4851a1d" relativeResultsDirectory="b94b5c2c-20f6-4e28-95a7-c835666f22b2">
      <Output>
        <StdOut>Testing IPC server pipe name conventions...&#xD;
Failed to connect to stroll.history: The operation has timed out.&#xD;
Failed to connect to stroll.history.5332: The operation has timed out.&#xD;
Failed to connect to stroll.history.server: The operation has timed out.</StdOut>
        <ErrorInfo>
          <Message>Expected connectionSucceeded to be true because IPC server must be accessible via Named Pipe, but found False.</Message>
          <StackTrace>   at FluentAssertions.Execution.XUnit2TestFramework.Throw(String message)&#xD;
   at FluentAssertions.Execution.TestFrameworkProvider.Throw(String message)&#xD;
   at FluentAssertions.Execution.DefaultAssertionStrategy.HandleFailure(String message)&#xD;
   at FluentAssertions.Execution.AssertionScope.FailWith(Func`1 failReasonFunc)&#xD;
   at FluentAssertions.Primitives.BooleanAssertions`1.BeTrue(String because, Object[] becauseArgs)&#xD;
   at Stroll.History.Integrity.Tests.IpcContractTests.IpcServer_Startup_MustCreateNamedPipeWithStandardName() in C:\code\Stroll\Stroll.History\Stroll.History.Integrity.Tests\IpcContractTests.cs:line 72&#xD;
--- End of stack trace from previous location ---</StackTrace>
        </ErrorInfo>
      </Output>
    </UnitTestResult>
    <UnitTestResult executionId="f3733737-1c81-4fb1-a69e-07f2625c0919" testId="b13f8a79-42f6-99db-717d-12f7ffb70858" testName="Stroll.History.Integrity.Tests.PerformanceRegressionTests.PerformanceBaseline_GetBarsCommands_MustMaintainSLO(symbol: &quot;SPY&quot;, from: &quot;2024-01-01&quot;, to: &quot;2024-01-31&quot;, granularity: &quot;1d&quot;, scenario: &quot;single_month&quot;)" computerName="SONAKSHI" duration="00:00:00.0343528" startTime="2025-08-25T22:27:26.3078783+01:00" endTime="2025-08-25T22:27:26.3078788+01:00" testType="13cdc9d9-ddb5-4fa4-a97d-d965ccfc6d4b" outcome="Failed" testListId="8c84fa94-04c1-424b-9868-57a2d4851a1d" relativeResultsDirectory="f3733737-1c81-4fb1-a69e-07f2625c0919">
      <Output>
        <ErrorInfo>
          <Message>Expected result.ExitCode to be 0 because get-bars single_month must succeed, but found -1 (difference of -1).</Message>
          <StackTrace>   at FluentAssertions.Execution.XUnit2TestFramework.Throw(String message)&#xD;
   at FluentAssertions.Execution.TestFrameworkProvider.Throw(String message)&#xD;
   at FluentAssertions.Execution.DefaultAssertionStrategy.HandleFailure(String message)&#xD;
   at FluentAssertions.Execution.AssertionScope.FailWith(Func`1 failReasonFunc)&#xD;
   at FluentAssertions.Execution.AssertionScope.FailWith(Func`1 failReasonFunc)&#xD;
   at FluentAssertions.Execution.AssertionScope.FailWith(String message, Object[] args)&#xD;
   at FluentAssertions.Numeric.NumericAssertions`2.Be(T expected, String because, Object[] becauseArgs)&#xD;
   at Stroll.History.Integrity.Tests.PerformanceRegressionTests.PerformanceBaseline_GetBarsCommands_MustMaintainSLO(String symbol, String from, String to, String granularity, String scenario) in C:\code\Stroll\Stroll.History\Stroll.History.Integrity.Tests\PerformanceRegressionTests.cs:line 125&#xD;
--- End of stack trace from previous location ---</StackTrace>
        </ErrorInfo>
      </Output>
    </UnitTestResult>
    <UnitTestResult executionId="9cef94be-16db-43e6-b4a3-f9e10b5f846a" testId="a1abdd3e-f3c6-1c14-6064-4f2dd0d24d96" testName="Stroll.History.Integrity.Tests.DataIntegrityTests.OilEnergyData_Availability_MustBeAccessible(symbol: &quot;ERY&quot;)" computerName="SONAKSHI" duration="00:00:00.2876079" startTime="2025-08-25T22:27:27.1759638+01:00" endTime="2025-08-25T22:27:27.1759643+01:00" testType="13cdc9d9-ddb5-4fa4-a97d-d965ccfc6d4b" outcome="Passed" testListId="8c84fa94-04c1-424b-9868-57a2d4851a1d" relativeResultsDirectory="9cef94be-16db-43e6-b4a3-f9e10b5f846a" />
    <UnitTestResult executionId="13872d06-69c6-40dd-ba01-2cd927b4a46e" testId="a0f2be1f-6a20-f77c-a432-095aad79f209" testName="Stroll.History.Integrity.Tests.ProcessLifecycleTests.GracefulShutdown_MustCompleteWithinTimeout" computerName="SONAKSHI" duration="00:00:01.0073825" startTime="2025-08-25T22:27:38.3690114+01:00" endTime="2025-08-25T22:27:38.3690126+01:00" testType="13cdc9d9-ddb5-4fa4-a97d-d965ccfc6d4b" outcome="Passed" testListId="8c84fa94-04c1-424b-9868-57a2d4851a1d" relativeResultsDirectory="13872d06-69c6-40dd-ba01-2cd927b4a46e">
      <Output>
        <StdOut>Graceful shutdown completed in 0ms</StdOut>
      </Output>
    </UnitTestResult>
    <UnitTestResult executionId="6ce90928-e18d-44bf-abaa-d4bf5ac449e9" testId="63daa1ce-c43b-f74b-dff2-ca8051321189" testName="Stroll.History.Integrity.Tests.DataIntegrityTests.DataQuality_OHLCV_MustSatisfyFinancialInvariants(symbol: &quot;XLE&quot;)" computerName="SONAKSHI" duration="00:00:00.1937973" startTime="2025-08-25T22:27:25.8881119+01:00" endTime="2025-08-25T22:27:25.8881122+01:00" testType="13cdc9d9-ddb5-4fa4-a97d-d965ccfc6d4b" outcome="Passed" testListId="8c84fa94-04c1-424b-9868-57a2d4851a1d" relativeResultsDirectory="6ce90928-e18d-44bf-abaa-d4bf5ac449e9">
      <Output>
        <StdOut>Invalid timestamp format in bar data: &#xD;
Invalid timestamp format in bar data: &#xD;
Invalid timestamp format in bar data: &#xD;
Invalid timestamp format in bar data: &#xD;
Invalid timestamp format in bar data: &#xD;
Invalid timestamp format in bar data: &#xD;
Invalid timestamp format in bar data: &#xD;
Invalid timestamp format in bar data: &#xD;
Invalid timestamp format in bar data: &#xD;
Invalid timestamp format in bar data: &#xD;
Invalid timestamp format in bar data: &#xD;
Invalid timestamp format in bar data: &#xD;
Invalid timestamp format in bar data: &#xD;
Invalid timestamp format in bar data: &#xD;
Invalid timestamp format in bar data: &#xD;
Invalid timestamp format in bar data: &#xD;
Invalid timestamp format in bar data: &#xD;
Invalid timestamp format in bar data: &#xD;
Invalid timestamp format in bar data: &#xD;
Invalid timestamp format in bar data: &#xD;
Invalid timestamp format in bar data: &#xD;
XLE Data Quality: 21 bars, 0 violations, Score: 100.00%</StdOut>
      </Output>
    </UnitTestResult>
    <UnitTestResult executionId="2f862310-c78b-4216-9fba-bac1ef417457" testId="a65e01be-e329-9ced-a231-8f240e9dbff3" testName="Stroll.History.Integrity.Tests.DataIntegrityTests.DataCompleteness_TradingDays_MustNotHaveUnexpectedGaps(symbol: &quot;SPY&quot;)" computerName="SONAKSHI" duration="00:00:00.1661717" startTime="2025-08-25T22:27:24.8526033+01:00" endTime="2025-08-25T22:27:24.8526040+01:00" testType="13cdc9d9-ddb5-4fa4-a97d-d965ccfc6d4b" outcome="Passed" testListId="8c84fa94-04c1-424b-9868-57a2d4851a1d" relativeResultsDirectory="2f862310-c78b-4216-9fba-bac1ef417457">
      <Output>
        <StdOut>SPY Completeness: 21 bars, 0 suspicious gaps</StdOut>
      </Output>
    </UnitTestResult>
    <UnitTestResult executionId="0689c5f8-5680-4995-aa1a-f90c4aaf6d26" testId="bd89ac76-1178-a9a8-b539-d7abc58c5d5d" testName="Stroll.History.Integrity.Tests.IpcContractTests.IpcConnectionPool_ResourceManagement_MustHandleConnectionLifecycle" computerName="SONAKSHI" duration="00:00:05.0012463" startTime="2025-08-25T22:28:22.7697831+01:00" endTime="2025-08-25T22:28:22.7697834+01:00" testType="13cdc9d9-ddb5-4fa4-a97d-d965ccfc6d4b" outcome="Failed" testListId="8c84fa94-04c1-424b-9868-57a2d4851a1d" relativeResultsDirectory="0689c5f8-5680-4995-aa1a-f90c4aaf6d26">
      <Output>
        <StdOut>Connection attempt to stroll.history failed: The operation has timed out.</StdOut>
        <ErrorInfo>
          <Message>System.IO.IOException : Pipe is broken.</Message>
          <StackTrace>   at System.IO.Pipes.PipeStream.WriteCore(ReadOnlySpan`1 buffer)&#xD;
   at System.IO.Pipes.PipeStream.&lt;&gt;c.&lt;AsyncOverSyncWrite&gt;b__78_0(ValueTuple`2 s)&#xD;
   at System.Threading.AsyncOverSyncWithIoCancellation.InvokeAsync[TState](Action`1 action, TState state, CancellationToken cancellationToken)&#xD;
   at System.Runtime.CompilerServices.PoolingAsyncValueTaskMethodBuilder`1.StateMachineBox`1.System.Threading.Tasks.Sources.IValueTaskSource.GetResult(Int16 token)&#xD;
   at Stroll.History.Integrity.Tests.IpcContractTests.SendIpcRequest(NamedPipeClientStream client, Object request, Int32 timeoutMs) in C:\code\Stroll\Stroll.History\Stroll.History.Integrity.Tests\IpcContractTests.cs:line 438&#xD;
   at Stroll.History.Integrity.Tests.IpcContractTests.IpcConnectionPool_ResourceManagement_MustHandleConnectionLifecycle() in C:\code\Stroll\Stroll.History\Stroll.History.Integrity.Tests\IpcContractTests.cs:line 378&#xD;
--- End of stack trace from previous location ---</StackTrace>
        </ErrorInfo>
      </Output>
    </UnitTestResult>
    <UnitTestResult executionId="2a8257a6-127c-481f-9ef9-33e1c7a9a223" testId="6d82db8f-5e56-2998-5fc5-a4fc1c24ccd8" testName="Stroll.History.Integrity.Tests.DataIntegrityTests.OptionsData_Availability_MustProvideValidChains(symbol: &quot;QQQ&quot;, date: &quot;2024-01-19&quot;, description: &quot;weekly&quot;)" computerName="SONAKSHI" duration="00:00:00.2316344" startTime="2025-08-25T22:27:28.3763761+01:00" endTime="2025-08-25T22:27:28.3763773+01:00" testType="13cdc9d9-ddb5-4fa4-a97d-d965ccfc6d4b" outcome="Passed" testListId="8c84fa94-04c1-424b-9868-57a2d4851a1d" relativeResultsDirectory="2a8257a6-127c-481f-9ef9-33e1c7a9a223" />
    <UnitTestResult executionId="53ce77f3-e097-4fb6-bfcb-b308e73a535f" testId="a97e8704-df43-aa55-d55e-cc7f9f54d62b" testName="Stroll.History.Integrity.Tests.ContractValidationTests.CLI_GetBars_SingleDay_MustMeetPerformanceSLO" computerName="SONAKSHI" duration="00:00:00.1997235" startTime="2025-08-25T22:27:24.8104597+01:00" endTime="2025-08-25T22:27:24.8104601+01:00" testType="13cdc9d9-ddb5-4fa4-a97d-d965ccfc6d4b" outcome="Passed" testListId="8c84fa94-04c1-424b-9868-57a2d4851a1d" relativeResultsDirectory="53ce77f3-e097-4fb6-bfcb-b308e73a535f">
      <Output>
        <StdOut>Command: get-bars --symbol SPY --from 2024-01-15 --to 2024-01-15 --granularity 1d&#xD;
Exit Code: 0&#xD;
Execution Time: 177ms&#xD;
Output: {"schema":"stroll.history.v1","ok":true,"data":{"symbol":"SPY","granularity":"1d","from":"2024-01-15","to":"2024-01-15","bars":[]},"meta":{"count":0,"timestamp":"2025-08-25T21:27:24.756Z"}}&#xD;
&#xD;
No data returned - skipping data quality validation</StdOut>
      </Output>
    </UnitTestResult>
    <UnitTestResult executionId="47cd2386-df2a-43b6-ad8a-1abc7d42f500" testId="dfe6ee38-021d-7fbf-62be-74dc8f7bd624" testName="Stroll.History.Integrity.Tests.DataIntegrityTests.DataCompleteness_TradingDays_MustNotHaveUnexpectedGaps(symbol: &quot;XLE&quot;)" computerName="SONAKSHI" duration="00:00:00.1727852" startTime="2025-08-25T22:27:25.3402874+01:00" endTime="2025-08-25T22:27:25.3402878+01:00" testType="13cdc9d9-ddb5-4fa4-a97d-d965ccfc6d4b" outcome="Passed" testListId="8c84fa94-04c1-424b-9868-57a2d4851a1d" relativeResultsDirectory="47cd2386-df2a-43b6-ad8a-1abc7d42f500">
      <Output>
        <StdOut>XLE Completeness: 21 bars, 0 suspicious gaps</StdOut>
      </Output>
    </UnitTestResult>
    <UnitTestResult executionId="86fe3cb8-5736-4a1f-9080-0bb96f6652dc" testId="24742c7d-d023-969a-bdc2-2d3c3debc16b" testName="Stroll.History.Integrity.Tests.DataIntegrityTests.LongTermData_Availability_MustSpanMultipleYears" computerName="SONAKSHI" duration="00:00:00.0744441" startTime="2025-08-25T22:27:24.6897377+01:00" endTime="2025-08-25T22:27:24.6897516+01:00" testType="13cdc9d9-ddb5-4fa4-a97d-d965ccfc6d4b" outcome="Failed" testListId="8c84fa94-04c1-424b-9868-57a2d4851a1d" relativeResultsDirectory="86fe3cb8-5736-4a1f-9080-0bb96f6652dc">
      <Output>
        <ErrorInfo>
          <Message>Expected result.ExitCode to be 0 because Long-term data request should succeed, but found -1 (difference of -1).</Message>
          <StackTrace>   at FluentAssertions.Execution.XUnit2TestFramework.Throw(String message)&#xD;
   at FluentAssertions.Execution.TestFrameworkProvider.Throw(String message)&#xD;
   at FluentAssertions.Execution.DefaultAssertionStrategy.HandleFailure(String message)&#xD;
   at FluentAssertions.Execution.AssertionScope.FailWith(Func`1 failReasonFunc)&#xD;
   at FluentAssertions.Execution.AssertionScope.FailWith(Func`1 failReasonFunc)&#xD;
   at FluentAssertions.Execution.AssertionScope.FailWith(String message, Object[] args)&#xD;
   at FluentAssertions.Numeric.NumericAssertions`2.Be(T expected, String because, Object[] becauseArgs)&#xD;
   at Stroll.History.Integrity.Tests.DataIntegrityTests.LongTermData_Availability_MustSpanMultipleYears() in C:\code\Stroll\Stroll.History\Stroll.History.Integrity.Tests\DataIntegrityTests.cs:line 330&#xD;
--- End of stack trace from previous location ---</StackTrace>
        </ErrorInfo>
      </Output>
    </UnitTestResult>
    <UnitTestResult executionId="758f9c73-c761-4c33-b17c-94cf0c04a1b7" testId="9abd53b2-101b-f815-e8cf-0804376ff000" testName="Stroll.History.Integrity.Tests.DataIntegrityTests.OilEnergyData_Availability_MustBeAccessible(symbol: &quot;OIH&quot;)" computerName="SONAKSHI" duration="00:00:00.0545149" startTime="2025-08-25T22:27:26.3108210+01:00" endTime="2025-08-25T22:27:26.3108211+01:00" testType="13cdc9d9-ddb5-4fa4-a97d-d965ccfc6d4b" outcome="Failed" testListId="8c84fa94-04c1-424b-9868-57a2d4851a1d" relativeResultsDirectory="758f9c73-c761-4c33-b17c-94cf0c04a1b7">
      <Output>
        <StdOut>Oil/Energy symbol OIH not available: Exit=-1, Output=</StdOut>
        <ErrorInfo>
          <Message>Expected result.ExitCode to be one of {0, 3} because OIH should either succeed (0) or report no data (3), not fail completely, but found -1.</Message>
          <StackTrace>   at FluentAssertions.Execution.XUnit2TestFramework.Throw(String message)&#xD;
   at FluentAssertions.Execution.TestFrameworkProvider.Throw(String message)&#xD;
   at FluentAssertions.Execution.DefaultAssertionStrategy.HandleFailure(String message)&#xD;
   at FluentAssertions.Execution.AssertionScope.FailWith(Func`1 failReasonFunc)&#xD;
   at FluentAssertions.Execution.AssertionScope.FailWith(Func`1 failReasonFunc)&#xD;
   at FluentAssertions.Execution.AssertionScope.FailWith(String message, Object[] args)&#xD;
   at FluentAssertions.Numeric.NumericAssertions`2.BeOneOf(IEnumerable`1 validValues, String because, Object[] becauseArgs)&#xD;
   at Stroll.History.Integrity.Tests.DataIntegrityTests.OilEnergyData_Availability_MustBeAccessible(String symbol) in C:\code\Stroll\Stroll.History\Stroll.History.Integrity.Tests\DataIntegrityTests.cs:line 198&#xD;
--- End of stack trace from previous location ---</StackTrace>
        </ErrorInfo>
      </Output>
    </UnitTestResult>
    <UnitTestResult executionId="96fe0ec0-d3c1-45b7-86fa-b5315adb0a1b" testId="070eb660-3594-4f33-e767-639f4867d099" testName="Stroll.History.Integrity.Tests.PerformanceRegressionTests.MemoryUsage_UnderLoad_MustNotExceedLimits" computerName="SONAKSHI" duration="00:00:06.4472199" startTime="2025-08-25T22:27:32.8098462+01:00" endTime="2025-08-25T22:27:32.8098465+01:00" testType="13cdc9d9-ddb5-4fa4-a97d-d965ccfc6d4b" outcome="Failed" testListId="8c84fa94-04c1-424b-9868-57a2d4851a1d" relativeResultsDirectory="96fe0ec0-d3c1-45b7-86fa-b5315adb0a1b">
      <Output>
        <ErrorInfo>
          <Message>System.InvalidOperationException : Sequence contains no elements</Message>
          <StackTrace>   at System.Linq.ThrowHelper.ThrowNoElementsException()&#xD;
   at System.Linq.Enumerable.MinMaxInteger[T,TMinMax](IEnumerable`1 source)&#xD;
   at Stroll.History.Integrity.Tests.PerformanceRegressionTests.MemoryUsage_UnderLoad_MustNotExceedLimits() in C:\code\Stroll\Stroll.History\Stroll.History.Integrity.Tests\PerformanceRegressionTests.cs:line 301&#xD;
--- End of stack trace from previous location ---</StackTrace>
        </ErrorInfo>
      </Output>
    </UnitTestResult>
    <UnitTestResult executionId="2d1c437e-3947-4868-9f84-d8017c75c421" testId="eee663c9-7edd-c938-7bf2-4a34517b3c51" testName="Stroll.History.Integrity.Tests.DataIntegrityTests.DataQuality_OHLCV_MustSatisfyFinancialInvariants(symbol: &quot;QQQ&quot;)" computerName="SONAKSHI" duration="00:00:00.1806603" startTime="2025-08-25T22:27:25.6940577+01:00" endTime="2025-08-25T22:27:25.6940582+01:00" testType="13cdc9d9-ddb5-4fa4-a97d-d965ccfc6d4b" outcome="Passed" testListId="8c84fa94-04c1-424b-9868-57a2d4851a1d" relativeResultsDirectory="2d1c437e-3947-4868-9f84-d8017c75c421">
      <Output>
        <StdOut>Invalid timestamp format in bar data: &#xD;
Invalid timestamp format in bar data: &#xD;
Invalid timestamp format in bar data: &#xD;
Invalid timestamp format in bar data: &#xD;
Invalid timestamp format in bar data: &#xD;
Invalid timestamp format in bar data: &#xD;
Invalid timestamp format in bar data: &#xD;
Invalid timestamp format in bar data: &#xD;
Invalid timestamp format in bar data: &#xD;
Invalid timestamp format in bar data: &#xD;
Invalid timestamp format in bar data: &#xD;
Invalid timestamp format in bar data: &#xD;
Invalid timestamp format in bar data: &#xD;
Invalid timestamp format in bar data: &#xD;
Invalid timestamp format in bar data: &#xD;
Invalid timestamp format in bar data: &#xD;
Invalid timestamp format in bar data: &#xD;
Invalid timestamp format in bar data: &#xD;
Invalid timestamp format in bar data: &#xD;
Invalid timestamp format in bar data: &#xD;
Invalid timestamp format in bar data: &#xD;
QQQ Data Quality: 21 bars, 0 violations, Score: 100.00%</StdOut>
      </Output>
    </UnitTestResult>
    <UnitTestResult executionId="6b7e22c6-71e7-4a5b-9188-fdb6c8912cc6" testId="d1046a89-ce94-3c20-cf55-15cedf399078" testName="Stroll.History.Integrity.Tests.ProcessLifecycleTests.ConcurrentConnections_MustHandleMultipleClients" computerName="SONAKSHI" duration="00:00:00.3255706" startTime="2025-08-25T22:27:37.3621324+01:00" endTime="2025-08-25T22:27:37.3621335+01:00" testType="13cdc9d9-ddb5-4fa4-a97d-d965ccfc6d4b" outcome="Failed" testListId="8c84fa94-04c1-424b-9868-57a2d4851a1d" relativeResultsDirectory="6b7e22c6-71e7-4a5b-9188-fdb6c8912cc6">
      <Output>
        <StdOut>Client 0: -1, 30ms&#xD;
Client 1: -1, 32ms&#xD;
Client 5: -1, 35ms&#xD;
Client 6: 0, 154ms&#xD;
Client 3: 0, 154ms&#xD;
Client 7: 0, 154ms&#xD;
Client 4: 0, 322ms&#xD;
Client 2: 0, 322ms</StdOut>
        <ErrorInfo>
          <Message>Expected successCount to be 8 because All concurrent requests must succeed, but found 5.</Message>
          <StackTrace>   at FluentAssertions.Execution.XUnit2TestFramework.Throw(String message)&#xD;
   at FluentAssertions.Execution.TestFrameworkProvider.Throw(String message)&#xD;
   at FluentAssertions.Execution.DefaultAssertionStrategy.HandleFailure(String message)&#xD;
   at FluentAssertions.Execution.AssertionScope.FailWith(Func`1 failReasonFunc)&#xD;
   at FluentAssertions.Numeric.NumericAssertions`2.Be(T expected, String because, Object[] becauseArgs)&#xD;
   at Stroll.History.Integrity.Tests.ProcessLifecycleTests.ConcurrentConnections_MustHandleMultipleClients() in C:\code\Stroll\Stroll.History\Stroll.History.Integrity.Tests\ProcessLifecycleTests.cs:line 244&#xD;
--- End of stack trace from previous location ---</StackTrace>
        </ErrorInfo>
      </Output>
    </UnitTestResult>
    <UnitTestResult executionId="811676f0-8296-492b-83c4-f2a3669da9ff" testId="67affca7-d2a3-f2c9-5a36-dcf803e169a1" testName="Stroll.History.Integrity.Tests.ProcessLifecycleTests.ResourceLimits_UnderNormalLoad_MustNotExceedLimits" computerName="SONAKSHI" duration="00:00:07.7841830" startTime="2025-08-25T22:27:58.6343549+01:00" endTime="2025-08-25T22:27:58.6343552+01:00" testType="13cdc9d9-ddb5-4fa4-a97d-d965ccfc6d4b" outcome="Failed" testListId="8c84fa94-04c1-424b-9868-57a2d4851a1d" relativeResultsDirectory="811676f0-8296-492b-83c4-f2a3669da9ff">
      <Output>
        <ErrorInfo>
          <Message>System.InvalidOperationException : Sequence contains no elements</Message>
          <StackTrace>   at System.Linq.ThrowHelper.ThrowNoElementsException()&#xD;
   at System.Linq.Enumerable.Average[TSource,TAccumulator,TResult](IEnumerable`1 source)&#xD;
   at Stroll.History.Integrity.Tests.ProcessLifecycleTests.ResourceLimits_UnderNormalLoad_MustNotExceedLimits() in C:\code\Stroll\Stroll.History\Stroll.History.Integrity.Tests\ProcessLifecycleTests.cs:line 176&#xD;
--- End of stack trace from previous location ---</StackTrace>
        </ErrorInfo>
      </Output>
    </UnitTestResult>
    <UnitTestResult executionId="d42bdce8-8a29-4ea9-ad1f-315297647886" testId="498b763e-7b76-0e04-e368-31cf9aced6ba" testName="Stroll.History.Integrity.Tests.ProcessLifecycleTests.ForceKill_MustCleanupResources" computerName="SONAKSHI" duration="00:00:00.0213737" startTime="2025-08-25T22:27:58.6555377+01:00" endTime="2025-08-25T22:27:58.6555395+01:00" testType="13cdc9d9-ddb5-4fa4-a97d-d965ccfc6d4b" outcome="Passed" testListId="8c84fa94-04c1-424b-9868-57a2d4851a1d" relativeResultsDirectory="d42bdce8-8a29-4ea9-ad1f-315297647886">
      <Output>
        <StdOut>Process 18068 terminated and cleaned up successfully</StdOut>
      </Output>
    </UnitTestResult>
    <UnitTestResult executionId="8830cca1-7b23-4976-9865-70cfc0e08bf0" testId="130227d6-949f-cd4f-6bff-8d4961f0ee9a" testName="Stroll.History.Integrity.Tests.ContractValidationTests.CLI_GetOptions_MustMeetPerformanceAndQualitySLO(date: &quot;2024-01-31&quot;, description: &quot;monthly expiry&quot;)" computerName="SONAKSHI" duration="00:00:00.1986980" startTime="2025-08-25T22:27:26.2709147+01:00" endTime="2025-08-25T22:27:26.2709151+01:00" testType="13cdc9d9-ddb5-4fa4-a97d-d965ccfc6d4b" outcome="Passed" testListId="8c84fa94-04c1-424b-9868-57a2d4851a1d" relativeResultsDirectory="8830cca1-7b23-4976-9865-70cfc0e08bf0">
      <Output>
        <StdOut>Command: get-options --symbol SPY --date 2024-01-31&#xD;
Exit Code: 0&#xD;
Execution Time: 197ms&#xD;
Output: {"schema":"stroll.history.v1","ok":true,"data":{"symbol":"SPY","expiry":"2024-01-31","chain":[]},"meta":{"count":0,"timestamp":"2025-08-25T21:27:26.216Z"}}&#xD;
&#xD;
No options data returned - skipping data quality validation</StdOut>
      </Output>
    </UnitTestResult>
    <UnitTestResult executionId="3f657e9e-66ed-494c-ba1b-b45b35582f1e" testId="f7a3ab53-c7e7-2087-a390-a9470fdf08f5" testName="Stroll.History.Integrity.Tests.ContractValidationTests.CLI_GetBars_MonthlyRange_MustMeetPerformanceSLO" computerName="SONAKSHI" duration="00:00:00.1776729" startTime="2025-08-25T22:27:25.6933128+01:00" endTime="2025-08-25T22:27:25.6933131+01:00" testType="13cdc9d9-ddb5-4fa4-a97d-d965ccfc6d4b" outcome="Passed" testListId="8c84fa94-04c1-424b-9868-57a2d4851a1d" relativeResultsDirectory="3f657e9e-66ed-494c-ba1b-b45b35582f1e">
      <Output>
        <StdOut>Command: get-bars --symbol SPY --from 2024-01-01 --to 2024-01-31 --granularity 1d&#xD;
Exit Code: 0&#xD;
Execution Time: 176ms&#xD;
Output: {"schema":"stroll.history.v1","ok":true,"data":{"symbol":"SPY","granularity":"1d","from":"2024-01-01","to":"2024-01-31","bars":[{"t":"","o":464.783,"h":466.27,"l":463.14,"c":465.266,"v":124960111,"symbol":"SPY","g":"1d"},{"t":"","o":463.08,"h":463.829,"l":460.856,"c":461.466,"v":105229929,"symbol":"SPY","g":"1d"},{"t":"","o":460.984,"h":463.601,"l":459.752,"c":459.98,"v":85569059,"symbol":"SPY","g":"1d"},{"t":"","o":460.186,"h":463.09,"l":459.142,"c":460.61,"v":87485749,"symbol":"SPY","g":"1d"},{"t":"","o":461.111,"h":467.334,"l":460.984,"c":467.185,"v":76067517,"symbol":"SPY","g":"1d"},{"t":"","o":464.497,"h":467.509,"l":463.986,"c":466.476,"v":66977869,"symbol":"SPY","g":"1d"},{"t":"","o":466.752,"h":469.989,"l":466.466,"c":469.114,"v":68378960,"symbol":"SPY","g":"1d"},{"t":"","o":470.128,"h":470.651,"l":464.881,"c":468.908,"v":79177759,"symbol":"SPY","g":"1d"},{"t":"","o":470.373,"h":471.123,"l":467.805,"c":469.233,"v":58947386,"symbol":"SPY","g":"1d"},{"t":"","o":467.834,"h":469.164,"l":465.669,"c":467.509,"v":86364183,"symbol":"SPY","g":"1d"},{"t":"","o":464.448,"h":465.403,"l":462.53,"c":464.911,"v":69936526,"symbol":"SPY","g":"1d"},{"t":"","o":466.604,"h":469.607,"l":465.039,"c":469.045,"v":93314144,"symbol":"SPY","g":"1d"},{"t":"","o":470.188,"h":475.178,"l":469.091,"c":474.892,"v":112593592,"symbol":"SPY","g":"1d"},{"t":"","o":476.448,"h":477.639,"l":475.237,"c":475.897,"v":77048703,"symbol":"SPY","g":"1d"},{"t":"","o":476.448,"h":477.525,"l":475.345,"c":477.285,"v":50738003,"symbol":"SPY","g":"1d"},{"t":"","o":480.188,"h":481.133,"l":477.307,"c":477.806,"v":83062772,"symbol":"SPY","g":"1d"},{"t":"","o":479.958,"h":480.677,"l":477.806,"c":480.404,"v":73676069,"symbol":"SPY","g":"1d"},{"t":"","o":479.973,"h":481.478,"l":478.939,"c":479.794,"v":77858026,"symbol":"SPY","g":"1d"},{"t":"","o":480.109,"h":483.737,"l":479.558,"c":483.595,"v":62296035,"symbol":"SPY","g":"1d"},{"t":"","o":482.896,"h":483.94,"l":482.453,"c":483.221,"v":59548747,"symbol":"SPY","g":"1d"},{"t":"","o":480.987,"h":481.439,"l":475.316,"c":475.335,"v":128011046,"symbol":"SPY","g":"1d"}]},"meta":{"count":21,"timestamp":"2025-08-25T21:27:25.661Z"}}</StdOut>
      </Output>
    </UnitTestResult>
    <UnitTestResult executionId="0789f5db-c517-474a-81ba-f1ab026b7987" testId="34d94d2d-122b-5143-8b16-e37fc2f5b7f3" testName="Stroll.History.Integrity.Tests.ContractValidationTests.CLI_Discover_MustReturnValidContractSchema" computerName="SONAKSHI" duration="00:00:00.1710287" startTime="2025-08-25T22:27:24.9824068+01:00" endTime="2025-08-25T22:27:24.9824071+01:00" testType="13cdc9d9-ddb5-4fa4-a97d-d965ccfc6d4b" outcome="Passed" testListId="8c84fa94-04c1-424b-9868-57a2d4851a1d" relativeResultsDirectory="0789f5db-c517-474a-81ba-f1ab026b7987">
      <Output>
        <StdOut>Command: discover&#xD;
Exit Code: 0&#xD;
Execution Time: 166ms&#xD;
Output: {"schema":"stroll.history.v1","ok":true,"data":{"service":"stroll.history","version":"1.0.0","env":[{"name":"STROLL_DATA","desc":"dataset root override","required":false}],"commands":[{"name":"version","args":[]},{"name":"discover","args":[]},{"name":"list-datasets","args":[]},{"name":"get-bars","args":[{"name":"symbol","required":true},{"name":"from","required":true,"type":"yyyy-MM-dd"},{"name":"to","required":true,"type":"yyyy-MM-dd"},{"name":"granularity","required":false,"default":"1m","oneOf":["1m","5m","1d"]},{"name":"format","required":false,"default":"json","oneOf":["json","jsonl"]}]},{"name":"get-options","args":[{"name":"symbol","required":true},{"name":"date","required":true,"type":"yyyy-MM-dd"}]},{"name":"acquire-data","args":[{"name":"symbol","required":true},{"name":"from","required":true,"type":"yyyy-MM-dd"},{"name":"to","required":true,"type":"yyyy-MM-dd"},{"name":"interval","required":false,"default":"1d","oneOf":["1d","1h","30m","15m","5m","1m"]},{"name":"output","required":false,"default":"./data"}]},{"name":"provider-status","args":[{"name":"output","required":false,"default":"./data"}]}]}}</StdOut>
      </Output>
    </UnitTestResult>
    <UnitTestResult executionId="4264e7dc-1f55-4a3a-81af-569478182c81" testId="345169e6-3dc3-afa2-a0a8-9fb2f1d400d2" testName="Stroll.History.Integrity.Tests.ProcessLifecycleTests.ProcessSpawn_Overhead_MustMeetPerformanceSLO" computerName="SONAKSHI" duration="00:00:02.4997094" startTime="2025-08-25T22:27:37.0351397+01:00" endTime="2025-08-25T22:27:37.0351399+01:00" testType="13cdc9d9-ddb5-4fa4-a97d-d965ccfc6d4b" outcome="Passed" testListId="8c84fa94-04c1-424b-9868-57a2d4851a1d" relativeResultsDirectory="4264e7dc-1f55-4a3a-81af-569478182c81">
      <Output>
        <StdOut>Process Spawn: P50=127ms, P95=154ms</StdOut>
      </Output>
    </UnitTestResult>
    <UnitTestResult executionId="1a242693-b05b-40ba-88b2-8c19e54dfce0" testId="a3cc2a23-de32-b194-4da8-ac2edc918fbd" testName="Stroll.History.Integrity.Tests.PerformanceRegressionTests.ColdStart_Performance_MustMeetBootstrapSLO" computerName="SONAKSHI" duration="00:00:05.7261022" startTime="2025-08-25T22:27:38.5357581+01:00" endTime="2025-08-25T22:27:38.5357583+01:00" testType="13cdc9d9-ddb5-4fa4-a97d-d965ccfc6d4b" outcome="Passed" testListId="8c84fa94-04c1-424b-9868-57a2d4851a1d" relativeResultsDirectory="1a242693-b05b-40ba-88b2-8c19e54dfce0">
      <Output>
        <StdOut>Cold Start Performance: Avg=132.6ms, Max=146ms</StdOut>
      </Output>
    </UnitTestResult>
    <UnitTestResult executionId="405bb0ae-fe0f-4d14-90c6-9405ccc8b9c2" testId="968fccda-0f7b-3d4a-0c3e-3ba8f27712a1" testName="Stroll.History.Integrity.Tests.ContractValidationTests.CLI_Version_MustReturnValidVersionSchema" computerName="SONAKSHI" duration="00:00:00.1364631" startTime="2025-08-25T22:27:25.1192047+01:00" endTime="2025-08-25T22:27:25.1192052+01:00" testType="13cdc9d9-ddb5-4fa4-a97d-d965ccfc6d4b" outcome="Passed" testListId="8c84fa94-04c1-424b-9868-57a2d4851a1d" relativeResultsDirectory="405bb0ae-fe0f-4d14-90c6-9405ccc8b9c2">
      <Output>
        <StdOut>Command: version&#xD;
Exit Code: 0&#xD;
Execution Time: 134ms&#xD;
Output: {"schema":"stroll.history.v1","ok":true,"data":{"service":"stroll.history","version":"1.0.0"}}</StdOut>
      </Output>
    </UnitTestResult>
    <UnitTestResult executionId="b7734546-1c2e-40db-9b91-c6b34ee1ba77" testId="f0453f9e-8f1b-6bc5-2f7d-f889f91dca59" testName="Stroll.History.Integrity.Tests.ContractValidationTests.CLI_ProviderStatus_MustReturnHealthInformation" computerName="SONAKSHI" duration="00:00:00.3948127" startTime="2025-08-25T22:27:25.5173888+01:00" endTime="2025-08-25T22:27:25.5173890+01:00" testType="13cdc9d9-ddb5-4fa4-a97d-d965ccfc6d4b" outcome="Failed" testListId="8c84fa94-04c1-424b-9868-57a2d4851a1d" relativeResultsDirectory="b7734546-1c2e-40db-9b91-c6b34ee1ba77">
      <Output>
        <StdOut>Command: provider-status&#xD;
Exit Code: 0&#xD;
Execution Time: 392ms&#xD;
Output: info: Stroll.Historical.DataAcquisitionEngine[0]&#xD;
      Added Local Historical Data provider&#xD;
info: Stroll.Historical.DataAcquisitionEngine[0]&#xD;
      Added Yahoo Finance provider&#xD;
?? Data Provider Status:&#xD;
&#xD;
? ?? Local Historical Data (Priority: 0)&#xD;
   Available: True&#xD;
   Healthy: False&#xD;
   Response Time: 3ms&#xD;
   Rate Limit: 2147483647/2147483647 per minute&#xD;
&#xD;
? ?? Yahoo Finance (Priority: 1)&#xD;
   Available: True&#xD;
   Healthy: False&#xD;
   Response Time: 216ms&#xD;
   Rate Limit: 30/30 per minute</StdOut>
        <ErrorInfo>
          <Message>System.Text.Json.JsonException : 'i' is an invalid start of a value. Path: $ | LineNumber: 0 | BytePositionInLine: 0.&#xD;
---- System.Text.Json.JsonReaderException : 'i' is an invalid start of a value. LineNumber: 0 | BytePositionInLine: 0.</Message>
          <StackTrace>   at System.Text.Json.ThrowHelper.ReThrowWithPath(ReadStack&amp; state, JsonReaderException ex)&#xD;
   at System.Text.Json.Serialization.JsonConverter`1.ReadCore(Utf8JsonReader&amp; reader, T&amp; value, JsonSerializerOptions options, ReadStack&amp; state)&#xD;
   at System.Text.Json.Serialization.Metadata.JsonTypeInfo`1.Deserialize(Utf8JsonReader&amp; reader, ReadStack&amp; state)&#xD;
   at System.Text.Json.JsonSerializer.ReadFromSpan[TValue](ReadOnlySpan`1 utf8Json, JsonTypeInfo`1 jsonTypeInfo, Nullable`1 actualByteCount)&#xD;
   at System.Text.Json.JsonSerializer.ReadFromSpan[TValue](ReadOnlySpan`1 json, JsonTypeInfo`1 jsonTypeInfo)&#xD;
   at System.Text.Json.JsonSerializer.Deserialize[TValue](String json, JsonSerializerOptions options)&#xD;
   at Stroll.History.Integrity.Tests.ContractValidationTests.CLI_ProviderStatus_MustReturnHealthInformation() in C:\code\Stroll\Stroll.History\Stroll.History.Integrity.Tests\ContractValidationTests.cs:line 201&#xD;
--- End of stack trace from previous location ---&#xD;
----- Inner Stack Trace -----&#xD;
   at System.Text.Json.ThrowHelper.ThrowJsonReaderException(Utf8JsonReader&amp; json, ExceptionResource resource, Byte nextByte, ReadOnlySpan`1 bytes)&#xD;
   at System.Text.Json.Utf8JsonReader.ConsumeValue(Byte marker)&#xD;
   at System.Text.Json.Utf8JsonReader.ReadFirstToken(Byte first)&#xD;
   at System.Text.Json.Utf8JsonReader.ReadSingleSegment()&#xD;
   at System.Text.Json.Utf8JsonReader.Read()&#xD;
   at System.Text.Json.Serialization.JsonConverter`1.ReadCore(Utf8JsonReader&amp; reader, T&amp; value, JsonSerializerOptions options, ReadStack&amp; state)</StackTrace>
        </ErrorInfo>
      </Output>
    </UnitTestResult>
    <UnitTestResult executionId="1247e5d4-5cc8-40a8-baaf-24ec2b163ea0" testId="d50dac0e-a7de-09cc-da1c-bc348c29be5f" testName="Stroll.History.Integrity.Tests.DataIntegrityTests.OilEnergyData_Availability_MustBeAccessible(symbol: &quot;XOP&quot;)" computerName="SONAKSHI" duration="00:00:00.1828905" startTime="2025-08-25T22:27:26.2554054+01:00" endTime="2025-08-25T22:27:26.2554060+01:00" testType="13cdc9d9-ddb5-4fa4-a97d-d965ccfc6d4b" outcome="Passed" testListId="8c84fa94-04c1-424b-9868-57a2d4851a1d" relativeResultsDirectory="1247e5d4-5cc8-40a8-baaf-24ec2b163ea0" />
    <UnitTestResult executionId="a6e9d3c7-def6-40dd-aa97-10319532cee1" testId="77a4f4e8-bb0c-c2d6-caf9-3aaae7127b49" testName="Stroll.History.Integrity.Tests.DataIntegrityTests.OilEnergyData_Availability_MustBeAccessible(symbol: &quot;USO&quot;)" computerName="SONAKSHI" duration="00:00:00.2021208" startTime="2025-08-25T22:27:27.5404704+01:00" endTime="2025-08-25T22:27:27.5404709+01:00" testType="13cdc9d9-ddb5-4fa4-a97d-d965ccfc6d4b" outcome="Passed" testListId="8c84fa94-04c1-424b-9868-57a2d4851a1d" relativeResultsDirectory="a6e9d3c7-def6-40dd-aa97-10319532cee1" />
    <UnitTestResult executionId="4b582159-f8c7-4f7f-8b2a-4fb484e8312a" testId="d5b7c5d1-908c-90c4-0c53-379ba6ea3959" testName="Stroll.History.Integrity.Tests.DataIntegrityTests.OilEnergyData_Availability_MustBeAccessible(symbol: &quot;ERX&quot;)" computerName="SONAKSHI" duration="00:00:00.1811031" startTime="2025-08-25T22:27:27.7219633+01:00" endTime="2025-08-25T22:27:27.7219638+01:00" testType="13cdc9d9-ddb5-4fa4-a97d-d965ccfc6d4b" outcome="Passed" testListId="8c84fa94-04c1-424b-9868-57a2d4851a1d" relativeResultsDirectory="4b582159-f8c7-4f7f-8b2a-4fb484e8312a" />
    <UnitTestResult executionId="7c1ed289-e6b9-4084-bbcd-2ee8ca09ed3f" testId="b0cb56fa-2d51-d0d1-ff37-a047257de28f" testName="Stroll.History.Integrity.Tests.ProcessLifecycleTests.InitializationOrder_MustCompleteBeforeAcceptingRequests" computerName="SONAKSHI" duration="00:00:01.6205550" startTime="2025-08-25T22:27:26.2292018+01:00" endTime="2025-08-25T22:27:26.2292023+01:00" testType="13cdc9d9-ddb5-4fa4-a97d-d965ccfc6d4b" outcome="Passed" testListId="8c84fa94-04c1-424b-9868-57a2d4851a1d" relativeResultsDirectory="7c1ed289-e6b9-4084-bbcd-2ee8ca09ed3f">
      <Output>
        <StdOut>Initialization: All requests succeeded, Avg latency=163.0ms</StdOut>
      </Output>
    </UnitTestResult>
    <UnitTestResult executionId="0fa7f5f6-71d1-4811-9f14-07da9b1c9b51" testId="ab2b2a05-ed37-b373-0697-8aa7b21d8d5d" testName="Stroll.History.Integrity.Tests.PerformanceRegressionTests.PerformanceBaseline_GetBarsCommands_MustMaintainSLO(symbol: &quot;SPY&quot;, from: &quot;2024-01-01&quot;, to: &quot;2024-01-07&quot;, granularity: &quot;1d&quot;, scenario: &quot;single_week&quot;)" computerName="SONAKSHI" duration="00:00:00.0194257" startTime="2025-08-25T22:27:26.3276088+01:00" endTime="2025-08-25T22:27:26.3276097+01:00" testType="13cdc9d9-ddb5-4fa4-a97d-d965ccfc6d4b" outcome="Failed" testListId="8c84fa94-04c1-424b-9868-57a2d4851a1d" relativeResultsDirectory="0fa7f5f6-71d1-4811-9f14-07da9b1c9b51">
      <Output>
        <ErrorInfo>
          <Message>Expected result.ExitCode to be 0 because get-bars single_week must succeed, but found -1 (difference of -1).</Message>
          <StackTrace>   at FluentAssertions.Execution.XUnit2TestFramework.Throw(String message)&#xD;
   at FluentAssertions.Execution.TestFrameworkProvider.Throw(String message)&#xD;
   at FluentAssertions.Execution.DefaultAssertionStrategy.HandleFailure(String message)&#xD;
   at FluentAssertions.Execution.AssertionScope.FailWith(Func`1 failReasonFunc)&#xD;
   at FluentAssertions.Execution.AssertionScope.FailWith(Func`1 failReasonFunc)&#xD;
   at FluentAssertions.Execution.AssertionScope.FailWith(String message, Object[] args)&#xD;
   at FluentAssertions.Numeric.NumericAssertions`2.Be(T expected, String because, Object[] becauseArgs)&#xD;
   at Stroll.History.Integrity.Tests.PerformanceRegressionTests.PerformanceBaseline_GetBarsCommands_MustMaintainSLO(String symbol, String from, String to, String granularity, String scenario) in C:\code\Stroll\Stroll.History\Stroll.History.Integrity.Tests\PerformanceRegressionTests.cs:line 125&#xD;
--- End of stack trace from previous location ---</StackTrace>
        </ErrorInfo>
      </Output>
    </UnitTestResult>
    <UnitTestResult executionId="7db0c388-e408-470d-99d4-f2d3029224da" testId="547563c8-101e-3ed7-b3d3-ffeb50de455a" testName="Stroll.History.Integrity.Tests.DataIntegrityTests.OilEnergyData_Availability_MustBeAccessible(symbol: &quot;OILY&quot;)" computerName="SONAKSHI" duration="00:00:00.1616898" startTime="2025-08-25T22:27:27.3380432+01:00" endTime="2025-08-25T22:27:27.3380437+01:00" testType="13cdc9d9-ddb5-4fa4-a97d-d965ccfc6d4b" outcome="Passed" testListId="8c84fa94-04c1-424b-9868-57a2d4851a1d" relativeResultsDirectory="7db0c388-e408-470d-99d4-f2d3029224da" />
    <UnitTestResult executionId="bd92ce68-9323-4d11-b8b5-65671b59f3e6" testId="45ddda53-a0bf-e237-e92e-8d2bacc11893" testName="Stroll.History.Integrity.Tests.DataIntegrityTests.OilEnergyData_Availability_MustBeAccessible(symbol: &quot;BOIL&quot;)" computerName="SONAKSHI" duration="00:00:00.0241212" startTime="2025-08-25T22:27:26.3399689+01:00" endTime="2025-08-25T22:27:26.3399692+01:00" testType="13cdc9d9-ddb5-4fa4-a97d-d965ccfc6d4b" outcome="Failed" testListId="8c84fa94-04c1-424b-9868-57a2d4851a1d" relativeResultsDirectory="bd92ce68-9323-4d11-b8b5-65671b59f3e6">
      <Output>
        <StdOut>Oil/Energy symbol BOIL not available: Exit=-1, Output=</StdOut>
        <ErrorInfo>
          <Message>Expected result.ExitCode to be one of {0, 3} because BOIL should either succeed (0) or report no data (3), not fail completely, but found -1.</Message>
          <StackTrace>   at FluentAssertions.Execution.XUnit2TestFramework.Throw(String message)&#xD;
   at FluentAssertions.Execution.TestFrameworkProvider.Throw(String message)&#xD;
   at FluentAssertions.Execution.DefaultAssertionStrategy.HandleFailure(String message)&#xD;
   at FluentAssertions.Execution.AssertionScope.FailWith(Func`1 failReasonFunc)&#xD;
   at FluentAssertions.Execution.AssertionScope.FailWith(Func`1 failReasonFunc)&#xD;
   at FluentAssertions.Execution.AssertionScope.FailWith(String message, Object[] args)&#xD;
   at FluentAssertions.Numeric.NumericAssertions`2.BeOneOf(IEnumerable`1 validValues, String because, Object[] becauseArgs)&#xD;
   at Stroll.History.Integrity.Tests.DataIntegrityTests.OilEnergyData_Availability_MustBeAccessible(String symbol) in C:\code\Stroll\Stroll.History\Stroll.History.Integrity.Tests\DataIntegrityTests.cs:line 198&#xD;
--- End of stack trace from previous location ---</StackTrace>
        </ErrorInfo>
      </Output>
    </UnitTestResult>
    <UnitTestResult executionId="6c04db9e-77ff-4f00-8024-653397d8ad78" testId="b82280b4-dbf6-d42b-a3fb-284005534d07" testName="Stroll.History.Integrity.Tests.IpcContractTests.IpcConcurrency_MultipleClients_MustHandleSimultaneousConnections" computerName="SONAKSHI" duration="00:00:10.4918514" startTime="2025-08-25T22:28:33.2629162+01:00" endTime="2025-08-25T22:28:33.2629165+01:00" testType="13cdc9d9-ddb5-4fa4-a97d-d965ccfc6d4b" outcome="Failed" testListId="8c84fa94-04c1-424b-9868-57a2d4851a1d" relativeResultsDirectory="6c04db9e-77ff-4f00-8024-653397d8ad78">
      <Output>
        <StdOut>Connection attempt to stroll.history failed: The operation has timed out.&#xD;
Client connection failed: Pipe is broken.&#xD;
Connection attempt to stroll.history failed: The operation has timed out.&#xD;
Client connection failed: Pipe is broken.&#xD;
Connection attempt to stroll.history failed: The operation has timed out.&#xD;
Client connection failed: Pipe is broken.&#xD;
Connection attempt to stroll.history failed: The operation has timed out.&#xD;
Client connection failed: Pipe is broken.&#xD;
Connection attempt to stroll.history failed: The operation has timed out.&#xD;
Client connection failed: Pipe is broken.&#xD;
Connection attempt to stroll.history failed: The operation has timed out.&#xD;
Connection attempt to stroll.history failed: The operation has timed out.&#xD;
Client connection failed: Pipe is broken.&#xD;
Client connection failed: Pipe is broken.&#xD;
Connection attempt to stroll.history failed: The operation has timed out.&#xD;
Client connection failed: Pipe is broken.</StdOut>
        <ErrorInfo>
          <Message>System.InvalidOperationException : Sequence contains no elements</Message>
          <StackTrace>   at System.Linq.ThrowHelper.ThrowNoElementsException()&#xD;
   at System.Linq.Enumerable.Average[TSource,TSelector,TAccumulator,TResult](IEnumerable`1 source, Func`2 selector)&#xD;
   at System.Linq.Enumerable.Average[TSource](IEnumerable`1 source, Func`2 selector)&#xD;
   at Stroll.History.Integrity.Tests.IpcContractTests.IpcConcurrency_MultipleClients_MustHandleSimultaneousConnections() in C:\code\Stroll\Stroll.History\Stroll.History.Integrity.Tests\IpcContractTests.cs:line 232&#xD;
--- End of stack trace from previous location ---</StackTrace>
        </ErrorInfo>
      </Output>
    </UnitTestResult>
    <UnitTestResult executionId="d5fbe9b4-7f13-48a2-bb33-4a299fecd942" testId="73faff17-d744-8883-57fa-d6a3005947d4" testName="Stroll.History.Integrity.Tests.DataIntegrityTests.OilEnergyData_Availability_MustBeAccessible(symbol: &quot;DRIP&quot;)" computerName="SONAKSHI" duration="00:00:00.1464851" startTime="2025-08-25T22:27:26.6990037+01:00" endTime="2025-08-25T22:27:26.6990042+01:00" testType="13cdc9d9-ddb5-4fa4-a97d-d965ccfc6d4b" outcome="Passed" testListId="8c84fa94-04c1-424b-9868-57a2d4851a1d" relativeResultsDirectory="d5fbe9b4-7f13-48a2-bb33-4a299fecd942" />
    <UnitTestResult executionId="86028361-ac45-4107-9497-ec50fd84e844" testId="f12d43d6-09ca-94cc-3081-2e6b5b79a2f5" testName="Stroll.History.Integrity.Tests.IpcContractTests.IpcConnection_Persistence_MustReuseConnectionsEfficiently" computerName="SONAKSHI" duration="00:00:05.0206220" startTime="2025-08-25T22:28:17.7417802+01:00" endTime="2025-08-25T22:28:17.7417805+01:00" testType="13cdc9d9-ddb5-4fa4-a97d-d965ccfc6d4b" outcome="Failed" testListId="8c84fa94-04c1-424b-9868-57a2d4851a1d" relativeResultsDirectory="86028361-ac45-4107-9497-ec50fd84e844">
      <Output>
        <StdOut>Connection attempt to stroll.history failed: The operation has timed out.</StdOut>
        <ErrorInfo>
          <Message>System.IO.IOException : Pipe is broken.</Message>
          <StackTrace>   at System.IO.Pipes.PipeStream.WriteCore(ReadOnlySpan`1 buffer)&#xD;
   at System.IO.Pipes.PipeStream.&lt;&gt;c.&lt;AsyncOverSyncWrite&gt;b__78_0(ValueTuple`2 s)&#xD;
   at System.Threading.AsyncOverSyncWithIoCancellation.InvokeAsync[TState](Action`1 action, TState state, CancellationToken cancellationToken)&#xD;
   at System.Runtime.CompilerServices.PoolingAsyncValueTaskMethodBuilder`1.StateMachineBox`1.System.Threading.Tasks.Sources.IValueTaskSource.GetResult(Int16 token)&#xD;
   at Stroll.History.Integrity.Tests.IpcContractTests.SendIpcRequest(NamedPipeClientStream client, Object request, Int32 timeoutMs) in C:\code\Stroll\Stroll.History\Stroll.History.Integrity.Tests\IpcContractTests.cs:line 438&#xD;
   at Stroll.History.Integrity.Tests.IpcContractTests.IpcConnection_Persistence_MustReuseConnectionsEfficiently() in C:\code\Stroll\Stroll.History\Stroll.History.Integrity.Tests\IpcContractTests.cs:line 263&#xD;
--- End of stack trace from previous location ---</StackTrace>
        </ErrorInfo>
      </Output>
    </UnitTestResult>
    <UnitTestResult executionId="169fc8d2-7c21-44e5-af85-1cb1fb5d6a1a" testId="7d24f10f-08c2-6db5-865f-0317ad547814" testName="Stroll.History.Integrity.Tests.DataIntegrityTests.OilEnergyData_Availability_MustBeAccessible(symbol: &quot;XLE&quot;)" computerName="SONAKSHI" duration="00:00:00.0041870" startTime="2025-08-25T22:27:26.3153579+01:00" endTime="2025-08-25T22:27:26.3153581+01:00" testType="13cdc9d9-ddb5-4fa4-a97d-d965ccfc6d4b" outcome="Failed" testListId="8c84fa94-04c1-424b-9868-57a2d4851a1d" relativeResultsDirectory="169fc8d2-7c21-44e5-af85-1cb1fb5d6a1a">
      <Output>
        <StdOut>Oil/Energy symbol XLE not available: Exit=-1, Output=</StdOut>
        <ErrorInfo>
          <Message>Expected result.ExitCode to be one of {0, 3} because XLE should either succeed (0) or report no data (3), not fail completely, but found -1.</Message>
          <StackTrace>   at FluentAssertions.Execution.XUnit2TestFramework.Throw(String message)&#xD;
   at FluentAssertions.Execution.TestFrameworkProvider.Throw(String message)&#xD;
   at FluentAssertions.Execution.DefaultAssertionStrategy.HandleFailure(String message)&#xD;
   at FluentAssertions.Execution.AssertionScope.FailWith(Func`1 failReasonFunc)&#xD;
   at FluentAssertions.Execution.AssertionScope.FailWith(Func`1 failReasonFunc)&#xD;
   at FluentAssertions.Execution.AssertionScope.FailWith(String message, Object[] args)&#xD;
   at FluentAssertions.Numeric.NumericAssertions`2.BeOneOf(IEnumerable`1 validValues, String because, Object[] becauseArgs)&#xD;
   at Stroll.History.Integrity.Tests.DataIntegrityTests.OilEnergyData_Availability_MustBeAccessible(String symbol) in C:\code\Stroll\Stroll.History\Stroll.History.Integrity.Tests\DataIntegrityTests.cs:line 198&#xD;
--- End of stack trace from previous location ---</StackTrace>
        </ErrorInfo>
      </Output>
    </UnitTestResult>
    <UnitTestResult executionId="8f6c0f17-f4d3-4706-8ca5-fc1bacd20467" testId="63e5e473-b665-c476-0652-077debdb9447" testName="Stroll.History.Integrity.Tests.IpcContractTests.IpcProtocol_BinaryFraming_MustUseLengthPrefixedFormat" computerName="SONAKSHI" duration="00:00:05.1588074" startTime="2025-08-25T22:28:38.4490229+01:00" endTime="2025-08-25T22:28:38.4490233+01:00" testType="13cdc9d9-ddb5-4fa4-a97d-d965ccfc6d4b" outcome="Failed" testListId="8c84fa94-04c1-424b-9868-57a2d4851a1d" relativeResultsDirectory="8f6c0f17-f4d3-4706-8ca5-fc1bacd20467">
      <Output>
        <StdOut>Connection attempt to stroll.history failed: The operation has timed out.</StdOut>
        <ErrorInfo>
          <Message>System.IO.IOException : Pipe is broken.</Message>
          <StackTrace>   at System.IO.Pipes.PipeStream.WriteCore(ReadOnlySpan`1 buffer)&#xD;
   at System.IO.Pipes.PipeStream.&lt;&gt;c.&lt;AsyncOverSyncWrite&gt;b__78_0(ValueTuple`2 s)&#xD;
   at System.Threading.AsyncOverSyncWithIoCancellation.InvokeAsync[TState](Action`1 action, TState state, CancellationToken cancellationToken)&#xD;
   at System.Runtime.CompilerServices.PoolingAsyncValueTaskMethodBuilder`1.StateMachineBox`1.System.Threading.Tasks.Sources.IValueTaskSource.GetResult(Int16 token)&#xD;
   at Stroll.History.Integrity.Tests.IpcContractTests.IpcProtocol_BinaryFraming_MustUseLengthPrefixedFormat() in C:\code\Stroll\Stroll.History\Stroll.History.Integrity.Tests\IpcContractTests.cs:line 100&#xD;
--- End of stack trace from previous location ---</StackTrace>
        </ErrorInfo>
      </Output>
    </UnitTestResult>
    <UnitTestResult executionId="05cf956f-b2df-4198-adb4-d9ddb78f2640" testId="21515c87-1674-a668-24cd-e7cf0b8b79a6" testName="Stroll.History.Integrity.Tests.ProcessLifecycleTests.ColdStart_Performance_MustMeetBootstrapSLO" computerName="SONAKSHI" duration="00:00:08.3052355" startTime="2025-08-25T22:27:34.5348260+01:00" endTime="2025-08-25T22:27:34.5348266+01:00" testType="13cdc9d9-ddb5-4fa4-a97d-d965ccfc6d4b" outcome="Passed" testListId="8c84fa94-04c1-424b-9868-57a2d4851a1d" relativeResultsDirectory="05cf956f-b2df-4198-adb4-d9ddb78f2640">
      <Output>
        <StdOut>Cold start 1: 209ms&#xD;
Cold start 2: 170ms&#xD;
Cold start 3: 149ms&#xD;
Cold start 4: 125ms&#xD;
Cold start 5: 131ms&#xD;
Cold Start Performance: Avg=156.8ms, Max=209ms</StdOut>
      </Output>
    </UnitTestResult>
    <UnitTestResult executionId="1fe57d6d-a801-4626-b312-c6ad7590bdac" testId="bf31a76f-3c4d-96bf-54e8-1fab0c1cb5d5" testName="Stroll.History.Integrity.Tests.PerformanceRegressionTests.LoadTest_ConcurrentRequests_MustMaintainThroughputSLO" computerName="SONAKSHI" duration="00:01:06.5686404" startTime="2025-08-25T22:28:45.1045213+01:00" endTime="2025-08-25T22:28:45.1045215+01:00" testType="13cdc9d9-ddb5-4fa4-a97d-d965ccfc6d4b" outcome="Passed" testListId="8c84fa94-04c1-424b-9868-57a2d4851a1d" relativeResultsDirectory="1fe57d6d-a801-4626-b312-c6ad7590bdac">
      <Output>
        <StdOut>Load Test Results: 1500 successful requests, 0.00% error rate, 104.03ms avg latency</StdOut>
      </Output>
    </UnitTestResult>
    <UnitTestResult executionId="f404955b-a0b6-4f0b-9a20-1cf7aeeea636" testId="2fdfcb73-88ba-ce23-826c-6777399aa01c" testName="Stroll.History.Integrity.Tests.IpcContractTests.IpcConnection_Performance_MustMeetLatencySLO" computerName="SONAKSHI" duration="00:00:05.0251473" startTime="2025-08-25T22:27:48.5594364+01:00" endTime="2025-08-25T22:27:48.5594370+01:00" testType="13cdc9d9-ddb5-4fa4-a97d-d965ccfc6d4b" outcome="Failed" testListId="8c84fa94-04c1-424b-9868-57a2d4851a1d" relativeResultsDirectory="f404955b-a0b6-4f0b-9a20-1cf7aeeea636">
      <Output>
        <StdOut>Connection attempt to stroll.history failed: The operation has timed out.</StdOut>
        <ErrorInfo>
          <Message>System.IO.IOException : Pipe is broken.</Message>
          <StackTrace>   at System.IO.Pipes.PipeStream.WriteCore(ReadOnlySpan`1 buffer)&#xD;
   at System.IO.Pipes.PipeStream.&lt;&gt;c.&lt;AsyncOverSyncWrite&gt;b__78_0(ValueTuple`2 s)&#xD;
   at System.Threading.AsyncOverSyncWithIoCancellation.InvokeAsync[TState](Action`1 action, TState state, CancellationToken cancellationToken)&#xD;
   at System.Runtime.CompilerServices.PoolingAsyncValueTaskMethodBuilder`1.StateMachineBox`1.System.Threading.Tasks.Sources.IValueTaskSource.GetResult(Int16 token)&#xD;
   at Stroll.History.Integrity.Tests.IpcContractTests.SendIpcRequest(NamedPipeClientStream client, Object request, Int32 timeoutMs) in C:\code\Stroll\Stroll.History\Stroll.History.Integrity.Tests\IpcContractTests.cs:line 438&#xD;
   at Stroll.History.Integrity.Tests.IpcContractTests.IpcConnection_Performance_MustMeetLatencySLO() in C:\code\Stroll\Stroll.History\Stroll.History.Integrity.Tests\IpcContractTests.cs:line 157&#xD;
--- End of stack trace from previous location ---</StackTrace>
        </ErrorInfo>
      </Output>
    </UnitTestResult>
    <UnitTestResult executionId="07dd1c59-0216-4e49-ac74-736bf36aa554" testId="9720b5d8-629d-49df-67fd-acba0735f3a3" testName="Stroll.History.Integrity.Tests.IpcContractTests.IpcLargePayload_DataTransfer_MustHandleMultiMegabyteResponses" computerName="SONAKSHI" duration="00:00:05.1526234" startTime="2025-08-25T22:28:12.6984986+01:00" endTime="2025-08-25T22:28:12.6984989+01:00" testType="13cdc9d9-ddb5-4fa4-a97d-d965ccfc6d4b" outcome="Failed" testListId="8c84fa94-04c1-424b-9868-57a2d4851a1d" relativeResultsDirectory="07dd1c59-0216-4e49-ac74-736bf36aa554">
      <Output>
        <StdOut>Connection attempt to stroll.history failed: The operation has timed out.</StdOut>
        <ErrorInfo>
          <Message>System.IO.IOException : Pipe is broken.</Message>
          <StackTrace>   at System.IO.Pipes.PipeStream.WriteCore(ReadOnlySpan`1 buffer)&#xD;
   at System.IO.Pipes.PipeStream.&lt;&gt;c.&lt;AsyncOverSyncWrite&gt;b__78_0(ValueTuple`2 s)&#xD;
   at System.Threading.AsyncOverSyncWithIoCancellation.InvokeAsync[TState](Action`1 action, TState state, CancellationToken cancellationToken)&#xD;
   at System.Runtime.CompilerServices.PoolingAsyncValueTaskMethodBuilder`1.StateMachineBox`1.System.Threading.Tasks.Sources.IValueTaskSource.GetResult(Int16 token)&#xD;
   at Stroll.History.Integrity.Tests.IpcContractTests.SendIpcRequest(NamedPipeClientStream client, Object request, Int32 timeoutMs) in C:\code\Stroll\Stroll.History\Stroll.History.Integrity.Tests\IpcContractTests.cs:line 438&#xD;
   at Stroll.History.Integrity.Tests.IpcContractTests.IpcLargePayload_DataTransfer_MustHandleMultiMegabyteResponses() in C:\code\Stroll\Stroll.History\Stroll.History.Integrity.Tests\IpcContractTests.cs:line 338&#xD;
--- End of stack trace from previous location ---</StackTrace>
        </ErrorInfo>
      </Output>
    </UnitTestResult>
    <UnitTestResult executionId="57fda293-db94-4ac7-8759-374f3f436491" testId="cf1ff64e-8e10-7ae6-a670-98faed7e8dbe" testName="Stroll.History.Integrity.Tests.ContractValidationTests.CLI_GetOptions_MustMeetPerformanceAndQualitySLO(date: &quot;2024-01-19&quot;, description: &quot;weekly expiry&quot;)" computerName="SONAKSHI" duration="00:00:00.0358831" startTime="2025-08-25T22:27:26.3082850+01:00" endTime="2025-08-25T22:27:26.3082856+01:00" testType="13cdc9d9-ddb5-4fa4-a97d-d965ccfc6d4b" outcome="Failed" testListId="8c84fa94-04c1-424b-9868-57a2d4851a1d" relativeResultsDirectory="57fda293-db94-4ac7-8759-374f3f436491">
      <Output>
        <StdOut>Command: get-options --symbol SPY --date 2024-01-19&#xD;
Exit Code: -1&#xD;
Execution Time: 34ms&#xD;
Output:</StdOut>
        <ErrorInfo>
          <Message>Expected result.ExitCode to be 0 because valid options request must succeed, but found -1 (difference of -1).</Message>
          <StackTrace>   at FluentAssertions.Execution.XUnit2TestFramework.Throw(String message)&#xD;
   at FluentAssertions.Execution.TestFrameworkProvider.Throw(String message)&#xD;
   at FluentAssertions.Execution.DefaultAssertionStrategy.HandleFailure(String message)&#xD;
   at FluentAssertions.Execution.AssertionScope.FailWith(Func`1 failReasonFunc)&#xD;
   at FluentAssertions.Execution.AssertionScope.FailWith(Func`1 failReasonFunc)&#xD;
   at FluentAssertions.Execution.AssertionScope.FailWith(String message, Object[] args)&#xD;
   at FluentAssertions.Numeric.NumericAssertions`2.Be(T expected, String because, Object[] becauseArgs)&#xD;
   at Stroll.History.Integrity.Tests.ContractValidationTests.CLI_GetOptions_MustMeetPerformanceAndQualitySLO(String date, String description) in C:\code\Stroll\Stroll.History\Stroll.History.Integrity.Tests\ContractValidationTests.cs:line 172&#xD;
--- End of stack trace from previous location ---</StackTrace>
        </ErrorInfo>
      </Output>
    </UnitTestResult>
    <UnitTestResult executionId="abc68964-771d-435f-aeae-351d308f1f45" testId="c498f224-7d3c-0cf5-5186-95f77e5a2cd8" testName="Stroll.History.Integrity.Tests.DataIntegrityTests.OilEnergyData_Availability_MustBeAccessible(symbol: &quot;UNG&quot;)" computerName="SONAKSHI" duration="00:00:00.2120629" startTime="2025-08-25T22:27:26.5528898+01:00" endTime="2025-08-25T22:27:26.5528901+01:00" testType="13cdc9d9-ddb5-4fa4-a97d-d965ccfc6d4b" outcome="Failed" testListId="8c84fa94-04c1-424b-9868-57a2d4851a1d" relativeResultsDirectory="abc68964-771d-435f-aeae-351d308f1f45">
      <Output>
        <StdOut>Oil/Energy symbol UNG not available: Exit=-1, Output=</StdOut>
        <ErrorInfo>
          <Message>Expected result.ExitCode to be one of {0, 3} because UNG should either succeed (0) or report no data (3), not fail completely, but found -1.</Message>
          <StackTrace>   at FluentAssertions.Execution.XUnit2TestFramework.Throw(String message)&#xD;
   at FluentAssertions.Execution.TestFrameworkProvider.Throw(String message)&#xD;
   at FluentAssertions.Execution.DefaultAssertionStrategy.HandleFailure(String message)&#xD;
   at FluentAssertions.Execution.AssertionScope.FailWith(Func`1 failReasonFunc)&#xD;
   at FluentAssertions.Execution.AssertionScope.FailWith(Func`1 failReasonFunc)&#xD;
   at FluentAssertions.Execution.AssertionScope.FailWith(String message, Object[] args)&#xD;
   at FluentAssertions.Numeric.NumericAssertions`2.BeOneOf(IEnumerable`1 validValues, String because, Object[] becauseArgs)&#xD;
   at Stroll.History.Integrity.Tests.DataIntegrityTests.OilEnergyData_Availability_MustBeAccessible(String symbol) in C:\code\Stroll\Stroll.History\Stroll.History.Integrity.Tests\DataIntegrityTests.cs:line 198&#xD;
--- End of stack trace from previous location ---</StackTrace>
        </ErrorInfo>
      </Output>
    </UnitTestResult>
    <UnitTestResult executionId="010c999e-4756-4e4c-a356-ccff0415579c" testId="d868ef31-8c21-5b32-9e1e-7ecb8735d5ce" testName="Stroll.History.Integrity.Tests.DataIntegrityTests.DataQuality_OHLCV_MustSatisfyFinancialInvariants(symbol: &quot;USO&quot;)" computerName="SONAKSHI" duration="00:00:00.1722862" startTime="2025-08-25T22:27:25.5130072+01:00" endTime="2025-08-25T22:27:25.5130080+01:00" testType="13cdc9d9-ddb5-4fa4-a97d-d965ccfc6d4b" outcome="Passed" testListId="8c84fa94-04c1-424b-9868-57a2d4851a1d" relativeResultsDirectory="010c999e-4756-4e4c-a356-ccff0415579c">
      <Output>
        <StdOut>Invalid timestamp format in bar data: &#xD;
Invalid timestamp format in bar data: &#xD;
Invalid timestamp format in bar data: &#xD;
Invalid timestamp format in bar data: &#xD;
Invalid timestamp format in bar data: &#xD;
Invalid timestamp format in bar data: &#xD;
Invalid timestamp format in bar data: &#xD;
Invalid timestamp format in bar data: &#xD;
Invalid timestamp format in bar data: &#xD;
Invalid timestamp format in bar data: &#xD;
Invalid timestamp format in bar data: &#xD;
Invalid timestamp format in bar data: &#xD;
Invalid timestamp format in bar data: &#xD;
Invalid timestamp format in bar data: &#xD;
Invalid timestamp format in bar data: &#xD;
Invalid timestamp format in bar data: &#xD;
Invalid timestamp format in bar data: &#xD;
Invalid timestamp format in bar data: &#xD;
Invalid timestamp format in bar data: &#xD;
Invalid timestamp format in bar data: &#xD;
Invalid timestamp format in bar data: &#xD;
USO Data Quality: 21 bars, 0 violations, Score: 100.00%</StdOut>
      </Output>
    </UnitTestResult>
    <UnitTestResult executionId="3ba2a25e-ab2d-48c6-8e1c-d109f8638061" testId="7c2f39fd-95d4-786a-c566-b77ae9fa6746" testName="Stroll.History.Integrity.Tests.ContractValidationTests.CLI_GetBars_InvalidSymbol_MustReturnStandardError" computerName="SONAKSHI" duration="00:00:00.1819948" startTime="2025-08-25T22:27:26.0717470+01:00" endTime="2025-08-25T22:27:26.0717473+01:00" testType="13cdc9d9-ddb5-4fa4-a97d-d965ccfc6d4b" outcome="Passed" testListId="8c84fa94-04c1-424b-9868-57a2d4851a1d" relativeResultsDirectory="3ba2a25e-ab2d-48c6-8e1c-d109f8638061">
      <Output>
        <StdOut>Command: get-bars --symbol INVALID_SYMBOL_XYZ --from 2024-01-01 --to 2024-01-31&#xD;
Exit Code: 0&#xD;
Execution Time: 180ms&#xD;
Output: {"schema":"stroll.history.v1","ok":true,"data":{"symbol":"INVALID_SYMBOL_XYZ","granularity":"1m","from":"2024-01-01","to":"2024-01-31","bars":[]},"meta":{"count":0,"timestamp":"2025-08-25T21:27:26.011Z"}}</StdOut>
      </Output>
    </UnitTestResult>
    <UnitTestResult executionId="87ab8b05-2a10-4317-a2b5-c10d6846ecb5" testId="34c2d878-9f9a-c3fb-f608-685427dd1ff8" testName="Stroll.History.Integrity.Tests.DataIntegrityTests.MultiSymbol_ConsistentResponse_MustHaveSameSchema" computerName="SONAKSHI" duration="00:00:00.5165406" startTime="2025-08-25T22:27:28.8934219+01:00" endTime="2025-08-25T22:27:28.8934223+01:00" testType="13cdc9d9-ddb5-4fa4-a97d-d965ccfc6d4b" outcome="Passed" testListId="8c84fa94-04c1-424b-9868-57a2d4851a1d" relativeResultsDirectory="87ab8b05-2a10-4317-a2b5-c10d6846ecb5">
      <Output>
        <StdOut>Schema consistency validated across 3 symbols</StdOut>
      </Output>
    </UnitTestResult>
  </Results>
  <TestDefinitions>
    <UnitTest name="Stroll.History.Integrity.Tests.ProcessLifecycleTests.ConcurrentConnections_MustHandleMultipleClients" storage="c:\code\stroll\stroll.history\stroll.history.integrity.tests\bin\debug\net9.0\stroll.history.integrity.tests.dll" id="d1046a89-ce94-3c20-cf55-15cedf399078">
      <Execution id="6b7e22c6-71e7-4a5b-9188-fdb6c8912cc6" />
      <TestMethod codeBase="C:\code\Stroll\Stroll.History\Stroll.History.Integrity.Tests\bin\Debug\net9.0\Stroll.History.Integrity.Tests.dll" adapterTypeName="executor://xunit/VsTestRunner2/netcoreapp" className="Stroll.History.Integrity.Tests.ProcessLifecycleTests" name="ConcurrentConnections_MustHandleMultipleClients" />
    </UnitTest>
    <UnitTest name="Stroll.History.Integrity.Tests.PerformanceRegressionTests.PerformanceBaseline_GetBarsCommands_MustMaintainSLO(symbol: &quot;SPY&quot;, from: &quot;2024-01-01&quot;, to: &quot;2024-01-07&quot;, granularity: &quot;1d&quot;, scenario: &quot;single_week&quot;)" storage="c:\code\stroll\stroll.history\stroll.history.integrity.tests\bin\debug\net9.0\stroll.history.integrity.tests.dll" id="ab2b2a05-ed37-b373-0697-8aa7b21d8d5d">
      <Execution id="0fa7f5f6-71d1-4811-9f14-07da9b1c9b51" />
      <TestMethod codeBase="C:\code\Stroll\Stroll.History\Stroll.History.Integrity.Tests\bin\Debug\net9.0\Stroll.History.Integrity.Tests.dll" adapterTypeName="executor://xunit/VsTestRunner2/netcoreapp" className="Stroll.History.Integrity.Tests.PerformanceRegressionTests" name="PerformanceBaseline_GetBarsCommands_MustMaintainSLO" />
    </UnitTest>
[...]
[xUnit.net 00:00:53.26]         --- End of stack trace from previous location ---&#xD;
[xUnit.net 00:00:53.26]       Output:&#xD;
[xUnit.net 00:00:53.26]         Connection attempt to stroll.history failed: The operation has timed out.&#xD;
info: Stroll.History.Integrity.Tests.IpcContractTests[0]&#xD;
      IPC server is ready for test&#xD;
[xUnit.net 00:00:58.28]       System.IO.IOException : Pipe is broken.&#xD;
[xUnit.net 00:00:58.29]       Stack Trace:&#xD;
[xUnit.net 00:00:58.29]            at System.IO.Pipes.PipeStream.WriteCore(ReadOnlySpan`1 buffer)&#xD;
[xUnit.net 00:00:58.29]            at System.IO.Pipes.PipeStream.&lt;&gt;c.&lt;AsyncOverSyncWrite&gt;b__78_0(ValueTuple`2 s)&#xD;
[xUnit.net 00:00:58.29]            at System.Threading.AsyncOverSyncWithIoCancellation.InvokeAsync[TState](Action`1 action, TState state, CancellationToken cancellationToken)&#xD;
[xUnit.net 00:00:58.29]            at System.Runtime.CompilerServices.PoolingAsyncValueTaskMethodBuilder`1.StateMachineBox`1.System.Threading.Tasks.Sources.IValueTaskSource.GetResult(Int16 token)&#xD;
[xUnit.net 00:00:58.29]         C:\code\Stroll\Stroll.History\Stroll.History.Integrity.Tests\IpcContractTests.cs(438,0): at Stroll.History.Integrity.Tests.IpcContractTests.SendIpcRequest(NamedPipeClientStream client, Object request, Int32 timeoutMs)&#xD;
[xUnit.net 00:00:58.29]         C:\code\Stroll\Stroll.History\Stroll.History.Integrity.Tests\IpcContractTests.cs(378,0): at Stroll.History.Integrity.Tests.IpcContractTests.IpcConnectionPool_ResourceManagement_MustHandleConnectionLifecycle()&#xD;
[xUnit.net 00:00:58.29]         --- End of stack trace from previous location ---&#xD;
[xUnit.net 00:00:58.29]       Output:&#xD;
[xUnit.net 00:00:58.29]         Connection attempt to stroll.history failed: The operation has timed out.&#xD;
info: Stroll.History.Integrity.Tests.IpcContractTests[0]&#xD;
      IPC server is ready for test&#xD;
[xUnit.net 00:01:08.78]       System.InvalidOperationException : Sequence contains no elements&#xD;
[xUnit.net 00:01:08.78]       Stack Trace:&#xD;
[xUnit.net 00:01:08.78]            at System.Linq.ThrowHelper.ThrowNoElementsException()&#xD;
[xUnit.net 00:01:08.78]            at System.Linq.Enumerable.Average[TSource,TSelector,TAccumulator,TResult](IEnumerable`1 source, Func`2 selector)&#xD;
[xUnit.net 00:01:08.78]            at System.Linq.Enumerable.Average[TSource](IEnumerable`1 source, Func`2 selector)&#xD;
[xUnit.net 00:01:08.78]         C:\code\Stroll\Stroll.History\Stroll.History.Integrity.Tests\IpcContractTests.cs(232,0): at Stroll.History.Integrity.Tests.IpcContractTests.IpcConcurrency_MultipleClients_MustHandleSimultaneousConnections()&#xD;
[xUnit.net 00:01:08.78]         --- End of stack trace from previous location ---&#xD;
[xUnit.net 00:01:08.78]       Output:&#xD;
[xUnit.net 00:01:08.78]         Connection attempt to stroll.history failed: The operation has timed out.&#xD;
[xUnit.net 00:01:08.78]         Client connection failed: Pipe is broken.&#xD;
[xUnit.net 00:01:08.78]         Connection attempt to stroll.history failed: The operation has timed out.&#xD;
[xUnit.net 00:01:08.78]         Client connection failed: Pipe is broken.&#xD;
[xUnit.net 00:01:08.78]         Connection attempt to stroll.history failed: The operation has timed out.&#xD;
[xUnit.net 00:01:08.78]         Client connection failed: Pipe is broken.&#xD;
[xUnit.net 00:01:08.78]         Connection attempt to stroll.history failed: The operation has timed out.&#xD;
[xUnit.net 00:01:08.78]         Client connection failed: Pipe is broken.&#xD;
[xUnit.net 00:01:08.78]         Connection attempt to stroll.history failed: The operation has timed out.&#xD;
[xUnit.net 00:01:08.78]         Client connection failed: Pipe is broken.&#xD;
[xUnit.net 00:01:08.78]         Connection attempt to stroll.history failed: The operation has timed out.&#xD;
[xUnit.net 00:01:08.78]         Connection attempt to stroll.history failed: The operation has timed out.&#xD;
[xUnit.net 00:01:08.78]         Client connection failed: Pipe is broken.&#xD;
[xUnit.net 00:01:08.78]         Client connection failed: Pipe is broken.&#xD;
[xUnit.net 00:01:08.78]         Connection attempt to stroll.history failed: The operation has timed out.&#xD;
[xUnit.net 00:01:08.78]         Client connection failed: Pipe is broken.&#xD;
info: Stroll.History.Integrity.Tests.IpcContractTests[0]&#xD;
      IPC server is ready for test&#xD;
[xUnit.net 00:01:13.96]       System.IO.IOException : Pipe is broken.&#xD;
[xUnit.net 00:01:13.96]       Stack Trace:&#xD;
[xUnit.net 00:01:13.96]            at System.IO.Pipes.PipeStream.WriteCore(ReadOnlySpan`1 buffer)&#xD;
[xUnit.net 00:01:13.96]            at System.IO.Pipes.PipeStream.&lt;&gt;c.&lt;AsyncOverSyncWrite&gt;b__78_0(ValueTuple`2 s)&#xD;
[xUnit.net 00:01:13.96]            at System.Threading.AsyncOverSyncWithIoCancellation.InvokeAsync[TState](Action`1 action, TState state, CancellationToken cancellationToken)&#xD;
[xUnit.net 00:01:13.96]            at System.Runtime.CompilerServices.PoolingAsyncValueTaskMethodBuilder`1.StateMachineBox`1.System.Threading.Tasks.Sources.IValueTaskSource.GetResult(Int16 token)&#xD;
[xUnit.net 00:01:13.96]         C:\code\Stroll\Stroll.History\Stroll.History.Integrity.Tests\IpcContractTests.cs(100,0): at Stroll.History.Integrity.Tests.IpcContractTests.IpcProtocol_BinaryFraming_MustUseLengthPrefixedFormat()&#xD;
[xUnit.net 00:01:13.96]         --- End of stack trace from previous location ---&#xD;
[xUnit.net 00:01:13.96]       Output:&#xD;
[xUnit.net 00:01:13.96]         Connection attempt to stroll.history failed: The operation has timed out.&#xD;
info: Stroll.History.Integrity.Tests.IpcContractTests[0]&#xD;
      IPC server is ready for test&#xD;
22:28:44 [\u001b[38;5;39mINF\u001b[0m] Stopping scenarios...&#xD;
22:28:44 [\u001b[38;5;39mINF\u001b[0m] Calculating final statistics...&#xD;
���������������������������������� test info �����������������������������������&#xD;
test suite: \u001b[38;5;10mnbomber_default_test_suite_name\u001b[0m&#xD;
test name: \u001b[38;5;10mnbomber_default_test_name\u001b[0m&#xD;
session id: \u001b[38;5;10m2025-08-25_21.27.54_session_a3486fc9\u001b[0m&#xD;
�������������������������������� scenario stats ��������������������������������&#xD;
scenario: \u001b[38;5;10mconcurrent_get_bars\u001b[0m&#xD;
  - ok count: \u001b[38;5;10m1500\u001b[0m&#xD;
  - fail count: \u001b[38;5;9m0\u001b[0m&#xD;
  - all data: \u001b[38;5;10m0\u001b[0m MB&#xD;
  - duration: \u001b[38;5;10m00:00:30\u001b[0m&#xD;
load simulations: &#xD;
  - \u001b[38;5;10minject\u001b[0m, rate: \u001b[38;5;10m50\u001b[0m, interval: \u001b[38;5;10m00:00:01\u001b[0m, during: \u001b[38;5;10m00:00:30\u001b[0m&#xD;
������������������������������������������������������������������������������Ŀ&#xD;
�               step � ok stats                                                �&#xD;
������������������������������������������������������������������������������Ĵ&#xD;
�               name � \u001b[38;5;39mglobal information\u001b[0m                                      �&#xD;
�      request count � all = \u001b[38;5;10m1500\u001b[0m, ok = \u001b[38;5;10m1500\u001b[0m, RPS = \u001b[38;5;10m50\u001b[0m                         �&#xD;
�            latency � min = \u001b[38;5;10m142.43\u001b[0m, mean = \u001b[38;5;10m275.07\u001b[0m, max = \u001b[38;5;10m1005.24\u001b[0m, StdDev =    �&#xD;
�                    � \u001b[38;5;10m104.03\u001b[0m                                                  �&#xD;
� latency percentile � p50 = \u001b[38;5;10m251.39\u001b[0m, p75 = \u001b[38;5;10m304.9\u001b[0m, p95 = \u001b[38;5;10m428.54\u001b[0m, p99 = \u001b[38;5;10m708.61\u001b[0m   �&#xD;
��������������������������������������������������������������������������������&#xD;
22:28:45 [\u001b[38;5;39mINF\u001b[0m] Reports saved in folder: \u001b[38;5;10m"C:\code\Stroll\Stroll.History\Stroll.History.Integrity.Tests\bin\Debug\net9.0\r\u001b[0m&#xD;
\u001b[38;5;10meports\2025-08-25_21.27.54_session_a3486fc9"\u001b[0m&#xD;
22:28:45 [\u001b[38;5;11mWRN\u001b[0m] THIS VERSION IS FREE ONLY FOR PERSONAL USE. You can't use it for an &#xD;
organization.&#xD;
[xUnit.net 00:01:20.70]       Expected result.ExitCode to be 0 because get-options weekly must succeed, but found -1 (difference of -1).&#xD;
[xUnit.net 00:01:20.70]       Stack Trace:&#xD;
[xUnit.net 00:01:20.70]            at FluentAssertions.Execution.XUnit2TestFramework.Throw(String message)&#xD;
[xUnit.net 00:01:20.70]            at FluentAssertions.Execution.TestFrameworkProvider.Throw(String message)&#xD;
[xUnit.net 00:01:20.70]            at FluentAssertions.Execution.DefaultAssertionStrategy.HandleFailure(String message)&#xD;
[xUnit.net 00:01:20.70]            at FluentAssertions.Execution.AssertionScope.FailWith(Func`1 failReasonFunc)&#xD;
[xUnit.net 00:01:20.70]            at FluentAssertions.Numeric.NumericAssertions`2.Be(T expected, String because, Object[] becauseArgs)&#xD;
[xUnit.net 00:01:20.70]         C:\code\Stroll\Stroll.History\Stroll.History.Integrity.Tests\PerformanceRegressionTests.cs(171,0): at Stroll.History.Integrity.Tests.PerformanceRegressionTests.PerformanceBaseline_GetOptionsCommands_MustMaintainSLO(String symbol, String date, String scenario)&#xD;
[xUnit.net 00:01:20.70]         --- End of stack trace from previous location ---&#xD;
[xUnit.net 00:01:20.72]       Expected result.ExitCode to be 0 because get-options monthly must succeed, but found -1 (difference of -1).&#xD;
[xUnit.net 00:01:20.72]       Stack Trace:&#xD;
[xUnit.net 00:01:20.72]            at FluentAssertions.Execution.XUnit2TestFramework.Throw(String message)&#xD;
[xUnit.net 00:01:20.72]            at FluentAssertions.Execution.TestFrameworkProvider.Throw(String message)&#xD;
[xUnit.net 00:01:20.72]            at FluentAssertions.Execution.DefaultAssertionStrategy.HandleFailure(String message)&#xD;
[xUnit.net 00:01:20.72]            at FluentAssertions.Execution.AssertionScope.FailWith(Func`1 failReasonFunc)&#xD;
[xUnit.net 00:01:20.72]            at FluentAssertions.Numeric.NumericAssertions`2.Be(T expected, String because, Object[] becauseArgs)&#xD;
[xUnit.net 00:01:20.72]         C:\code\Stroll\Stroll.History\Stroll.History.Integrity.Tests\PerformanceRegressionTests.cs(171,0): at Stroll.History.Integrity.Tests.PerformanceRegressionTests.PerformanceBaseline_GetOptionsCommands_MustMaintainSLO(String symbol, String date, String scenario)&#xD;
[xUnit.net 00:01:20.72]         --- End of stack trace from previous location ---&#xD;
[xUnit.net 00:01:29.04]       Expected connectionSucceeded to be true because IPC server must be accessible via Named Pipe, but found False.&#xD;
[xUnit.net 00:01:29.04]       Stack Trace:&#xD;
[xUnit.net 00:01:29.04]            at FluentAssertions.Execution.XUnit2TestFramework.Throw(String message)&#xD;
[xUnit.net 00:01:29.04]            at FluentAssertions.Execution.TestFrameworkProvider.Throw(String message)&#xD;
[xUnit.net 00:01:29.04]            at FluentAssertions.Execution.DefaultAssertionStrategy.HandleFailure(String message)&#xD;
[xUnit.net 00:01:29.04]            at FluentAssertions.Execution.AssertionScope.FailWith(Func`1 failReasonFunc)&#xD;
[xUnit.net 00:01:29.04]            at FluentAssertions.Primitives.BooleanAssertions`1.BeTrue(String because, Object[] becauseArgs)&#xD;
[xUnit.net 00:01:29.04]         C:\code\Stroll\Stroll.History\Stroll.History.Integrity.Tests\IpcContractTests.cs(72,0): at Stroll.History.Integrity.Tests.IpcContractTests.IpcServer_Startup_MustCreateNamedPipeWithStandardName()&#xD;
[xUnit.net 00:01:29.04]         --- End of stack trace from previous location ---&#xD;
[xUnit.net 00:01:29.04]       Output:&#xD;
[xUnit.net 00:01:29.04]         Testing IPC server pipe name conventions...&#xD;
[xUnit.net 00:01:29.04]         Failed to connect to stroll.history: The operation has timed out.&#xD;
[xUnit.net 00:01:29.04]         Failed to connect to stroll.history.5332: The operation has timed out.&#xD;
[xUnit.net 00:01:29.04]         Failed to connect to stroll.history.server: The operation has timed out.&#xD;
info: Stroll.History.Integrity.Tests.IpcTestFixture[0]&#xD;
      IpcTestFixture disposing...&#xD;
info: Stroll.History.Integrity.Tests.IpcTestFixture[0]&#xD;
      IpcTestFixture disposed successfully&#xD;
[xUnit.net 00:01:29.05]   Finished:    Stroll.History.Integrity.Tests&#xD;
</StdOut>
    </Output>
    <RunInfos>
      <RunInfo computerName="SONAKSHI" outcome="Error" timestamp="2025-08-25T22:27:24.6878521+01:00">
        <Text>[xUnit.net 00:00:00.20]     Stroll.History.Integrity.Tests.DataIntegrityTests.LongTermData_Availability_MustSpanMultipleYears [FAIL]</Text>
      </RunInfo>
      <RunInfo computerName="SONAKSHI" outcome="Error" timestamp="2025-08-25T22:27:25.5158753+01:00">
        <Text>[xUnit.net 00:00:01.03]     Stroll.History.Integrity.Tests.ContractValidationTests.CLI_ProviderStatus_MustReturnHealthInformation [FAIL]</Text>
      </RunInfo>
      <RunInfo computerName="SONAKSHI" outcome="Error" timestamp="2025-08-25T22:27:25.8898996+01:00">
        <Text>[xUnit.net 00:00:01.41]     Stroll.History.Integrity.Tests.ContractValidationTests.CLI_MustHandleInvalidArguments_WithStandardErrorFormat [FAIL]</Text>
      </RunInfo>
      <RunInfo computerName="SONAKSHI" outcome="Error" timestamp="2025-08-25T22:27:26.2729086+01:00">
        <Text>[xUnit.net 00:00:01.79]     Stroll.History.Integrity.Tests.PerformanceRegressionTests.PerformanceBaseline_DiscoverCommand_MustMaintainSLO [FAIL]</Text>
      </RunInfo>
      <RunInfo computerName="SONAKSHI" outcome="Error" timestamp="2025-08-25T22:27:26.3076328+01:00">
        <Text>[xUnit.net 00:00:01.82]     Stroll.History.Integrity.Tests.PerformanceRegressionTests.PerformanceBaseline_GetBarsCommands_MustMaintainSLO(symbol: "SPY", from: "2024-01-01", to: "2024-01-31", granularity: "1d", scenario: "single_month") [FAIL]</Text>
      </RunInfo>
      <RunInfo computerName="SONAKSHI" outcome="Error" timestamp="2025-08-25T22:27:26.3080529+01:00">
        <Text>[xUnit.net 00:00:01.82]     Stroll.History.Integrity.Tests.ContractValidationTests.CLI_GetOptions_MustMeetPerformanceAndQualitySLO(date: "2024-01-19", description: "weekly expiry") [FAIL]</Text>
      </RunInfo>
      <RunInfo computerName="SONAKSHI" outcome="Error" timestamp="2025-08-25T22:27:26.3105862+01:00">
        <Text>[xUnit.net 00:00:01.83]     Stroll.History.Integrity.Tests.DataIntegrityTests.OilEnergyData_Availability_MustBeAccessible(symbol: "OIH") [FAIL]</Text>
      </RunInfo>
      <RunInfo computerName="SONAKSHI" outcome="Error" timestamp="2025-08-25T22:27:26.3151894+01:00">
        <Text>[xUnit.net 00:00:01.83]     Stroll.History.Integrity.Tests.DataIntegrityTests.OilEnergyData_Availability_MustBeAccessible(symbol: "XLE") [FAIL]</Text>
      </RunInfo>
      <RunInfo computerName="SONAKSHI" outcome="Error" timestamp="2025-08-25T22:27:26.3274905+01:00">
        <Text>[xUnit.net 00:00:01.84]     Stroll.History.Integrity.Tests.PerformanceRegressionTests.PerformanceBaseline_GetBarsCommands_MustMaintainSLO(symbol: "SPY", from: "2024-01-01", to: "2024-01-07", granularity: "1d", scenario: "single_week") [FAIL]</Text>
      </RunInfo>
      <RunInfo computerName="SONAKSHI" outcome="Error" timestamp="2025-08-25T22:27:26.3398206+01:00">
        <Text>[xUnit.net 00:00:01.86]     Stroll.History.Integrity.Tests.DataIntegrityTests.OilEnergyData_Availability_MustBeAccessible(symbol: "BOIL") [FAIL]</Text>
      </RunInfo>
      <RunInfo computerName="SONAKSHI" outcome="Error" timestamp="2025-08-25T22:27:26.3611434+01:00">
        <Text>[xUnit.net 00:00:01.88]     Stroll.History.Integrity.Tests.PerformanceRegressionTests.PerformanceBaseline_GetBarsCommands_MustMaintainSLO(symbol: "SPY", from: "2024-01-15", to: "2024-01-15", granularity: "1d", scenario: "single_day") [FAIL]</Text>
      </RunInfo>
      <RunInfo computerName="SONAKSHI" outcome="Error" timestamp="2025-08-25T22:27:26.5525024+01:00">
        <Text>[xUnit.net 00:00:02.07]     Stroll.History.Integrity.Tests.DataIntegrityTests.OilEnergyData_Availability_MustBeAccessible(symbol: "UNG") [FAIL]</Text>
      </RunInfo>
      <RunInfo computerName="SONAKSHI" outcome="Error" timestamp="2025-08-25T22:27:32.8095807+01:00">
        <Text>[xUnit.net 00:00:08.33]     Stroll.History.Integrity.Tests.PerformanceRegressionTests.MemoryUsage_UnderLoad_MustNotExceedLimits [FAIL]</Text>
      </RunInfo>
      <RunInfo computerName="SONAKSHI" outcome="Error" timestamp="2025-08-25T22:27:37.3616349+01:00">
        <Text>[xUnit.net 00:00:12.88]     Stroll.History.Integrity.Tests.ProcessLifecycleTests.ConcurrentConnections_MustHandleMultipleClients [FAIL]</Text>
      </RunInfo>
      <RunInfo computerName="SONAKSHI" outcome="Error" timestamp="2025-08-25T22:27:48.5591377+01:00">
        <Text>[xUnit.net 00:00:24.07]     Stroll.History.Integrity.Tests.IpcContractTests.IpcConnection_Performance_MustMeetLatencySLO [FAIL]</Text>
      </RunInfo>
      <RunInfo computerName="SONAKSHI" outcome="Error" timestamp="2025-08-25T22:27:58.6209130+01:00">
        <Text>[xUnit.net 00:00:34.14]     Stroll.History.Integrity.Tests.IpcContractTests.IpcErrorHandling_InvalidRequests_MustReturnStandardErrorFormat [FAIL]</Text>
      </RunInfo>
      <RunInfo computerName="SONAKSHI" outcome="Error" timestamp="2025-08-25T22:27:58.6342961+01:00">
        <Text>[xUnit.net 00:00:34.15]     Stroll.History.Integrity.Tests.ProcessLifecycleTests.ResourceLimits_UnderNormalLoad_MustNotExceedLimits [FAIL]</Text>
      </RunInfo>
      <RunInfo computerName="SONAKSHI" outcome="Error" timestamp="2025-08-25T22:28:12.6980086+01:00">
        <Text>[xUnit.net 00:00:48.21]     Stroll.History.Integrity.Tests.IpcContractTests.IpcLargePayload_DataTransfer_MustHandleMultiMegabyteResponses [FAIL]</Text>
      </RunInfo>
      <RunInfo computerName="SONAKSHI" outcome="Error" timestamp="2025-08-25T22:28:17.7415345+01:00">
        <Text>[xUnit.net 00:00:53.26]     Stroll.History.Integrity.Tests.IpcContractTests.IpcConnection_Persistence_MustReuseConnectionsEfficiently [FAIL]</Text>
      </RunInfo>
      <RunInfo computerName="SONAKSHI" outcome="Error" timestamp="2025-08-25T22:28:22.7691240+01:00">
        <Text>[xUnit.net 00:00:58.28]     Stroll.History.Integrity.Tests.IpcContractTests.IpcConnectionPool_ResourceManagement_MustHandleConnectionLifecycle [FAIL]</Text>
      </RunInfo>
      <RunInfo computerName="SONAKSHI" outcome="Error" timestamp="2025-08-25T22:28:33.2623285+01:00">
        <Text>[xUnit.net 00:01:08.78]     Stroll.History.Integrity.Tests.IpcContractTests.IpcConcurrency_MultipleClients_MustHandleSimultaneousConnections [FAIL]</Text>
      </RunInfo>
      <RunInfo computerName="SONAKSHI" outcome="Error" timestamp="2025-08-25T22:28:38.4484537+01:00">
        <Text>[xUnit.net 00:01:13.96]     Stroll.History.Integrity.Tests.IpcContractTests.IpcProtocol_BinaryFraming_MustUseLengthPrefixedFormat [FAIL]</Text>
      </RunInfo>
      <RunInfo computerName="SONAKSHI" outcome="Error" timestamp="2025-08-25T22:28:45.1809052+01:00">
        <Text>[xUnit.net 00:01:20.70]     Stroll.History.Integrity.Tests.PerformanceRegressionTests.PerformanceBaseline_GetOptionsCommands_MustMaintainSLO(symbol: "SPY", date: "2024-01-19", scenario: "weekly") [FAIL]</Text>
      </RunInfo>
      <RunInfo computerName="SONAKSHI" outcome="Error" timestamp="2025-08-25T22:28:45.2091342+01:00">
        <Text>[xUnit.net 00:01:20.72]     Stroll.History.Integrity.Tests.PerformanceRegressionTests.PerformanceBaseline_GetOptionsCommands_MustMaintainSLO(symbol: "SPY", date: "2024-01-31", scenario: "monthly") [FAIL]</Text>
      </RunInfo>
      <RunInfo computerName="SONAKSHI" outcome="Error" timestamp="2025-08-25T22:28:53.5262751+01:00">
        <Text>[xUnit.net 00:01:29.04]     Stroll.History.Integrity.Tests.IpcContractTests.IpcServer_Startup_MustCreateNamedPipeWithStandardName [FAIL]</Text>
      </RunInfo>
    </RunInfos>
  </ResultSummary>
</TestRun>