<?xml version="1.0" encoding="utf-8"?>
<TestRun id="7d04e4ca-3bc4-4938-af2d-7a992acfc3c5" name="revanur@SONAKSHI 2025-08-25 21:59:35" runUser="SONAKSHI\revanur" xmlns="http://microsoft.com/schemas/VisualStudio/TeamTest/2010">
  <Times creation="2025-08-25T21:59:35.8746608+01:00" queuing="2025-08-25T21:59:35.8746612+01:00" start="2025-08-25T21:59:34.8923285+01:00" finish="2025-08-25T22:00:55.3295689+01:00" />
  <TestSettings name="default" id="4db5201f-5a09-4d27-b69f-327d4c05800f">
    <Deployment runDeploymentRoot="revanur_SONAKSHI_2025-08-25_21_59_35" />
  </TestSettings>
  <Results>
    <UnitTestResult executionId="00407b6f-2946-43bf-aee1-ab4a16eb1676" testId="1660c8b5-3c0d-b313-cd84-8dbfedaee52e" testName="Stroll.History.Integrity.Tests.IpcContractTests.IpcErrorHandling_InvalidRequests_MustReturnStandardErrorFormat" computerName="SONAKSHI" duration="00:00:10.0263471" startTime="2025-08-25T22:00:05.6843828+01:00" endTime="2025-08-25T22:00:05.6843831+01:00" testType="13cdc9d9-ddb5-4fa4-a97d-d965ccfc6d4b" outcome="Failed" testListId="8c84fa94-04c1-424b-9868-57a2d4851a1d" relativeResultsDirectory="00407b6f-2946-43bf-aee1-ab4a16eb1676">
      <Output>
        <StdOut>Connection attempt to stroll.history failed: The operation has timed out.&#xD;
Connection attempt to stroll.history.server failed: The operation has timed out.&#xD;
Could not connect to any IPC pipe - test may be skipped</StdOut>
        <ErrorInfo>
          <Message>System.AggregateException : One or more errors occurred. (Object reference not set to an instance of an object.) (Object reference not set to an instance of an object.)&#xD;
---- System.NullReferenceException : Object reference not set to an instance of an object.&#xD;
---- System.NullReferenceException : Object reference not set to an instance of an object.</Message>
          <StackTrace>&#xD;
----- Inner Stack Trace #1 (System.NullReferenceException) -----&#xD;
   at Stroll.History.Integrity.Tests.IpcContractTests.SendIpcRequest(NamedPipeClientStream client, Object request, Int32 timeoutMs) in C:\code\Stroll\Stroll.History\Stroll.History.Integrity.Tests\IpcContractTests.cs:line 438&#xD;
   at Stroll.History.Integrity.Tests.IpcContractTests.IpcErrorHandling_InvalidRequests_MustReturnStandardErrorFormat() in C:\code\Stroll\Stroll.History\Stroll.History.Integrity.Tests\IpcContractTests.cs:line 296&#xD;
--- End of stack trace from previous location ---&#xD;
----- Inner Stack Trace #2 (System.NullReferenceException) -----&#xD;
   at Stroll.History.Integrity.Tests.IpcContractTests.DisposeAsync() in C:\code\Stroll\Stroll.History\Stroll.History.Integrity.Tests\IpcContractTests.cs:line 487&#xD;
   at Stroll.History.Integrity.Tests.IpcContractTests.DisposeAsync()</StackTrace>
        </ErrorInfo>
      </Output>
    </UnitTestResult>
    <UnitTestResult executionId="76cf71f2-d4eb-4ace-ad7a-f8607e4b9fa0" testId="852d2a22-e4c5-db23-b204-eeb31211f60c" testName="Stroll.History.Integrity.Tests.DataIntegrityTests.OptionsData_Availability_MustProvideValidChains(symbol: &quot;SPY&quot;, date: &quot;2024-01-19&quot;, description: &quot;weekly&quot;)" computerName="SONAKSHI" duration="00:00:00.0200197" startTime="2025-08-25T21:59:39.0538349+01:00" endTime="2025-08-25T21:59:39.0538352+01:00" testType="13cdc9d9-ddb5-4fa4-a97d-d965ccfc6d4b" outcome="Failed" testListId="8c84fa94-04c1-424b-9868-57a2d4851a1d" relativeResultsDirectory="76cf71f2-d4eb-4ace-ad7a-f8607e4b9fa0">
      <Output>
        <ErrorInfo>
          <Message>Expected result.ExitCode to be 0 because Options request for SPY 2024-01-19 should succeed or return data-not-found, but found -1 (difference of -1).</Message>
          <StackTrace>   at FluentAssertions.Execution.XUnit2TestFramework.Throw(String message)&#xD;
   at FluentAssertions.Execution.TestFrameworkProvider.Throw(String message)&#xD;
   at FluentAssertions.Execution.DefaultAssertionStrategy.HandleFailure(String message)&#xD;
   at FluentAssertions.Execution.AssertionScope.FailWith(Func`1 failReasonFunc)&#xD;
   at FluentAssertions.Execution.AssertionScope.FailWith(Func`1 failReasonFunc)&#xD;
   at FluentAssertions.Execution.AssertionScope.FailWith(String message, Object[] args)&#xD;
   at FluentAssertions.Numeric.NumericAssertions`2.Be(T expected, String because, Object[] becauseArgs)&#xD;
   at Stroll.History.Integrity.Tests.DataIntegrityTests.OptionsData_Availability_MustProvideValidChains(String symbol, String date, String description) in C:\code\Stroll\Stroll.History\Stroll.History.Integrity.Tests\DataIntegrityTests.cs:line 242&#xD;
--- End of stack trace from previous location ---</StackTrace>
        </ErrorInfo>
      </Output>
    </UnitTestResult>
    <UnitTestResult executionId="6d97b634-74da-48b0-99c9-523aec8a9553" testId="67affca7-d2a3-f2c9-5a36-dcf803e169a1" testName="Stroll.History.Integrity.Tests.ProcessLifecycleTests.ResourceLimits_UnderNormalLoad_MustNotExceedLimits" computerName="SONAKSHI" duration="00:00:05.7442365" startTime="2025-08-25T22:00:04.6311514+01:00" endTime="2025-08-25T22:00:04.6311517+01:00" testType="13cdc9d9-ddb5-4fa4-a97d-d965ccfc6d4b" outcome="Failed" testListId="8c84fa94-04c1-424b-9868-57a2d4851a1d" relativeResultsDirectory="6d97b634-74da-48b0-99c9-523aec8a9553">
      <Output>
        <ErrorInfo>
          <Message>System.InvalidOperationException : Sequence contains no elements</Message>
          <StackTrace>   at System.Linq.ThrowHelper.ThrowNoElementsException()&#xD;
   at System.Linq.Enumerable.Average[TSource,TAccumulator,TResult](IEnumerable`1 source)&#xD;
   at Stroll.History.Integrity.Tests.ProcessLifecycleTests.ResourceLimits_UnderNormalLoad_MustNotExceedLimits() in C:\code\Stroll\Stroll.History\Stroll.History.Integrity.Tests\ProcessLifecycleTests.cs:line 176&#xD;
--- End of stack trace from previous location ---</StackTrace>
        </ErrorInfo>
      </Output>
    </UnitTestResult>
    <UnitTestResult executionId="6adbf38f-68d0-4f2c-b7fb-5c15f4fcd0af" testId="a3cc2a23-de32-b194-4da8-ac2edc918fbd" testName="Stroll.History.Integrity.Tests.PerformanceRegressionTests.ColdStart_Performance_MustMeetBootstrapSLO" computerName="SONAKSHI" duration="00:00:05.6405454" startTime="2025-08-25T21:59:48.6661242+01:00" endTime="2025-08-25T21:59:48.6661245+01:00" testType="13cdc9d9-ddb5-4fa4-a97d-d965ccfc6d4b" outcome="Passed" testListId="8c84fa94-04c1-424b-9868-57a2d4851a1d" relativeResultsDirectory="6adbf38f-68d0-4f2c-b7fb-5c15f4fcd0af">
      <Output>
        <StdOut>Cold Start Performance: Avg=127.2ms, Max=136ms</StdOut>
      </Output>
    </UnitTestResult>
    <UnitTestResult executionId="77079f81-c143-4414-bfaf-8de710c1277f" testId="f12d43d6-09ca-94cc-3081-2e6b5b79a2f5" testName="Stroll.History.Integrity.Tests.IpcContractTests.IpcConnection_Persistence_MustReuseConnectionsEfficiently" computerName="SONAKSHI" duration="00:00:05.1257738" startTime="2025-08-25T22:00:24.6190290+01:00" endTime="2025-08-25T22:00:24.6190292+01:00" testType="13cdc9d9-ddb5-4fa4-a97d-d965ccfc6d4b" outcome="Failed" testListId="8c84fa94-04c1-424b-9868-57a2d4851a1d" relativeResultsDirectory="77079f81-c143-4414-bfaf-8de710c1277f">
      <Output>
        <StdOut>Connection attempt to stroll.history failed: The operation has timed out.</StdOut>
        <ErrorInfo>
          <Message>System.IO.IOException : Pipe is broken.</Message>
          <StackTrace>   at System.IO.Pipes.PipeStream.WriteCore(ReadOnlySpan`1 buffer)&#xD;
   at System.IO.Pipes.PipeStream.&lt;&gt;c.&lt;AsyncOverSyncWrite&gt;b__78_0(ValueTuple`2 s)&#xD;
   at System.Threading.AsyncOverSyncWithIoCancellation.InvokeAsync[TState](Action`1 action, TState state, CancellationToken cancellationToken)&#xD;
   at System.Runtime.CompilerServices.PoolingAsyncValueTaskMethodBuilder`1.StateMachineBox`1.System.Threading.Tasks.Sources.IValueTaskSource.GetResult(Int16 token)&#xD;
   at Stroll.History.Integrity.Tests.IpcContractTests.SendIpcRequest(NamedPipeClientStream client, Object request, Int32 timeoutMs) in C:\code\Stroll\Stroll.History\Stroll.History.Integrity.Tests\IpcContractTests.cs:line 438&#xD;
   at Stroll.History.Integrity.Tests.IpcContractTests.IpcConnection_Persistence_MustReuseConnectionsEfficiently() in C:\code\Stroll\Stroll.History\Stroll.History.Integrity.Tests\IpcContractTests.cs:line 263&#xD;
--- End of stack trace from previous location ---</StackTrace>
        </ErrorInfo>
      </Output>
    </UnitTestResult>
    <UnitTestResult executionId="9b378787-2e3a-4ea1-bef5-a9112201b176" testId="d9d5e9cb-812b-39a5-915f-74231facbaf3" testName="Stroll.History.Integrity.Tests.PerformanceRegressionTests.PerformanceBaseline_GetBarsCommands_MustMaintainSLO(symbol: &quot;SPY&quot;, from: &quot;2024-01-15&quot;, to: &quot;2024-01-15&quot;, granularity: &quot;1d&quot;, scenario: &quot;single_day&quot;)" computerName="SONAKSHI" duration="00:00:00.0196064" startTime="2025-08-25T21:59:37.0500964+01:00" endTime="2025-08-25T21:59:37.0500965+01:00" testType="13cdc9d9-ddb5-4fa4-a97d-d965ccfc6d4b" outcome="Failed" testListId="8c84fa94-04c1-424b-9868-57a2d4851a1d" relativeResultsDirectory="9b378787-2e3a-4ea1-bef5-a9112201b176">
      <Output>
        <ErrorInfo>
          <Message>Expected result.ExitCode to be 0 because get-bars single_day must succeed, but found -1 (difference of -1).</Message>
          <StackTrace>   at FluentAssertions.Execution.XUnit2TestFramework.Throw(String message)&#xD;
   at FluentAssertions.Execution.TestFrameworkProvider.Throw(String message)&#xD;
   at FluentAssertions.Execution.DefaultAssertionStrategy.HandleFailure(String message)&#xD;
   at FluentAssertions.Execution.AssertionScope.FailWith(Func`1 failReasonFunc)&#xD;
   at FluentAssertions.Execution.AssertionScope.FailWith(Func`1 failReasonFunc)&#xD;
   at FluentAssertions.Execution.AssertionScope.FailWith(String message, Object[] args)&#xD;
   at FluentAssertions.Numeric.NumericAssertions`2.Be(T expected, String because, Object[] becauseArgs)&#xD;
   at Stroll.History.Integrity.Tests.PerformanceRegressionTests.PerformanceBaseline_GetBarsCommands_MustMaintainSLO(String symbol, String from, String to, String granularity, String scenario) in C:\code\Stroll\Stroll.History\Stroll.History.Integrity.Tests\PerformanceRegressionTests.cs:line 96&#xD;
--- End of stack trace from previous location ---</StackTrace>
        </ErrorInfo>
      </Output>
    </UnitTestResult>
    <UnitTestResult executionId="6ab239a0-a72d-48e1-b66f-8f69f48588a8" testId="498b763e-7b76-0e04-e368-31cf9aced6ba" testName="Stroll.History.Integrity.Tests.ProcessLifecycleTests.ForceKill_MustCleanupResources" computerName="SONAKSHI" duration="00:00:00.0160902" startTime="2025-08-25T22:00:04.6471078+01:00" endTime="2025-08-25T22:00:04.6471081+01:00" testType="13cdc9d9-ddb5-4fa4-a97d-d965ccfc6d4b" outcome="Passed" testListId="8c84fa94-04c1-424b-9868-57a2d4851a1d" relativeResultsDirectory="6ab239a0-a72d-48e1-b66f-8f69f48588a8">
      <Output>
        <StdOut>Process 43208 terminated and cleaned up successfully</StdOut>
      </Output>
    </UnitTestResult>
    <UnitTestResult executionId="9b7cc82c-4053-4038-9727-68fdcf5991ac" testId="2fdfcb73-88ba-ce23-826c-6777399aa01c" testName="Stroll.History.Integrity.Tests.IpcContractTests.IpcConnection_Performance_MustMeetLatencySLO" computerName="SONAKSHI" duration="00:00:10.0102591" startTime="2025-08-25T21:59:46.9790352+01:00" endTime="2025-08-25T21:59:46.9790355+01:00" testType="13cdc9d9-ddb5-4fa4-a97d-d965ccfc6d4b" outcome="Passed" testListId="8c84fa94-04c1-424b-9868-57a2d4851a1d" relativeResultsDirectory="9b7cc82c-4053-4038-9727-68fdcf5991ac">
      <Output>
        <StdOut>Connection attempt to stroll.history failed: The operation has timed out.&#xD;
Connection attempt to stroll.history.server failed: The operation has timed out.&#xD;
Could not connect to any IPC pipe - test may be skipped&#xD;
IPC server not available - skipping test</StdOut>
      </Output>
    </UnitTestResult>
    <UnitTestResult executionId="38892233-42c0-4167-8eef-7d2ed16ece6a" testId="d5b7c5d1-908c-90c4-0c53-379ba6ea3959" testName="Stroll.History.Integrity.Tests.DataIntegrityTests.OilEnergyData_Availability_MustBeAccessible(symbol: &quot;ERX&quot;)" computerName="SONAKSHI" duration="00:00:00.2817946" startTime="2025-08-25T21:59:38.7448995+01:00" endTime="2025-08-25T21:59:38.7448998+01:00" testType="13cdc9d9-ddb5-4fa4-a97d-d965ccfc6d4b" outcome="Passed" testListId="8c84fa94-04c1-424b-9868-57a2d4851a1d" relativeResultsDirectory="38892233-42c0-4167-8eef-7d2ed16ece6a" />
    <UnitTestResult executionId="a21a8e12-1182-4d4c-97d1-4fae6389ec24" testId="c60bb786-dacb-4f91-d8c0-17001cfed7a7" testName="Stroll.History.Integrity.Tests.ContractValidationTests.CLI_MustHandleInvalidArguments_WithStandardErrorFormat" computerName="SONAKSHI" duration="00:00:00.1504948" startTime="2025-08-25T21:59:36.5309096+01:00" endTime="2025-08-25T21:59:36.5309104+01:00" testType="13cdc9d9-ddb5-4fa4-a97d-d965ccfc6d4b" outcome="Failed" testListId="8c84fa94-04c1-424b-9868-57a2d4851a1d" relativeResultsDirectory="a21a8e12-1182-4d4c-97d1-4fae6389ec24">
      <Output>
        <StdOut>Command: invalid-command --badarg value&#xD;
Exit Code: 64&#xD;
Execution Time: 148ms&#xD;
Output: &#xD;
Error: {&#xD;
  "schema": "stroll.history.v1",&#xD;
  "ok": false,&#xD;
  "error": {&#xD;
    "code": "USAGE",&#xD;
    "message": "unknown command \u0027invalid-command\u0027",&#xD;
    "hint": "try: stroll.history discover"&#xD;
  }&#xD;
}</StdOut>
        <ErrorInfo>
          <Message>System.Text.Json.JsonException : The input does not contain any JSON tokens. Expected the input to start with a valid JSON token, when isFinalBlock is true. Path: $ | LineNumber: 0 | BytePositionInLine: 0.&#xD;
---- System.Text.Json.JsonReaderException : The input does not contain any JSON tokens. Expected the input to start with a valid JSON token, when isFinalBlock is true. LineNumber: 0 | BytePositionInLine: 0.</Message>
          <StackTrace>   at System.Text.Json.ThrowHelper.ReThrowWithPath(ReadStack&amp; state, JsonReaderException ex)&#xD;
   at System.Text.Json.Serialization.JsonConverter`1.ReadCore(Utf8JsonReader&amp; reader, T&amp; value, JsonSerializerOptions options, ReadStack&amp; state)&#xD;
   at System.Text.Json.Serialization.Metadata.JsonTypeInfo`1.Deserialize(Utf8JsonReader&amp; reader, ReadStack&amp; state)&#xD;
   at System.Text.Json.JsonSerializer.ReadFromSpan[TValue](ReadOnlySpan`1 utf8Json, JsonTypeInfo`1 jsonTypeInfo, Nullable`1 actualByteCount)&#xD;
   at System.Text.Json.JsonSerializer.ReadFromSpan[TValue](ReadOnlySpan`1 json, JsonTypeInfo`1 jsonTypeInfo)&#xD;
   at System.Text.Json.JsonSerializer.Deserialize[TValue](String json, JsonSerializerOptions options)&#xD;
   at Stroll.History.Integrity.Tests.ContractValidationTests.CLI_MustHandleInvalidArguments_WithStandardErrorFormat() in C:\code\Stroll\Stroll.History\Stroll.History.Integrity.Tests\ContractValidationTests.cs:line 226&#xD;
--- End of stack trace from previous location ---&#xD;
----- Inner Stack Trace -----&#xD;
   at System.Text.Json.ThrowHelper.ThrowJsonReaderException(Utf8JsonReader&amp; json, ExceptionResource resource, Byte nextByte, ReadOnlySpan`1 bytes)&#xD;
   at System.Text.Json.Utf8JsonReader.Read()&#xD;
   at System.Text.Json.Serialization.JsonConverter`1.ReadCore(Utf8JsonReader&amp; reader, T&amp; value, JsonSerializerOptions options, ReadStack&amp; state)</StackTrace>
        </ErrorInfo>
      </Output>
    </UnitTestResult>
    <UnitTestResult executionId="e9c3addb-cf76-4b1e-8fff-6854ba214080" testId="9013f874-8a4c-4c73-e79f-a509e61da1b6" testName="Stroll.History.Integrity.Tests.DataIntegrityTests.OilEnergyData_Availability_MustBeAccessible(symbol: &quot;GUSH&quot;)" computerName="SONAKSHI" duration="00:00:00.1783892" startTime="2025-08-25T21:59:37.8849036+01:00" endTime="2025-08-25T21:59:37.8849039+01:00" testType="13cdc9d9-ddb5-4fa4-a97d-d965ccfc6d4b" outcome="Passed" testListId="8c84fa94-04c1-424b-9868-57a2d4851a1d" relativeResultsDirectory="e9c3addb-cf76-4b1e-8fff-6854ba214080" />
    <UnitTestResult executionId="e9bc6cdb-3a20-4a47-803f-6795971e3ba3" testId="8c252c2d-052d-8947-948e-0317943dbcb9" testName="Stroll.History.Integrity.Tests.PerformanceRegressionTests.PerformanceBaseline_GetOptionsCommands_MustMaintainSLO(symbol: &quot;SPY&quot;, date: &quot;2024-01-19&quot;, scenario: &quot;weekly&quot;)" computerName="SONAKSHI" duration="00:00:00.0298196" startTime="2025-08-25T22:00:55.2459430+01:00" endTime="2025-08-25T22:00:55.2459433+01:00" testType="13cdc9d9-ddb5-4fa4-a97d-d965ccfc6d4b" outcome="Failed" testListId="8c84fa94-04c1-424b-9868-57a2d4851a1d" relativeResultsDirectory="e9bc6cdb-3a20-4a47-803f-6795971e3ba3">
      <Output>
        <ErrorInfo>
          <Message>Expected result.ExitCode to be 0 because get-options weekly must succeed, but found -1 (difference of -1).</Message>
          <StackTrace>   at FluentAssertions.Execution.XUnit2TestFramework.Throw(String message)&#xD;
   at FluentAssertions.Execution.TestFrameworkProvider.Throw(String message)&#xD;
   at FluentAssertions.Execution.AssertionScope.FailWith(Func`1 failReasonFunc)&#xD;
   at FluentAssertions.Numeric.NumericAssertions`2.Be(T expected, String because, Object[] becauseArgs)&#xD;
   at Stroll.History.Integrity.Tests.PerformanceRegressionTests.PerformanceBaseline_GetOptionsCommands_MustMaintainSLO(String symbol, String date, String scenario) in C:\code\Stroll\Stroll.History\Stroll.History.Integrity.Tests\PerformanceRegressionTests.cs:line 142&#xD;
--- End of stack trace from previous location ---</StackTrace>
        </ErrorInfo>
      </Output>
    </UnitTestResult>
    <UnitTestResult executionId="c75fa66d-3540-4adb-9b42-a668ad9c39ee" testId="73faff17-d744-8883-57fa-d6a3005947d4" testName="Stroll.History.Integrity.Tests.DataIntegrityTests.OilEnergyData_Availability_MustBeAccessible(symbol: &quot;DRIP&quot;)" computerName="SONAKSHI" duration="00:00:00.1553714" startTime="2025-08-25T21:59:37.7060455+01:00" endTime="2025-08-25T21:59:37.7060460+01:00" testType="13cdc9d9-ddb5-4fa4-a97d-d965ccfc6d4b" outcome="Passed" testListId="8c84fa94-04c1-424b-9868-57a2d4851a1d" relativeResultsDirectory="c75fa66d-3540-4adb-9b42-a668ad9c39ee" />
    <UnitTestResult executionId="b2004d9a-8188-4076-9c11-14fea17d1ecf" testId="7c2f39fd-95d4-786a-c566-b77ae9fa6746" testName="Stroll.History.Integrity.Tests.ContractValidationTests.CLI_GetBars_InvalidSymbol_MustReturnStandardError" computerName="SONAKSHI" duration="00:00:00.1946473" startTime="2025-08-25T21:59:36.7297283+01:00" endTime="2025-08-25T21:59:36.7297286+01:00" testType="13cdc9d9-ddb5-4fa4-a97d-d965ccfc6d4b" outcome="Passed" testListId="8c84fa94-04c1-424b-9868-57a2d4851a1d" relativeResultsDirectory="b2004d9a-8188-4076-9c11-14fea17d1ecf">
      <Output>
        <StdOut>Command: get-bars --symbol INVALID_SYMBOL_XYZ --from 2024-01-01 --to 2024-01-31&#xD;
Exit Code: 0&#xD;
Execution Time: 193ms&#xD;
Output: {"schema":"stroll.history.v1","ok":true,"data":{"symbol":"INVALID_SYMBOL_XYZ","granularity":"1m","from":"2024-01-01","to":"2024-01-31","bars":[]},"meta":{"count":0,"timestamp":"2025-08-25T20:59:36.672Z"}}</StdOut>
      </Output>
    </UnitTestResult>
    <UnitTestResult executionId="41068d4b-8019-4553-a2c7-3ca3196d5924" testId="6ca5a343-28d2-988e-a3d1-0ac59578c058" testName="Stroll.History.Integrity.Tests.IpcContractTests.IpcServer_Startup_MustCreateNamedPipeWithStandardName" computerName="SONAKSHI" duration="00:00:10.0063824" startTime="2025-08-25T22:00:54.9200343+01:00" endTime="2025-08-25T22:00:54.9200345+01:00" testType="13cdc9d9-ddb5-4fa4-a97d-d965ccfc6d4b" outcome="Passed" testListId="8c84fa94-04c1-424b-9868-57a2d4851a1d" relativeResultsDirectory="41068d4b-8019-4553-a2c7-3ca3196d5924">
      <Output>
        <StdOut>Testing IPC server pipe name conventions...&#xD;
Failed to connect to stroll.history: The operation has timed out.&#xD;
Failed to connect to stroll.history.26744: The operation has timed out.&#xD;
Successfully connected to pipe: stroll.history.server</StdOut>
      </Output>
    </UnitTestResult>
    <UnitTestResult executionId="d7b44c53-a441-4b67-bca6-31163421303f" testId="0a60c8d7-ce2e-951c-8c65-0d1888537231" testName="Stroll.History.Integrity.Tests.PerformanceRegressionTests.PerformanceBaseline_DiscoverCommand_MustMaintainSLO" computerName="SONAKSHI" duration="00:00:01.6705864" startTime="2025-08-25T21:59:36.9725012+01:00" endTime="2025-08-25T21:59:36.9725015+01:00" testType="13cdc9d9-ddb5-4fa4-a97d-d965ccfc6d4b" outcome="Failed" testListId="8c84fa94-04c1-424b-9868-57a2d4851a1d" relativeResultsDirectory="d7b44c53-a441-4b67-bca6-31163421303f">
      <Output>
        <ErrorInfo>
          <Message>Expected result.ExitCode to be 0 because discover must succeed for baseline measurement, but found -1 (difference of -1).</Message>
          <StackTrace>   at FluentAssertions.Execution.XUnit2TestFramework.Throw(String message)&#xD;
   at FluentAssertions.Execution.TestFrameworkProvider.Throw(String message)&#xD;
   at FluentAssertions.Execution.DefaultAssertionStrategy.HandleFailure(String message)&#xD;
   at FluentAssertions.Execution.AssertionScope.FailWith(Func`1 failReasonFunc)&#xD;
   at FluentAssertions.Execution.AssertionScope.FailWith(Func`1 failReasonFunc)&#xD;
   at FluentAssertions.Execution.AssertionScope.FailWith(String message, Object[] args)&#xD;
   at FluentAssertions.Numeric.NumericAssertions`2.Be(T expected, String because, Object[] becauseArgs)&#xD;
   at Stroll.History.Integrity.Tests.PerformanceRegressionTests.PerformanceBaseline_DiscoverCommand_MustMaintainSLO() in C:\code\Stroll\Stroll.History\Stroll.History.Integrity.Tests\PerformanceRegressionTests.cs:line 52&#xD;
--- End of stack trace from previous location ---</StackTrace>
        </ErrorInfo>
      </Output>
    </UnitTestResult>
    <UnitTestResult executionId="09e5aa60-5543-49ef-af95-901109ce1b4f" testId="968fccda-0f7b-3d4a-0c3e-3ba8f27712a1" testName="Stroll.History.Integrity.Tests.ContractValidationTests.CLI_Version_MustReturnValidVersionSchema" computerName="SONAKSHI" duration="00:00:00.1352125" startTime="2025-08-25T21:59:35.8303913+01:00" endTime="2025-08-25T21:59:35.8303918+01:00" testType="13cdc9d9-ddb5-4fa4-a97d-d965ccfc6d4b" outcome="Passed" testListId="8c84fa94-04c1-424b-9868-57a2d4851a1d" relativeResultsDirectory="09e5aa60-5543-49ef-af95-901109ce1b4f">
      <Output>
        <StdOut>Command: version&#xD;
Exit Code: 0&#xD;
Execution Time: 133ms&#xD;
Output: {"schema":"stroll.history.v1","ok":true,"data":{"service":"stroll.history","version":"1.0.0"}}</StdOut>
      </Output>
    </UnitTestResult>
    <UnitTestResult executionId="14c680f0-df46-4902-b1e2-b21045aa923c" testId="7d24f10f-08c2-6db5-865f-0317ad547814" testName="Stroll.History.Integrity.Tests.DataIntegrityTests.OilEnergyData_Availability_MustBeAccessible(symbol: &quot;XLE&quot;)" computerName="SONAKSHI" duration="00:00:00.0570755" startTime="2025-08-25T21:59:37.0637400+01:00" endTime="2025-08-25T21:59:37.0637402+01:00" testType="13cdc9d9-ddb5-4fa4-a97d-d965ccfc6d4b" outcome="Failed" testListId="8c84fa94-04c1-424b-9868-57a2d4851a1d" relativeResultsDirectory="14c680f0-df46-4902-b1e2-b21045aa923c">
      <Output>
        <StdOut>Oil/Energy symbol XLE not available: Exit=-1, Output=</StdOut>
        <ErrorInfo>
          <Message>Expected result.ExitCode to be one of {0, 3} because XLE should either succeed (0) or report no data (3), not fail completely, but found -1.</Message>
          <StackTrace>   at FluentAssertions.Execution.XUnit2TestFramework.Throw(String message)&#xD;
   at FluentAssertions.Execution.TestFrameworkProvider.Throw(String message)&#xD;
   at FluentAssertions.Execution.DefaultAssertionStrategy.HandleFailure(String message)&#xD;
   at FluentAssertions.Execution.AssertionScope.FailWith(Func`1 failReasonFunc)&#xD;
   at FluentAssertions.Execution.AssertionScope.FailWith(Func`1 failReasonFunc)&#xD;
   at FluentAssertions.Execution.AssertionScope.FailWith(String message, Object[] args)&#xD;
   at FluentAssertions.Numeric.NumericAssertions`2.BeOneOf(IEnumerable`1 validValues, String because, Object[] becauseArgs)&#xD;
   at Stroll.History.Integrity.Tests.DataIntegrityTests.OilEnergyData_Availability_MustBeAccessible(String symbol) in C:\code\Stroll\Stroll.History\Stroll.History.Integrity.Tests\DataIntegrityTests.cs:line 198&#xD;
--- End of stack trace from previous location ---</StackTrace>
        </ErrorInfo>
      </Output>
    </UnitTestResult>
    <UnitTestResult executionId="dec70153-50a1-4dbe-a26f-c81cfe8b5332" testId="f7a3ab53-c7e7-2087-a390-a9470fdf08f5" testName="Stroll.History.Integrity.Tests.ContractValidationTests.CLI_GetBars_MonthlyRange_MustMeetPerformanceSLO" computerName="SONAKSHI" duration="00:00:00.1637457" startTime="2025-08-25T21:59:36.3784482+01:00" endTime="2025-08-25T21:59:36.3784486+01:00" testType="13cdc9d9-ddb5-4fa4-a97d-d965ccfc6d4b" outcome="Passed" testListId="8c84fa94-04c1-424b-9868-57a2d4851a1d" relativeResultsDirectory="dec70153-50a1-4dbe-a26f-c81cfe8b5332">
      <Output>
        <StdOut>Command: get-bars --symbol SPY --from 2024-01-01 --to 2024-01-31 --granularity 1d&#xD;
Exit Code: 0&#xD;
Execution Time: 161ms&#xD;
Output: {"schema":"stroll.history.v1","ok":true,"data":{"symbol":"SPY","granularity":"1d","from":"2024-01-01","to":"2024-01-31","bars":[{"t":"","o":464.783,"h":466.27,"l":463.14,"c":465.266,"v":124960111,"symbol":"SPY","g":"1d"},{"t":"","o":463.08,"h":463.829,"l":460.856,"c":461.466,"v":105229929,"symbol":"SPY","g":"1d"},{"t":"","o":460.984,"h":463.601,"l":459.752,"c":459.98,"v":85569059,"symbol":"SPY","g":"1d"},{"t":"","o":460.186,"h":463.09,"l":459.142,"c":460.61,"v":87485749,"symbol":"SPY","g":"1d"},{"t":"","o":461.111,"h":467.334,"l":460.984,"c":467.185,"v":76067517,"symbol":"SPY","g":"1d"},{"t":"","o":464.497,"h":467.509,"l":463.986,"c":466.476,"v":66977869,"symbol":"SPY","g":"1d"},{"t":"","o":466.752,"h":469.989,"l":466.466,"c":469.114,"v":68378960,"symbol":"SPY","g":"1d"},{"t":"","o":470.128,"h":470.651,"l":464.881,"c":468.908,"v":79177759,"symbol":"SPY","g":"1d"},{"t":"","o":470.373,"h":471.123,"l":467.805,"c":469.233,"v":58947386,"symbol":"SPY","g":"1d"},{"t":"","o":467.834,"h":469.164,"l":465.669,"c":467.509,"v":86364183,"symbol":"SPY","g":"1d"},{"t":"","o":464.448,"h":465.403,"l":462.53,"c":464.911,"v":69936526,"symbol":"SPY","g":"1d"},{"t":"","o":466.604,"h":469.607,"l":465.039,"c":469.045,"v":93314144,"symbol":"SPY","g":"1d"},{"t":"","o":470.188,"h":475.178,"l":469.091,"c":474.892,"v":112593592,"symbol":"SPY","g":"1d"},{"t":"","o":476.448,"h":477.639,"l":475.237,"c":475.897,"v":77048703,"symbol":"SPY","g":"1d"},{"t":"","o":476.448,"h":477.525,"l":475.345,"c":477.285,"v":50738003,"symbol":"SPY","g":"1d"},{"t":"","o":480.188,"h":481.133,"l":477.307,"c":477.806,"v":83062772,"symbol":"SPY","g":"1d"},{"t":"","o":479.958,"h":480.677,"l":477.806,"c":480.404,"v":73676069,"symbol":"SPY","g":"1d"},{"t":"","o":479.973,"h":481.478,"l":478.939,"c":479.794,"v":77858026,"symbol":"SPY","g":"1d"},{"t":"","o":480.109,"h":483.737,"l":479.558,"c":483.595,"v":62296035,"symbol":"SPY","g":"1d"},{"t":"","o":482.896,"h":483.94,"l":482.453,"c":483.221,"v":59548747,"symbol":"SPY","g":"1d"},{"t":"","o":480.987,"h":481.439,"l":475.316,"c":475.335,"v":128011046,"symbol":"SPY","g":"1d"}]},"meta":{"count":21,"timestamp":"2025-08-25T20:59:36.354Z"}}</StdOut>
      </Output>
    </UnitTestResult>
    <UnitTestResult executionId="1f994fc6-1e57-425e-9f17-20624ec9bfa3" testId="c498f224-7d3c-0cf5-5186-95f77e5a2cd8" testName="Stroll.History.Integrity.Tests.DataIntegrityTests.OilEnergyData_Availability_MustBeAccessible(symbol: &quot;UNG&quot;)" computerName="SONAKSHI" duration="00:00:00.2832229" startTime="2025-08-25T21:59:37.5503161+01:00" endTime="2025-08-25T21:59:37.5503170+01:00" testType="13cdc9d9-ddb5-4fa4-a97d-d965ccfc6d4b" outcome="Passed" testListId="8c84fa94-04c1-424b-9868-57a2d4851a1d" relativeResultsDirectory="1f994fc6-1e57-425e-9f17-20624ec9bfa3" />
    <UnitTestResult executionId="c3229930-cc18-4981-a6e1-3fbb78114302" testId="b13f8a79-42f6-99db-717d-12f7ffb70858" testName="Stroll.History.Integrity.Tests.PerformanceRegressionTests.PerformanceBaseline_GetBarsCommands_MustMaintainSLO(symbol: &quot;SPY&quot;, from: &quot;2024-01-01&quot;, to: &quot;2024-01-31&quot;, granularity: &quot;1d&quot;, scenario: &quot;single_month&quot;)" computerName="SONAKSHI" duration="00:00:00.0258062" startTime="2025-08-25T21:59:36.9987372+01:00" endTime="2025-08-25T21:59:36.9987374+01:00" testType="13cdc9d9-ddb5-4fa4-a97d-d965ccfc6d4b" outcome="Failed" testListId="8c84fa94-04c1-424b-9868-57a2d4851a1d" relativeResultsDirectory="c3229930-cc18-4981-a6e1-3fbb78114302">
      <Output>
        <ErrorInfo>
          <Message>Expected result.ExitCode to be 0 because get-bars single_month must succeed, but found -1 (difference of -1).</Message>
          <StackTrace>   at FluentAssertions.Execution.XUnit2TestFramework.Throw(String message)&#xD;
   at FluentAssertions.Execution.TestFrameworkProvider.Throw(String message)&#xD;
   at FluentAssertions.Execution.DefaultAssertionStrategy.HandleFailure(String message)&#xD;
   at FluentAssertions.Execution.AssertionScope.FailWith(Func`1 failReasonFunc)&#xD;
   at FluentAssertions.Execution.AssertionScope.FailWith(Func`1 failReasonFunc)&#xD;
   at FluentAssertions.Execution.AssertionScope.FailWith(String message, Object[] args)&#xD;
   at FluentAssertions.Numeric.NumericAssertions`2.Be(T expected, String because, Object[] becauseArgs)&#xD;
   at Stroll.History.Integrity.Tests.PerformanceRegressionTests.PerformanceBaseline_GetBarsCommands_MustMaintainSLO(String symbol, String from, String to, String granularity, String scenario) in C:\code\Stroll\Stroll.History\Stroll.History.Integrity.Tests\PerformanceRegressionTests.cs:line 96&#xD;
--- End of stack trace from previous location ---</StackTrace>
        </ErrorInfo>
      </Output>
    </UnitTestResult>
    <UnitTestResult executionId="c39e9b39-3f6e-4456-aecd-29cbdd0e15cd" testId="a1abdd3e-f3c6-1c14-6064-4f2dd0d24d96" testName="Stroll.History.Integrity.Tests.DataIntegrityTests.OilEnergyData_Availability_MustBeAccessible(symbol: &quot;ERY&quot;)" computerName="SONAKSHI" duration="00:00:00.2542277" startTime="2025-08-25T21:59:38.1394385+01:00" endTime="2025-08-25T21:59:38.1394390+01:00" testType="13cdc9d9-ddb5-4fa4-a97d-d965ccfc6d4b" outcome="Passed" testListId="8c84fa94-04c1-424b-9868-57a2d4851a1d" relativeResultsDirectory="c39e9b39-3f6e-4456-aecd-29cbdd0e15cd" />
    <UnitTestResult executionId="3e9133da-7991-410a-8e20-4ad5efa5424c" testId="63daa1ce-c43b-f74b-dff2-ca8051321189" testName="Stroll.History.Integrity.Tests.DataIntegrityTests.DataQuality_OHLCV_MustSatisfyFinancialInvariants(symbol: &quot;XLE&quot;)" computerName="SONAKSHI" duration="00:00:00.1661561" startTime="2025-08-25T21:59:36.5077771+01:00" endTime="2025-08-25T21:59:36.5077780+01:00" testType="13cdc9d9-ddb5-4fa4-a97d-d965ccfc6d4b" outcome="Passed" testListId="8c84fa94-04c1-424b-9868-57a2d4851a1d" relativeResultsDirectory="3e9133da-7991-410a-8e20-4ad5efa5424c">
      <Output>
        <StdOut>Invalid timestamp format in bar data: &#xD;
Invalid timestamp format in bar data: &#xD;
Invalid timestamp format in bar data: &#xD;
Invalid timestamp format in bar data: &#xD;
Invalid timestamp format in bar data: &#xD;
Invalid timestamp format in bar data: &#xD;
Invalid timestamp format in bar data: &#xD;
Invalid timestamp format in bar data: &#xD;
Invalid timestamp format in bar data: &#xD;
Invalid timestamp format in bar data: &#xD;
Invalid timestamp format in bar data: &#xD;
Invalid timestamp format in bar data: &#xD;
Invalid timestamp format in bar data: &#xD;
Invalid timestamp format in bar data: &#xD;
Invalid timestamp format in bar data: &#xD;
Invalid timestamp format in bar data: &#xD;
Invalid timestamp format in bar data: &#xD;
Invalid timestamp format in bar data: &#xD;
Invalid timestamp format in bar data: &#xD;
Invalid timestamp format in bar data: &#xD;
Invalid timestamp format in bar data: &#xD;
XLE Data Quality: 21 bars, 0 violations, Score: 100.00%</StdOut>
      </Output>
    </UnitTestResult>
    <UnitTestResult executionId="6502dfaf-2640-4bb2-8ba9-54696f5feeb3" testId="34c2d878-9f9a-c3fb-f608-685427dd1ff8" testName="Stroll.History.Integrity.Tests.DataIntegrityTests.MultiSymbol_ConsistentResponse_MustHaveSameSchema" computerName="SONAKSHI" duration="00:00:00.5638350" startTime="2025-08-25T21:59:39.8899886+01:00" endTime="2025-08-25T21:59:39.8899899+01:00" testType="13cdc9d9-ddb5-4fa4-a97d-d965ccfc6d4b" outcome="Passed" testListId="8c84fa94-04c1-424b-9868-57a2d4851a1d" relativeResultsDirectory="6502dfaf-2640-4bb2-8ba9-54696f5feeb3">
      <Output>
        <StdOut>Schema consistency validated across 3 symbols</StdOut>
      </Output>
    </UnitTestResult>
    <UnitTestResult executionId="489fb006-2896-466e-9e4f-99ba3b6992f5" testId="d868ef31-8c21-5b32-9e1e-7ecb8735d5ce" testName="Stroll.History.Integrity.Tests.DataIntegrityTests.DataQuality_OHLCV_MustSatisfyFinancialInvariants(symbol: &quot;USO&quot;)" computerName="SONAKSHI" duration="00:00:00.1570798" startTime="2025-08-25T21:59:36.1696068+01:00" endTime="2025-08-25T21:59:36.1696075+01:00" testType="13cdc9d9-ddb5-4fa4-a97d-d965ccfc6d4b" outcome="Passed" testListId="8c84fa94-04c1-424b-9868-57a2d4851a1d" relativeResultsDirectory="489fb006-2896-466e-9e4f-99ba3b6992f5">
      <Output>
        <StdOut>Invalid timestamp format in bar data: &#xD;
Invalid timestamp format in bar data: &#xD;
Invalid timestamp format in bar data: &#xD;
Invalid timestamp format in bar data: &#xD;
Invalid timestamp format in bar data: &#xD;
Invalid timestamp format in bar data: &#xD;
Invalid timestamp format in bar data: &#xD;
Invalid timestamp format in bar data: &#xD;
Invalid timestamp format in bar data: &#xD;
Invalid timestamp format in bar data: &#xD;
Invalid timestamp format in bar data: &#xD;
Invalid timestamp format in bar data: &#xD;
Invalid timestamp format in bar data: &#xD;
Invalid timestamp format in bar data: &#xD;
Invalid timestamp format in bar data: &#xD;
Invalid timestamp format in bar data: &#xD;
Invalid timestamp format in bar data: &#xD;
Invalid timestamp format in bar data: &#xD;
Invalid timestamp format in bar data: &#xD;
Invalid timestamp format in bar data: &#xD;
Invalid timestamp format in bar data: &#xD;
USO Data Quality: 21 bars, 0 violations, Score: 100.00%</StdOut>
      </Output>
    </UnitTestResult>
    <UnitTestResult executionId="6fb760b7-1c1f-4177-abff-db3b0cf05bd6" testId="bf31a76f-3c4d-96bf-54e8-1fab0c1cb5d5" testName="Stroll.History.Integrity.Tests.PerformanceRegressionTests.LoadTest_ConcurrentRequests_MustMaintainThroughputSLO" computerName="SONAKSHI" duration="00:01:06.5488750" startTime="2025-08-25T22:00:55.2151528+01:00" endTime="2025-08-25T22:00:55.2151533+01:00" testType="13cdc9d9-ddb5-4fa4-a97d-d965ccfc6d4b" outcome="Passed" testListId="8c84fa94-04c1-424b-9868-57a2d4851a1d" relativeResultsDirectory="6fb760b7-1c1f-4177-abff-db3b0cf05bd6">
      <Output>
        <StdOut>Load Test Results: 1495 successful requests, 0.00% error rate, 88.73ms avg latency</StdOut>
      </Output>
    </UnitTestResult>
    <UnitTestResult executionId="05d4e825-82f9-4c0a-a230-e4de36c7b3f8" testId="698150cf-a3bf-0a44-9fc6-9e4a7cd1afaf" testName="Stroll.History.Integrity.Tests.DataIntegrityTests.DataCompleteness_TradingDays_MustNotHaveUnexpectedGaps(symbol: &quot;USO&quot;)" computerName="SONAKSHI" duration="00:00:00.1713654" startTime="2025-08-25T21:59:35.7083840+01:00" endTime="2025-08-25T21:59:35.7083844+01:00" testType="13cdc9d9-ddb5-4fa4-a97d-d965ccfc6d4b" outcome="Passed" testListId="8c84fa94-04c1-424b-9868-57a2d4851a1d" relativeResultsDirectory="05d4e825-82f9-4c0a-a230-e4de36c7b3f8">
      <Output>
        <StdOut>USO Completeness: 21 bars, 0 suspicious gaps</StdOut>
      </Output>
    </UnitTestResult>
    <UnitTestResult executionId="11ae0645-668f-4cd5-abbb-72949856988a" testId="bd89ac76-1178-a9a8-b539-d7abc58c5d5d" testName="Stroll.History.Integrity.Tests.IpcContractTests.IpcConnectionPool_ResourceManagement_MustHandleConnectionLifecycle" computerName="SONAKSHI" duration="00:00:05.0157709" startTime="2025-08-25T22:00:29.6378777+01:00" endTime="2025-08-25T22:00:29.6378780+01:00" testType="13cdc9d9-ddb5-4fa4-a97d-d965ccfc6d4b" outcome="Failed" testListId="8c84fa94-04c1-424b-9868-57a2d4851a1d" relativeResultsDirectory="11ae0645-668f-4cd5-abbb-72949856988a">
      <Output>
        <StdOut>Connection attempt to stroll.history failed: The operation has timed out.</StdOut>
        <ErrorInfo>
          <Message>System.IO.IOException : Pipe is broken.</Message>
          <StackTrace>   at System.IO.Pipes.PipeStream.WriteCore(ReadOnlySpan`1 buffer)&#xD;
   at System.IO.Pipes.PipeStream.&lt;&gt;c.&lt;AsyncOverSyncWrite&gt;b__78_0(ValueTuple`2 s)&#xD;
   at System.Threading.AsyncOverSyncWithIoCancellation.InvokeAsync[TState](Action`1 action, TState state, CancellationToken cancellationToken)&#xD;
   at System.Runtime.CompilerServices.PoolingAsyncValueTaskMethodBuilder`1.StateMachineBox`1.System.Threading.Tasks.Sources.IValueTaskSource.GetResult(Int16 token)&#xD;
   at Stroll.History.Integrity.Tests.IpcContractTests.SendIpcRequest(NamedPipeClientStream client, Object request, Int32 timeoutMs) in C:\code\Stroll\Stroll.History\Stroll.History.Integrity.Tests\IpcContractTests.cs:line 438&#xD;
   at Stroll.History.Integrity.Tests.IpcContractTests.IpcConnectionPool_ResourceManagement_MustHandleConnectionLifecycle() in C:\code\Stroll\Stroll.History\Stroll.History.Integrity.Tests\IpcContractTests.cs:line 378&#xD;
--- End of stack trace from previous location ---</StackTrace>
        </ErrorInfo>
      </Output>
    </UnitTestResult>
    <UnitTestResult executionId="edfc1142-588b-442c-9fa2-f1f264e09a8e" testId="46f4fb9a-9ec3-3575-6a3e-f54dfe0e0e6b" testName="Stroll.History.Integrity.Tests.ProcessLifecycleTests.ErrorRecovery_TransientFailures_MustRecoverGracefully" computerName="SONAKSHI" duration="00:00:10.2539349" startTime="2025-08-25T21:59:58.8851687+01:00" endTime="2025-08-25T21:59:58.8851698+01:00" testType="13cdc9d9-ddb5-4fa4-a97d-d965ccfc6d4b" outcome="Passed" testListId="8c84fa94-04c1-424b-9868-57a2d4851a1d" relativeResultsDirectory="edfc1142-588b-442c-9fa2-f1f264e09a8e">
      <Output>
        <StdOut>Error Recovery: Success Rate=90.00%, Avg Latency=555.1ms</StdOut>
      </Output>
    </UnitTestResult>
    <UnitTestResult executionId="c840c2e6-7b62-4ac1-b15e-41b4452c30b9" testId="eee663c9-7edd-c938-7bf2-4a34517b3c51" testName="Stroll.History.Integrity.Tests.DataIntegrityTests.DataQuality_OHLCV_MustSatisfyFinancialInvariants(symbol: &quot;QQQ&quot;)" computerName="SONAKSHI" duration="00:00:00.1712547" startTime="2025-08-25T21:59:36.3412686+01:00" endTime="2025-08-25T21:59:36.3412692+01:00" testType="13cdc9d9-ddb5-4fa4-a97d-d965ccfc6d4b" outcome="Passed" testListId="8c84fa94-04c1-424b-9868-57a2d4851a1d" relativeResultsDirectory="c840c2e6-7b62-4ac1-b15e-41b4452c30b9">
      <Output>
        <StdOut>Invalid timestamp format in bar data: &#xD;
Invalid timestamp format in bar data: &#xD;
Invalid timestamp format in bar data: &#xD;
Invalid timestamp format in bar data: &#xD;
Invalid timestamp format in bar data: &#xD;
Invalid timestamp format in bar data: &#xD;
Invalid timestamp format in bar data: &#xD;
Invalid timestamp format in bar data: &#xD;
Invalid timestamp format in bar data: &#xD;
Invalid timestamp format in bar data: &#xD;
Invalid timestamp format in bar data: &#xD;
Invalid timestamp format in bar data: &#xD;
Invalid timestamp format in bar data: &#xD;
Invalid timestamp format in bar data: &#xD;
Invalid timestamp format in bar data: &#xD;
Invalid timestamp format in bar data: &#xD;
Invalid timestamp format in bar data: &#xD;
Invalid timestamp format in bar data: &#xD;
Invalid timestamp format in bar data: &#xD;
Invalid timestamp format in bar data: &#xD;
Invalid timestamp format in bar data: &#xD;
QQQ Data Quality: 21 bars, 0 violations, Score: 100.00%</StdOut>
      </Output>
    </UnitTestResult>
    <UnitTestResult executionId="d907ca66-79a8-483b-b297-904e88a8e90b" testId="f0453f9e-8f1b-6bc5-2f7d-f889f91dca59" testName="Stroll.History.Integrity.Tests.ContractValidationTests.CLI_ProviderStatus_MustReturnHealthInformation" computerName="SONAKSHI" duration="00:00:00.3808022" startTime="2025-08-25T21:59:36.2171720+01:00" endTime="2025-08-25T21:59:36.2171724+01:00" testType="13cdc9d9-ddb5-4fa4-a97d-d965ccfc6d4b" outcome="Failed" testListId="8c84fa94-04c1-424b-9868-57a2d4851a1d" relativeResultsDirectory="d907ca66-79a8-483b-b297-904e88a8e90b">
      <Output>
        <StdOut>Command: provider-status&#xD;
Exit Code: 0&#xD;
Execution Time: 378ms&#xD;
Output: info: Stroll.Historical.DataAcquisitionEngine[0]&#xD;
      Added Local Historical Data provider&#xD;
info: Stroll.Historical.DataAcquisitionEngine[0]&#xD;
      Added Yahoo Finance provider&#xD;
?? Data Provider Status:&#xD;
&#xD;
? ?? Local Historical Data (Priority: 0)&#xD;
   Available: True&#xD;
   Healthy: False&#xD;
   Response Time: 2ms&#xD;
   Rate Limit: 2147483647/2147483647 per minute&#xD;
&#xD;
? ?? Yahoo Finance (Priority: 1)&#xD;
   Available: True&#xD;
   Healthy: False&#xD;
   Response Time: 208ms&#xD;
   Rate Limit: 30/30 per minute</StdOut>
        <ErrorInfo>
          <Message>System.Text.Json.JsonException : 'i' is an invalid start of a value. Path: $ | LineNumber: 0 | BytePositionInLine: 0.&#xD;
---- System.Text.Json.JsonReaderException : 'i' is an invalid start of a value. LineNumber: 0 | BytePositionInLine: 0.</Message>
          <StackTrace>   at System.Text.Json.ThrowHelper.ReThrowWithPath(ReadStack&amp; state, JsonReaderException ex)&#xD;
   at System.Text.Json.Serialization.JsonConverter`1.ReadCore(Utf8JsonReader&amp; reader, T&amp; value, JsonSerializerOptions options, ReadStack&amp; state)&#xD;
   at System.Text.Json.Serialization.Metadata.JsonTypeInfo`1.Deserialize(Utf8JsonReader&amp; reader, ReadStack&amp; state)&#xD;
   at System.Text.Json.JsonSerializer.ReadFromSpan[TValue](ReadOnlySpan`1 utf8Json, JsonTypeInfo`1 jsonTypeInfo, Nullable`1 actualByteCount)&#xD;
   at System.Text.Json.JsonSerializer.ReadFromSpan[TValue](ReadOnlySpan`1 json, JsonTypeInfo`1 jsonTypeInfo)&#xD;
   at System.Text.Json.JsonSerializer.Deserialize[TValue](String json, JsonSerializerOptions options)&#xD;
   at Stroll.History.Integrity.Tests.ContractValidationTests.CLI_ProviderStatus_MustReturnHealthInformation() in C:\code\Stroll\Stroll.History\Stroll.History.Integrity.Tests\ContractValidationTests.cs:line 201&#xD;
--- End of stack trace from previous location ---&#xD;
----- Inner Stack Trace -----&#xD;
   at System.Text.Json.ThrowHelper.ThrowJsonReaderException(Utf8JsonReader&amp; json, ExceptionResource resource, Byte nextByte, ReadOnlySpan`1 bytes)&#xD;
   at System.Text.Json.Utf8JsonReader.ConsumeValue(Byte marker)&#xD;
   at System.Text.Json.Utf8JsonReader.ReadFirstToken(Byte first)&#xD;
   at System.Text.Json.Utf8JsonReader.ReadSingleSegment()&#xD;
   at System.Text.Json.Utf8JsonReader.Read()&#xD;
   at System.Text.Json.Serialization.JsonConverter`1.ReadCore(Utf8JsonReader&amp; reader, T&amp; value, JsonSerializerOptions options, ReadStack&amp; state)</StackTrace>
        </ErrorInfo>
      </Output>
    </UnitTestResult>
    <UnitTestResult executionId="2fffefe7-682d-4ec3-8bc0-c8000b60ef8a" testId="24742c7d-d023-969a-bdc2-2d3c3debc16b" testName="Stroll.History.Integrity.Tests.DataIntegrityTests.LongTermData_Availability_MustSpanMultipleYears" computerName="SONAKSHI" duration="00:00:00.0680246" startTime="2025-08-25T21:59:35.3764125+01:00" endTime="2025-08-25T21:59:35.3764317+01:00" testType="13cdc9d9-ddb5-4fa4-a97d-d965ccfc6d4b" outcome="Failed" testListId="8c84fa94-04c1-424b-9868-57a2d4851a1d" relativeResultsDirectory="2fffefe7-682d-4ec3-8bc0-c8000b60ef8a">
      <Output>
        <ErrorInfo>
          <Message>Expected result.ExitCode to be 0 because Long-term data request should succeed, but found -1 (difference of -1).</Message>
          <StackTrace>   at FluentAssertions.Execution.XUnit2TestFramework.Throw(String message)&#xD;
   at FluentAssertions.Execution.TestFrameworkProvider.Throw(String message)&#xD;
   at FluentAssertions.Execution.DefaultAssertionStrategy.HandleFailure(String message)&#xD;
   at FluentAssertions.Execution.AssertionScope.FailWith(Func`1 failReasonFunc)&#xD;
   at FluentAssertions.Execution.AssertionScope.FailWith(Func`1 failReasonFunc)&#xD;
   at FluentAssertions.Execution.AssertionScope.FailWith(String message, Object[] args)&#xD;
   at FluentAssertions.Numeric.NumericAssertions`2.Be(T expected, String because, Object[] becauseArgs)&#xD;
   at Stroll.History.Integrity.Tests.DataIntegrityTests.LongTermData_Availability_MustSpanMultipleYears() in C:\code\Stroll\Stroll.History\Stroll.History.Integrity.Tests\DataIntegrityTests.cs:line 330&#xD;
--- End of stack trace from previous location ---</StackTrace>
        </ErrorInfo>
      </Output>
    </UnitTestResult>
    <UnitTestResult executionId="47c9ca34-482e-40a1-831d-ceba508c5723" testId="9720b5d8-629d-49df-67fd-acba0735f3a3" testName="Stroll.History.Integrity.Tests.IpcContractTests.IpcLargePayload_DataTransfer_MustHandleMultiMegabyteResponses" computerName="SONAKSHI" duration="00:00:05.0223555" startTime="2025-08-25T22:00:19.4905568+01:00" endTime="2025-08-25T22:00:19.4905569+01:00" testType="13cdc9d9-ddb5-4fa4-a97d-d965ccfc6d4b" outcome="Failed" testListId="8c84fa94-04c1-424b-9868-57a2d4851a1d" relativeResultsDirectory="47c9ca34-482e-40a1-831d-ceba508c5723">
      <Output>
        <StdOut>Connection attempt to stroll.history failed: The operation has timed out.</StdOut>
        <ErrorInfo>
          <Message>System.IO.IOException : Pipe is broken.</Message>
          <StackTrace>   at System.IO.Pipes.PipeStream.WriteCore(ReadOnlySpan`1 buffer)&#xD;
   at System.IO.Pipes.PipeStream.&lt;&gt;c.&lt;AsyncOverSyncWrite&gt;b__78_0(ValueTuple`2 s)&#xD;
   at System.Threading.AsyncOverSyncWithIoCancellation.InvokeAsync[TState](Action`1 action, TState state, CancellationToken cancellationToken)&#xD;
   at System.Runtime.CompilerServices.PoolingAsyncValueTaskMethodBuilder`1.StateMachineBox`1.System.Threading.Tasks.Sources.IValueTaskSource.GetResult(Int16 token)&#xD;
   at Stroll.History.Integrity.Tests.IpcContractTests.SendIpcRequest(NamedPipeClientStream client, Object request, Int32 timeoutMs) in C:\code\Stroll\Stroll.History\Stroll.History.Integrity.Tests\IpcContractTests.cs:line 438&#xD;
   at Stroll.History.Integrity.Tests.IpcContractTests.IpcLargePayload_DataTransfer_MustHandleMultiMegabyteResponses() in C:\code\Stroll\Stroll.History\Stroll.History.Integrity.Tests\IpcContractTests.cs:line 338&#xD;
--- End of stack trace from previous location ---</StackTrace>
        </ErrorInfo>
      </Output>
    </UnitTestResult>
    <UnitTestResult executionId="8b6ac2db-c23f-4254-912f-82b398e626f9" testId="cf1ff64e-8e10-7ae6-a670-98faed7e8dbe" testName="Stroll.History.Integrity.Tests.ContractValidationTests.CLI_GetOptions_MustMeetPerformanceAndQualitySLO(date: &quot;2024-01-19&quot;, description: &quot;weekly expiry&quot;)" computerName="SONAKSHI" duration="00:00:00.0722040" startTime="2025-08-25T21:59:37.0024331+01:00" endTime="2025-08-25T21:59:37.0024335+01:00" testType="13cdc9d9-ddb5-4fa4-a97d-d965ccfc6d4b" outcome="Failed" testListId="8c84fa94-04c1-424b-9868-57a2d4851a1d" relativeResultsDirectory="8b6ac2db-c23f-4254-912f-82b398e626f9">
      <Output>
        <StdOut>Command: get-options --symbol SPY --date 2024-01-19&#xD;
Exit Code: -1&#xD;
Execution Time: 70ms&#xD;
Output:</StdOut>
        <ErrorInfo>
          <Message>Expected result.ExitCode to be 0 because valid options request must succeed, but found -1 (difference of -1).</Message>
          <StackTrace>   at FluentAssertions.Execution.XUnit2TestFramework.Throw(String message)&#xD;
   at FluentAssertions.Execution.TestFrameworkProvider.Throw(String message)&#xD;
   at FluentAssertions.Execution.DefaultAssertionStrategy.HandleFailure(String message)&#xD;
   at FluentAssertions.Execution.AssertionScope.FailWith(Func`1 failReasonFunc)&#xD;
   at FluentAssertions.Execution.AssertionScope.FailWith(Func`1 failReasonFunc)&#xD;
   at FluentAssertions.Execution.AssertionScope.FailWith(String message, Object[] args)&#xD;
   at FluentAssertions.Numeric.NumericAssertions`2.Be(T expected, String because, Object[] becauseArgs)&#xD;
   at Stroll.History.Integrity.Tests.ContractValidationTests.CLI_GetOptions_MustMeetPerformanceAndQualitySLO(String date, String description) in C:\code\Stroll\Stroll.History\Stroll.History.Integrity.Tests\ContractValidationTests.cs:line 172&#xD;
--- End of stack trace from previous location ---</StackTrace>
        </ErrorInfo>
      </Output>
    </UnitTestResult>
    <UnitTestResult executionId="09a72b91-ccd0-4886-9ac3-ad32a96a8cd5" testId="547563c8-101e-3ed7-b3d3-ffeb50de455a" testName="Stroll.History.Integrity.Tests.DataIntegrityTests.OilEnergyData_Availability_MustBeAccessible(symbol: &quot;OILY&quot;)" computerName="SONAKSHI" duration="00:00:00.1355538" startTime="2025-08-25T21:59:38.2752771+01:00" endTime="2025-08-25T21:59:38.2752777+01:00" testType="13cdc9d9-ddb5-4fa4-a97d-d965ccfc6d4b" outcome="Passed" testListId="8c84fa94-04c1-424b-9868-57a2d4851a1d" relativeResultsDirectory="09a72b91-ccd0-4886-9ac3-ad32a96a8cd5" />
    <UnitTestResult executionId="f30d3e8f-60ae-4ffd-9b2c-dbd2e1ac633d" testId="63e5e473-b665-c476-0652-077debdb9447" testName="Stroll.History.Integrity.Tests.IpcContractTests.IpcProtocol_BinaryFraming_MustUseLengthPrefixedFormat" computerName="SONAKSHI" duration="00:00:05.1239442" startTime="2025-08-25T22:00:44.8945065+01:00" endTime="2025-08-25T22:00:44.8945067+01:00" testType="13cdc9d9-ddb5-4fa4-a97d-d965ccfc6d4b" outcome="Failed" testListId="8c84fa94-04c1-424b-9868-57a2d4851a1d" relativeResultsDirectory="f30d3e8f-60ae-4ffd-9b2c-dbd2e1ac633d">
      <Output>
        <StdOut>Connection attempt to stroll.history failed: The operation has timed out.</StdOut>
        <ErrorInfo>
          <Message>System.IO.IOException : Pipe is broken.</Message>
          <StackTrace>   at System.IO.Pipes.PipeStream.WriteCore(ReadOnlySpan`1 buffer)&#xD;
   at System.IO.Pipes.PipeStream.&lt;&gt;c.&lt;AsyncOverSyncWrite&gt;b__78_0(ValueTuple`2 s)&#xD;
   at System.Threading.AsyncOverSyncWithIoCancellation.InvokeAsync[TState](Action`1 action, TState state, CancellationToken cancellationToken)&#xD;
   at System.Runtime.CompilerServices.PoolingAsyncValueTaskMethodBuilder`1.StateMachineBox`1.System.Threading.Tasks.Sources.IValueTaskSource.GetResult(Int16 token)&#xD;
   at Stroll.History.Integrity.Tests.IpcContractTests.IpcProtocol_BinaryFraming_MustUseLengthPrefixedFormat() in C:\code\Stroll\Stroll.History\Stroll.History.Integrity.Tests\IpcContractTests.cs:line 100&#xD;
--- End of stack trace from previous location ---</StackTrace>
        </ErrorInfo>
      </Output>
    </UnitTestResult>
    <UnitTestResult executionId="c348abf8-fffe-4287-ae2b-8d9bf5b4612e" testId="070eb660-3594-4f33-e767-639f4867d099" testName="Stroll.History.Integrity.Tests.PerformanceRegressionTests.MemoryUsage_UnderLoad_MustNotExceedLimits" computerName="SONAKSHI" duration="00:00:05.9736395" startTime="2025-08-25T21:59:43.0261011+01:00" endTime="2025-08-25T21:59:43.0261014+01:00" testType="13cdc9d9-ddb5-4fa4-a97d-d965ccfc6d4b" outcome="Failed" testListId="8c84fa94-04c1-424b-9868-57a2d4851a1d" relativeResultsDirectory="c348abf8-fffe-4287-ae2b-8d9bf5b4612e">
      <Output>
        <ErrorInfo>
          <Message>System.ComponentModel.Win32Exception : An error occurred trying to start process 'C:\code\Stroll\Stroll.History\Stroll.History.Integrity.Tests\bin\Debug\net9.0\..\..\..\..\Stroll.Historical\bin\Debug\net9.0\Stroll.Historical.exe' with working directory 'C:\code\Stroll\Stroll.History\Stroll.History.Integrity.Tests\bin\Debug\net9.0'. Access is denied.</Message>
          <StackTrace>   at System.Diagnostics.Process.StartWithCreateProcess(ProcessStartInfo startInfo)&#xD;
   at System.Diagnostics.Process.Start(ProcessStartInfo startInfo)&#xD;
   at Stroll.History.Integrity.Tests.PerformanceRegressionTests.ExecuteCliCommand(String arguments) in C:\code\Stroll\Stroll.History\Stroll.History.Integrity.Tests\PerformanceRegressionTests.cs:line 331&#xD;
   at Stroll.History.Integrity.Tests.PerformanceRegressionTests.&lt;GenerateMemoryLoadTest&gt;b__16_0() in C:\code\Stroll\Stroll.History\Stroll.History.Integrity.Tests\PerformanceRegressionTests.cs:line 397&#xD;
   at Stroll.History.Integrity.Tests.PerformanceRegressionTests.GenerateMemoryLoadTest() in C:\code\Stroll\Stroll.History\Stroll.History.Integrity.Tests\PerformanceRegressionTests.cs:line 403&#xD;
   at Stroll.History.Integrity.Tests.PerformanceRegressionTests.MemoryUsage_UnderLoad_MustNotExceedLimits() in C:\code\Stroll\Stroll.History\Stroll.History.Integrity.Tests\PerformanceRegressionTests.cs:line 269&#xD;
--- End of stack trace from previous location ---</StackTrace>
        </ErrorInfo>
      </Output>
    </UnitTestResult>
    <UnitTestResult executionId="ef55cb20-9e07-4a7e-83e1-ce9f7261a29d" testId="77a4f4e8-bb0c-c2d6-caf9-3aaae7127b49" testName="Stroll.History.Integrity.Tests.DataIntegrityTests.OilEnergyData_Availability_MustBeAccessible(symbol: &quot;USO&quot;)" computerName="SONAKSHI" duration="00:00:00.1872818" startTime="2025-08-25T21:59:38.4628141+01:00" endTime="2025-08-25T21:59:38.4628148+01:00" testType="13cdc9d9-ddb5-4fa4-a97d-d965ccfc6d4b" outcome="Passed" testListId="8c84fa94-04c1-424b-9868-57a2d4851a1d" relativeResultsDirectory="ef55cb20-9e07-4a7e-83e1-ce9f7261a29d" />
    <UnitTestResult executionId="e7aabb69-431b-4f02-862e-468ac170fb7b" testId="dfe6ee38-021d-7fbf-62be-74dc8f7bd624" testName="Stroll.History.Integrity.Tests.DataIntegrityTests.DataCompleteness_TradingDays_MustNotHaveUnexpectedGaps(symbol: &quot;XLE&quot;)" computerName="SONAKSHI" duration="00:00:00.1435269" startTime="2025-08-25T21:59:36.0121988+01:00" endTime="2025-08-25T21:59:36.0121992+01:00" testType="13cdc9d9-ddb5-4fa4-a97d-d965ccfc6d4b" outcome="Passed" testListId="8c84fa94-04c1-424b-9868-57a2d4851a1d" relativeResultsDirectory="e7aabb69-431b-4f02-862e-468ac170fb7b">
      <Output>
        <StdOut>XLE Completeness: 21 bars, 0 suspicious gaps</StdOut>
      </Output>
    </UnitTestResult>
    <UnitTestResult executionId="f17af05b-19af-4f17-ab1d-939fccef3b73" testId="a97e8704-df43-aa55-d55e-cc7f9f54d62b" testName="Stroll.History.Integrity.Tests.ContractValidationTests.CLI_GetBars_SingleDay_MustMeetPerformanceSLO" computerName="SONAKSHI" duration="00:00:00.1976516" startTime="2025-08-25T21:59:35.5019365+01:00" endTime="2025-08-25T21:59:35.5019368+01:00" testType="13cdc9d9-ddb5-4fa4-a97d-d965ccfc6d4b" outcome="Passed" testListId="8c84fa94-04c1-424b-9868-57a2d4851a1d" relativeResultsDirectory="f17af05b-19af-4f17-ab1d-939fccef3b73">
      <Output>
        <StdOut>Command: get-bars --symbol SPY --from 2024-01-15 --to 2024-01-15 --granularity 1d&#xD;
Exit Code: 0&#xD;
Execution Time: 170ms&#xD;
Output: {"schema":"stroll.history.v1","ok":true,"data":{"symbol":"SPY","granularity":"1d","from":"2024-01-15","to":"2024-01-15","bars":[]},"meta":{"count":0,"timestamp":"2025-08-25T20:59:35.446Z"}}&#xD;
&#xD;
No data returned - skipping data quality validation</StdOut>
      </Output>
    </UnitTestResult>
    <UnitTestResult executionId="1e2998ab-d1f8-4b54-8811-d98a94c93d72" testId="45ddda53-a0bf-e237-e92e-8d2bacc11893" testName="Stroll.History.Integrity.Tests.DataIntegrityTests.OilEnergyData_Availability_MustBeAccessible(symbol: &quot;BOIL&quot;)" computerName="SONAKSHI" duration="00:00:00.2034125" startTime="2025-08-25T21:59:37.2667531+01:00" endTime="2025-08-25T21:59:37.2667535+01:00" testType="13cdc9d9-ddb5-4fa4-a97d-d965ccfc6d4b" outcome="Passed" testListId="8c84fa94-04c1-424b-9868-57a2d4851a1d" relativeResultsDirectory="1e2998ab-d1f8-4b54-8811-d98a94c93d72" />
    <UnitTestResult executionId="304663c8-6cdd-46cd-8949-a2ad0ce1f1f9" testId="d50dac0e-a7de-09cc-da1c-bc348c29be5f" testName="Stroll.History.Integrity.Tests.DataIntegrityTests.OilEnergyData_Availability_MustBeAccessible(symbol: &quot;XOP&quot;)" computerName="SONAKSHI" duration="00:00:00.1677381" startTime="2025-08-25T21:59:36.8981841+01:00" endTime="2025-08-25T21:59:36.8981847+01:00" testType="13cdc9d9-ddb5-4fa4-a97d-d965ccfc6d4b" outcome="Passed" testListId="8c84fa94-04c1-424b-9868-57a2d4851a1d" relativeResultsDirectory="304663c8-6cdd-46cd-8949-a2ad0ce1f1f9" />
    <UnitTestResult executionId="0b4ebdc5-b3ba-406e-a539-3fd98343ccbd" testId="21515c87-1674-a668-24cd-e7cf0b8b79a6" testName="Stroll.History.Integrity.Tests.ProcessLifecycleTests.ColdStart_Performance_MustMeetBootstrapSLO" computerName="SONAKSHI" duration="00:00:08.1128123" startTime="2025-08-25T21:59:45.0297629+01:00" endTime="2025-08-25T21:59:45.0297632+01:00" testType="13cdc9d9-ddb5-4fa4-a97d-d965ccfc6d4b" outcome="Passed" testListId="8c84fa94-04c1-424b-9868-57a2d4851a1d" relativeResultsDirectory="0b4ebdc5-b3ba-406e-a539-3fd98343ccbd">
      <Output>
        <StdOut>Cold start 1: 137ms&#xD;
Cold start 2: 135ms&#xD;
Cold start 3: 140ms&#xD;
Cold start 4: 138ms&#xD;
Cold start 5: 137ms&#xD;
Cold Start Performance: Avg=137.4ms, Max=140ms</StdOut>
      </Output>
    </UnitTestResult>
    <UnitTestResult executionId="be89f4cd-d8a0-4240-bfb7-88d19b73f115" testId="9abd53b2-101b-f815-e8cf-0804376ff000" testName="Stroll.History.Integrity.Tests.DataIntegrityTests.OilEnergyData_Availability_MustBeAccessible(symbol: &quot;OIH&quot;)" computerName="SONAKSHI" duration="00:00:00.1065758" startTime="2025-08-25T21:59:37.0059304+01:00" endTime="2025-08-25T21:59:37.0059312+01:00" testType="13cdc9d9-ddb5-4fa4-a97d-d965ccfc6d4b" outcome="Failed" testListId="8c84fa94-04c1-424b-9868-57a2d4851a1d" relativeResultsDirectory="be89f4cd-d8a0-4240-bfb7-88d19b73f115">
      <Output>
        <StdOut>Oil/Energy symbol OIH not available: Exit=-1, Output=</StdOut>
        <ErrorInfo>
          <Message>Expected result.ExitCode to be one of {0, 3} because OIH should either succeed (0) or report no data (3), not fail completely, but found -1.</Message>
          <StackTrace>   at FluentAssertions.Execution.XUnit2TestFramework.Throw(String message)&#xD;
   at FluentAssertions.Execution.TestFrameworkProvider.Throw(String message)&#xD;
   at FluentAssertions.Execution.DefaultAssertionStrategy.HandleFailure(String message)&#xD;
   at FluentAssertions.Execution.AssertionScope.FailWith(Func`1 failReasonFunc)&#xD;
   at FluentAssertions.Execution.AssertionScope.FailWith(Func`1 failReasonFunc)&#xD;
   at FluentAssertions.Execution.AssertionScope.FailWith(String message, Object[] args)&#xD;
   at FluentAssertions.Numeric.NumericAssertions`2.BeOneOf(IEnumerable`1 validValues, String because, Object[] becauseArgs)&#xD;
   at Stroll.History.Integrity.Tests.DataIntegrityTests.OilEnergyData_Availability_MustBeAccessible(String symbol) in C:\code\Stroll\Stroll.History\Stroll.History.Integrity.Tests\DataIntegrityTests.cs:line 198&#xD;
--- End of stack trace from previous location ---</StackTrace>
        </ErrorInfo>
      </Output>
    </UnitTestResult>
    <UnitTestResult executionId="981990ea-975e-455d-9c15-fd714bcfa88d" testId="a65e01be-e329-9ced-a231-8f240e9dbff3" testName="Stroll.History.Integrity.Tests.DataIntegrityTests.DataCompleteness_TradingDays_MustNotHaveUnexpectedGaps(symbol: &quot;SPY&quot;)" computerName="SONAKSHI" duration="00:00:00.1641159" startTime="2025-08-25T21:59:35.5367195+01:00" endTime="2025-08-25T21:59:35.5367201+01:00" testType="13cdc9d9-ddb5-4fa4-a97d-d965ccfc6d4b" outcome="Passed" testListId="8c84fa94-04c1-424b-9868-57a2d4851a1d" relativeResultsDirectory="981990ea-975e-455d-9c15-fd714bcfa88d">
      <Output>
        <StdOut>SPY Completeness: 21 bars, 0 suspicious gaps</StdOut>
      </Output>
    </UnitTestResult>
    <UnitTestResult executionId="a9f669af-3bf8-471a-88e9-3762cdd53d9c" testId="d1046a89-ce94-3c20-cf55-15cedf399078" testName="Stroll.History.Integrity.Tests.ProcessLifecycleTests.ConcurrentConnections_MustHandleMultipleClients" computerName="SONAKSHI" duration="00:00:00.2294431" startTime="2025-08-25T21:59:47.6212109+01:00" endTime="2025-08-25T21:59:47.6212111+01:00" testType="13cdc9d9-ddb5-4fa4-a97d-d965ccfc6d4b" outcome="Failed" testListId="8c84fa94-04c1-424b-9868-57a2d4851a1d" relativeResultsDirectory="a9f669af-3bf8-471a-88e9-3762cdd53d9c">
      <Output>
        <StdOut>Client 0: -1, 12ms&#xD;
Client 1: -1, 13ms&#xD;
Client 2: -1, 24ms&#xD;
Client 5: 0, 149ms&#xD;
Client 4: 0, 150ms&#xD;
Client 7: 0, 150ms&#xD;
Client 6: 0, 150ms&#xD;
Client 3: -1, 226ms</StdOut>
        <ErrorInfo>
          <Message>Expected successCount to be 8 because All concurrent requests must succeed, but found 4.</Message>
          <StackTrace>   at FluentAssertions.Execution.XUnit2TestFramework.Throw(String message)&#xD;
   at FluentAssertions.Execution.TestFrameworkProvider.Throw(String message)&#xD;
   at FluentAssertions.Execution.AssertionScope.FailWith(Func`1 failReasonFunc)&#xD;
   at FluentAssertions.Numeric.NumericAssertions`2.Be(T expected, String because, Object[] becauseArgs)&#xD;
   at Stroll.History.Integrity.Tests.ProcessLifecycleTests.ConcurrentConnections_MustHandleMultipleClients() in C:\code\Stroll\Stroll.History\Stroll.History.Integrity.Tests\ProcessLifecycleTests.cs:line 244&#xD;
--- End of stack trace from previous location ---</StackTrace>
        </ErrorInfo>
      </Output>
    </UnitTestResult>
    <UnitTestResult executionId="4056ad68-6c43-4ff6-bc0d-847b74c40b46" testId="616857ce-c3bb-273a-3c6c-953b19c49f8b" testName="Stroll.History.Integrity.Tests.DataIntegrityTests.OptionsData_Availability_MustProvideValidChains(symbol: &quot;SPY&quot;, date: &quot;2024-01-31&quot;, description: &quot;monthly&quot;)" computerName="SONAKSHI" duration="00:00:00.2870193" startTime="2025-08-25T21:59:39.0322975+01:00" endTime="2025-08-25T21:59:39.0322980+01:00" testType="13cdc9d9-ddb5-4fa4-a97d-d965ccfc6d4b" outcome="Passed" testListId="8c84fa94-04c1-424b-9868-57a2d4851a1d" relativeResultsDirectory="4056ad68-6c43-4ff6-bc0d-847b74c40b46" />
    <UnitTestResult executionId="568df038-44dd-4db7-b932-d057180d8b80" testId="345169e6-3dc3-afa2-a0a8-9fb2f1d400d2" testName="Stroll.History.Integrity.Tests.ProcessLifecycleTests.ProcessSpawn_Overhead_MustMeetPerformanceSLO" computerName="SONAKSHI" duration="00:00:02.3605673" startTime="2025-08-25T21:59:47.3907174+01:00" endTime="2025-08-25T21:59:47.3907177+01:00" testType="13cdc9d9-ddb5-4fa4-a97d-d965ccfc6d4b" outcome="Passed" testListId="8c84fa94-04c1-424b-9868-57a2d4851a1d" relativeResultsDirectory="568df038-44dd-4db7-b932-d057180d8b80">
      <Output>
        <StdOut>Process Spawn: P50=130ms, P95=142ms</StdOut>
      </Output>
    </UnitTestResult>
    <UnitTestResult executionId="ffae7e91-052d-4e3c-81d0-9e13e66e68cc" testId="ab2b2a05-ed37-b373-0697-8aa7b21d8d5d" testName="Stroll.History.Integrity.Tests.PerformanceRegressionTests.PerformanceBaseline_GetBarsCommands_MustMaintainSLO(symbol: &quot;SPY&quot;, from: &quot;2024-01-01&quot;, to: &quot;2024-01-07&quot;, granularity: &quot;1d&quot;, scenario: &quot;single_week&quot;)" computerName="SONAKSHI" duration="00:00:00.0308826" startTime="2025-08-25T21:59:37.0300331+01:00" endTime="2025-08-25T21:59:37.0300333+01:00" testType="13cdc9d9-ddb5-4fa4-a97d-d965ccfc6d4b" outcome="Failed" testListId="8c84fa94-04c1-424b-9868-57a2d4851a1d" relativeResultsDirectory="ffae7e91-052d-4e3c-81d0-9e13e66e68cc">
      <Output>
        <ErrorInfo>
          <Message>Expected result.ExitCode to be 0 because get-bars single_week must succeed, but found -1 (difference of -1).</Message>
          <StackTrace>   at FluentAssertions.Execution.XUnit2TestFramework.Throw(String message)&#xD;
   at FluentAssertions.Execution.TestFrameworkProvider.Throw(String message)&#xD;
   at FluentAssertions.Execution.DefaultAssertionStrategy.HandleFailure(String message)&#xD;
   at FluentAssertions.Execution.AssertionScope.FailWith(Func`1 failReasonFunc)&#xD;
   at FluentAssertions.Execution.AssertionScope.FailWith(Func`1 failReasonFunc)&#xD;
   at FluentAssertions.Execution.AssertionScope.FailWith(String message, Object[] args)&#xD;
   at FluentAssertions.Numeric.NumericAssertions`2.Be(T expected, String because, Object[] becauseArgs)&#xD;
   at Stroll.History.Integrity.Tests.PerformanceRegressionTests.PerformanceBaseline_GetBarsCommands_MustMaintainSLO(String symbol, String from, String to, String granularity, String scenario) in C:\code\Stroll\Stroll.History\Stroll.History.Integrity.Tests\PerformanceRegressionTests.cs:line 96&#xD;
--- End of stack trace from previous location ---</StackTrace>
        </ErrorInfo>
      </Output>
    </UnitTestResult>
    <UnitTestResult executionId="02d0b23e-49a9-497e-8104-6e0a7306b01e" testId="669a21aa-c949-333b-2581-d8d519a421f7" testName="Stroll.History.Integrity.Tests.PerformanceRegressionTests.PerformanceBaseline_GetOptionsCommands_MustMaintainSLO(symbol: &quot;SPY&quot;, date: &quot;2024-01-31&quot;, scenario: &quot;monthly&quot;)" computerName="SONAKSHI" duration="00:00:00.0197601" startTime="2025-08-25T22:00:55.2658202+01:00" endTime="2025-08-25T22:00:55.2658205+01:00" testType="13cdc9d9-ddb5-4fa4-a97d-d965ccfc6d4b" outcome="Failed" testListId="8c84fa94-04c1-424b-9868-57a2d4851a1d" relativeResultsDirectory="02d0b23e-49a9-497e-8104-6e0a7306b01e">
      <Output>
        <ErrorInfo>
          <Message>Expected result.ExitCode to be 0 because get-options monthly must succeed, but found -1 (difference of -1).</Message>
          <StackTrace>   at FluentAssertions.Execution.XUnit2TestFramework.Throw(String message)&#xD;
   at FluentAssertions.Execution.TestFrameworkProvider.Throw(String message)&#xD;
   at FluentAssertions.Execution.AssertionScope.FailWith(Func`1 failReasonFunc)&#xD;
   at FluentAssertions.Numeric.NumericAssertions`2.Be(T expected, String because, Object[] becauseArgs)&#xD;
   at Stroll.History.Integrity.Tests.PerformanceRegressionTests.PerformanceBaseline_GetOptionsCommands_MustMaintainSLO(String symbol, String date, String scenario) in C:\code\Stroll\Stroll.History\Stroll.History.Integrity.Tests\PerformanceRegressionTests.cs:line 142&#xD;
--- End of stack trace from previous location ---</StackTrace>
        </ErrorInfo>
      </Output>
    </UnitTestResult>
    <UnitTestResult executionId="d23feaba-86ea-4cda-8d52-72b0c73d10f0" testId="130227d6-949f-cd4f-6bff-8d4961f0ee9a" testName="Stroll.History.Integrity.Tests.ContractValidationTests.CLI_GetOptions_MustMeetPerformanceAndQualitySLO(date: &quot;2024-01-31&quot;, description: &quot;monthly expiry&quot;)" computerName="SONAKSHI" duration="00:00:00.1988775" startTime="2025-08-25T21:59:36.9288504+01:00" endTime="2025-08-25T21:59:36.9288508+01:00" testType="13cdc9d9-ddb5-4fa4-a97d-d965ccfc6d4b" outcome="Passed" testListId="8c84fa94-04c1-424b-9868-57a2d4851a1d" relativeResultsDirectory="d23feaba-86ea-4cda-8d52-72b0c73d10f0">
      <Output>
        <StdOut>Command: get-options --symbol SPY --date 2024-01-31&#xD;
Exit Code: 0&#xD;
Execution Time: 197ms&#xD;
Output: {"schema":"stroll.history.v1","ok":true,"data":{"symbol":"SPY","expiry":"2024-01-31","chain":[]},"meta":{"count":0,"timestamp":"2025-08-25T20:59:36.864Z"}}&#xD;
&#xD;
No options data returned - skipping data quality validation</StdOut>
      </Output>
    </UnitTestResult>
    <UnitTestResult executionId="2cce4a0c-7083-4572-b50a-dc1e262af698" testId="02b1d2f1-3459-ba65-f8fa-b0b332fd1ac5" testName="Stroll.History.Integrity.Tests.DataIntegrityTests.DataQuality_OHLCV_MustSatisfyFinancialInvariants(symbol: &quot;SPY&quot;)" computerName="SONAKSHI" duration="00:00:00.2219955" startTime="2025-08-25T21:59:36.7301704+01:00" endTime="2025-08-25T21:59:36.7301707+01:00" testType="13cdc9d9-ddb5-4fa4-a97d-d965ccfc6d4b" outcome="Passed" testListId="8c84fa94-04c1-424b-9868-57a2d4851a1d" relativeResultsDirectory="2cce4a0c-7083-4572-b50a-dc1e262af698">
      <Output>
        <StdOut>Invalid timestamp format in bar data: &#xD;
Invalid timestamp format in bar data: &#xD;
Invalid timestamp format in bar data: &#xD;
Invalid timestamp format in bar data: &#xD;
Invalid timestamp format in bar data: &#xD;
Invalid timestamp format in bar data: &#xD;
Invalid timestamp format in bar data: &#xD;
Invalid timestamp format in bar data: &#xD;
Invalid timestamp format in bar data: &#xD;
Invalid timestamp format in bar data: &#xD;
Invalid timestamp format in bar data: &#xD;
Invalid timestamp format in bar data: &#xD;
Invalid timestamp format in bar data: &#xD;
Invalid timestamp format in bar data: &#xD;
Invalid timestamp format in bar data: &#xD;
Invalid timestamp format in bar data: &#xD;
Invalid timestamp format in bar data: &#xD;
Invalid timestamp format in bar data: &#xD;
Invalid timestamp format in bar data: &#xD;
Invalid timestamp format in bar data: &#xD;
Invalid timestamp format in bar data: &#xD;
SPY Data Quality: 21 bars, 0 violations, Score: 100.00%</StdOut>
      </Output>
    </UnitTestResult>
    <UnitTestResult executionId="c9ab90e6-d708-4c46-9277-6ad4e989d6e2" testId="b0cb56fa-2d51-d0d1-ff37-a047257de28f" testName="Stroll.History.Integrity.Tests.ProcessLifecycleTests.InitializationOrder_MustCompleteBeforeAcceptingRequests" computerName="SONAKSHI" duration="00:00:01.6153850" startTime="2025-08-25T21:59:36.9166074+01:00" endTime="2025-08-25T21:59:36.9166078+01:00" testType="13cdc9d9-ddb5-4fa4-a97d-d965ccfc6d4b" outcome="Passed" testListId="8c84fa94-04c1-424b-9868-57a2d4851a1d" relativeResultsDirectory="c9ab90e6-d708-4c46-9277-6ad4e989d6e2">
      <Output>
        <StdOut>Initialization: All requests succeeded, Avg latency=142.2ms</StdOut>
      </Output>
    </UnitTestResult>
    <UnitTestResult executionId="74ed6419-4f8d-4a46-99a7-6c338c43e916" testId="b82280b4-dbf6-d42b-a3fb-284005534d07" testName="Stroll.History.Integrity.Tests.IpcContractTests.IpcConcurrency_MultipleClients_MustHandleSimultaneousConnections" computerName="SONAKSHI" duration="00:00:10.1304745" startTime="2025-08-25T22:00:39.7697616+01:00" endTime="2025-08-25T22:00:39.7697619+01:00" testType="13cdc9d9-ddb5-4fa4-a97d-d965ccfc6d4b" outcome="Failed" testListId="8c84fa94-04c1-424b-9868-57a2d4851a1d" relativeResultsDirectory="74ed6419-4f8d-4a46-99a7-6c338c43e916">
      <Output>
        <StdOut>Connection attempt to stroll.history failed: The operation has timed out.&#xD;
Connection attempt to stroll.history failed: The operation has timed out.&#xD;
Connection attempt to stroll.history failed: The operation has timed out.&#xD;
Client connection failed: Pipe is broken.&#xD;
Client connection failed: Pipe is broken.&#xD;
Client connection failed: Pipe is broken.&#xD;
Connection attempt to stroll.history failed: The operation has timed out.&#xD;
Client connection failed: Pipe is broken.&#xD;
Connection attempt to stroll.history failed: The operation has timed out.&#xD;
Connection attempt to stroll.history failed: The operation has timed out.&#xD;
Connection attempt to stroll.history failed: The operation has timed out.&#xD;
Client connection failed: Pipe is broken.&#xD;
Client connection failed: Pipe is broken.&#xD;
Client connection failed: Pipe is broken.&#xD;
Connection attempt to stroll.history failed: The operation has timed out.&#xD;
Client connection failed: Pipe is broken.</StdOut>
        <ErrorInfo>
          <Message>System.InvalidOperationException : Sequence contains no elements</Message>
          <StackTrace>   at System.Linq.ThrowHelper.ThrowNoElementsException()&#xD;
   at System.Linq.Enumerable.Average[TSource,TSelector,TAccumulator,TResult](IEnumerable`1 source, Func`2 selector)&#xD;
   at System.Linq.Enumerable.Average[TSource](IEnumerable`1 source, Func`2 selector)&#xD;
   at Stroll.History.Integrity.Tests.IpcContractTests.IpcConcurrency_MultipleClients_MustHandleSimultaneousConnections() in C:\code\Stroll\Stroll.History\Stroll.History.Integrity.Tests\IpcContractTests.cs:line 232&#xD;
--- End of stack trace from previous location ---</StackTrace>
        </ErrorInfo>
      </Output>
    </UnitTestResult>
    <UnitTestResult executionId="c005d329-ab7b-46ed-9cbc-e87b621dcb0f" testId="6d82db8f-5e56-2998-5fc5-a4fc1c24ccd8" testName="Stroll.History.Integrity.Tests.DataIntegrityTests.OptionsData_Availability_MustProvideValidChains(symbol: &quot;QQQ&quot;, date: &quot;2024-01-19&quot;, description: &quot;weekly&quot;)" computerName="SONAKSHI" duration="00:00:00.2720903" startTime="2025-08-25T21:59:39.3255539+01:00" endTime="2025-08-25T21:59:39.3255542+01:00" testType="13cdc9d9-ddb5-4fa4-a97d-d965ccfc6d4b" outcome="Passed" testListId="8c84fa94-04c1-424b-9868-57a2d4851a1d" relativeResultsDirectory="c005d329-ab7b-46ed-9cbc-e87b621dcb0f" />
    <UnitTestResult executionId="c61cbff5-cd72-4881-93ce-6f9ad197c374" testId="34d94d2d-122b-5143-8b16-e37fc2f5b7f3" testName="Stroll.History.Integrity.Tests.ContractValidationTests.CLI_Discover_MustReturnValidContractSchema" computerName="SONAKSHI" duration="00:00:00.1920241" startTime="2025-08-25T21:59:35.6949180+01:00" endTime="2025-08-25T21:59:35.6949184+01:00" testType="13cdc9d9-ddb5-4fa4-a97d-d965ccfc6d4b" outcome="Passed" testListId="8c84fa94-04c1-424b-9868-57a2d4851a1d" relativeResultsDirectory="c61cbff5-cd72-4881-93ce-6f9ad197c374">
      <Output>
        <StdOut>Command: discover&#xD;
Exit Code: 0&#xD;
Execution Time: 188ms&#xD;
Output: {"schema":"stroll.history.v1","ok":true,"data":{"service":"stroll.history","version":"1.0.0","env":[{"name":"STROLL_DATA","desc":"dataset root override","required":false}],"commands":[{"name":"version","args":[]},{"name":"discover","args":[]},{"name":"list-datasets","args":[]},{"name":"get-bars","args":[{"name":"symbol","required":true},{"name":"from","required":true,"type":"yyyy-MM-dd"},{"name":"to","required":true,"type":"yyyy-MM-dd"},{"name":"granularity","required":false,"default":"1m","oneOf":["1m","5m","1d"]},{"name":"format","required":false,"default":"json","oneOf":["json","jsonl"]}]},{"name":"get-options","args":[{"name":"symbol","required":true},{"name":"date","required":true,"type":"yyyy-MM-dd"}]},{"name":"acquire-data","args":[{"name":"symbol","required":true},{"name":"from","required":true,"type":"yyyy-MM-dd"},{"name":"to","required":true,"type":"yyyy-MM-dd"},{"name":"interval","required":false,"default":"1d","oneOf":["1d","1h","30m","15m","5m","1m"]},{"name":"output","required":false,"default":"./data"}]},{"name":"provider-status","args":[{"name":"output","required":false,"default":"./data"}]}]}}</StdOut>
      </Output>
    </UnitTestResult>
    <UnitTestResult executionId="e7f80150-e1ca-4207-8d24-b22a2d0db1b0" testId="2a98c4fa-8bce-0aac-f1e5-20629f4fcd20" testName="Stroll.History.Integrity.Tests.DataIntegrityTests.DataCompleteness_TradingDays_MustNotHaveUnexpectedGaps(symbol: &quot;QQQ&quot;)" computerName="SONAKSHI" duration="00:00:00.1597806" startTime="2025-08-25T21:59:35.8684401+01:00" endTime="2025-08-25T21:59:35.8684406+01:00" testType="13cdc9d9-ddb5-4fa4-a97d-d965ccfc6d4b" outcome="Passed" testListId="8c84fa94-04c1-424b-9868-57a2d4851a1d" relativeResultsDirectory="e7f80150-e1ca-4207-8d24-b22a2d0db1b0">
      <Output>
        <StdOut>QQQ Completeness: 21 bars, 0 suspicious gaps</StdOut>
      </Output>
    </UnitTestResult>
    <UnitTestResult executionId="9d23a91e-66e9-4239-99bd-6d483d5e823a" testId="a0f2be1f-6a20-f77c-a432-095aad79f209" testName="Stroll.History.Integrity.Tests.ProcessLifecycleTests.GracefulShutdown_MustCompleteWithinTimeout" computerName="SONAKSHI" duration="00:00:01.0098769" startTime="2025-08-25T21:59:48.6309247+01:00" endTime="2025-08-25T21:59:48.6309266+01:00" testType="13cdc9d9-ddb5-4fa4-a97d-d965ccfc6d4b" outcome="Passed" testListId="8c84fa94-04c1-424b-9868-57a2d4851a1d" relativeResultsDirectory="9d23a91e-66e9-4239-99bd-6d483d5e823a">
      <Output>
        <StdOut>Graceful shutdown completed in 1ms</StdOut>
      </Output>
    </UnitTestResult>
  </Results>
  <TestDefinitions>
    <UnitTest name="Stroll.History.Integrity.Tests.ProcessLifecycleTests.ConcurrentConnections_MustHandleMultipleClients" storage="c:\code\stroll\stroll.history\stroll.history.integrity.tests\bin\debug\net9.0\stroll.history.integrity.tests.dll" id="d1046a89-ce94-3c20-cf55-15cedf399078">
      <Execution id="a9f669af-3bf8-471a-88e9-3762cdd53d9c" />
      <TestMethod codeBase="C:\code\Stroll\Stroll.History\Stroll.History.Integrity.Tests\bin\Debug\net9.0\Stroll.History.Integrity.Tests.dll" adapterTypeName="executor://xunit/VsTestRunner2/netcoreapp" className="Stroll.History.Integrity.Tests.ProcessLifecycleTests" name="ConcurrentConnections_MustHandleMultipleClients" />
    </UnitTest>
    <UnitTest name="Stroll.History.Integrity.Tests.PerformanceRegressionTests.PerformanceBaseline_GetBarsCommands_MustMaintainSLO(symbol: &quot;SPY&quot;, from: &quot;2024-01-01&quot;, to: &quot;2024-01-07&quot;, granularity: &quot;1d&quot;, scenario: &quot;single_week&quot;)" storage="c:\code\stroll\stroll.history\stroll.history.integrity.tests\bin\debug\net9.0\stroll.history.integrity.tests.dll" id="ab2b2a05-ed37-b373-0697-8aa7b21d8d5d">
      <Execution id="ffae7e91-052d-4e3c-81d0-9e13e66e68cc" />
      <TestMethod codeBase="C:\code\Stroll\Stroll.History\Stroll.History.Integrity.Tests\bin\Debug\net9.0\Stroll.History.Integrity.Tests.dll" adapterTypeName="executor://xunit/VsTestRunner2/netcoreapp" className="Stroll.History.Integrity.Tests.PerformanceRegressionTests" name="PerformanceBaseline_GetBarsCommands_MustMaintainSLO" />
    </UnitTest>
    <UnitTest name="Stroll.History.Integrity.Tests.ContractValidationTests.CLI_GetBars_MonthlyRange_MustMeetPerformanceSLO" storage="c:\code\stroll\stroll.history\stroll.history.integrity.tests\bin\debug\net9.0\stroll.history.integrity.tests.dll" id="f7a3ab53-c7e7-2087-a390-a9470fdf08f5">
      <Execution id="dec70153-50a1-4dbe-a26f-c81cfe8b5332" />
      <TestMethod codeBase="C:\code\Stroll\Stroll.History\Stroll.History.Integrity.Tests\bin\Debug\net9.0\Stroll.History.Integrity.Tests.dll" adapterTypeName="executor://xunit/VsTestRunner2/netcoreapp" className="Stroll.History.Integrity.Tests.ContractValidationTests" name="CLI_GetBars_MonthlyRange_MustMeetPerformanceSLO" />
    </UnitTest>
    <UnitTest name="Stroll.History.Integrity.Tests.ProcessLifecycleTests.ProcessSpawn_Overhead_MustMeetPerformanceSLO" storage="c:\code\stroll\stroll.history\stroll.history.integrity.tests\bin\debug\net9.0\stroll.history.integrity.tests.dll" id="345169e6-3dc3-afa2-a0a8-9fb2f1d400d2">
      <Execution id="568df038-44dd-4db7-b932-d057180d8b80" />
      <TestMethod codeBase="C:\code\Stroll\Stroll.History\Stroll.History.Integrity.Tests\bin\Debug\net9.0\Stroll.History.Integrity.Tests.dll" adapterTypeName="executor://xunit/VsTestRunner2/netcoreapp" className="Stroll.History.Integrity.Tests.ProcessLifecycleTests" name="ProcessSpawn_Overhead_MustMeetPerformanceSLO" />
    </UnitTest>
    <UnitTest name="Stroll.History.Integrity.Tests.ProcessLifecycleTests.GracefulShutdown_MustCompleteWithinTimeout" storage="c:\code\stroll\stroll.history\stroll.history.integrity.tests\bin\debug\net9.0\stroll.history.integrity.tests.dll" id="a0f2be1f-6a20-f77c-a432-095aad79f209">
      <Execution id="9d23a91e-66e9-4239-99bd-6d483d5e823a" />
      <TestMethod codeBase="C:\code\Stroll\Stroll.History\Stroll.History.Integrity.Tests\bin\Debug\net9.0\Stroll.History.Integrity.Tests.dll" adapterTypeName="executor://xunit/VsTestRunner2/netcoreapp" className="Stroll.History.Integrity.Tests.ProcessLifecycleTests" name="GracefulShutdown_MustCompleteWithinTimeout" />
    </UnitTest>
    <UnitTest name="Stroll.History.Integrity.Tests.ContractValidationTests.CLI_GetBars_InvalidSymbol_MustReturnStandardError" storage="c:\code\stroll\stroll.history\stroll.history.integrity.tests\bin\debug\net9.0\stroll.history.integrity.tests.dll" id="7c2f39fd-95d4-786a-c566-b77ae9fa6746">
      <Execution id="b2004d9a-8188-4076-9c11-14fea17d1ecf" />
[...]
[xUnit.net 00:00:44.31]            at System.Threading.AsyncOverSyncWithIoCancellation.InvokeAsync[TState](Action`1 action, TState state, CancellationToken cancellationToken)&#xD;
[xUnit.net 00:00:44.31]            at System.Runtime.CompilerServices.PoolingAsyncValueTaskMethodBuilder`1.StateMachineBox`1.System.Threading.Tasks.Sources.IValueTaskSource.GetResult(Int16 token)&#xD;
[xUnit.net 00:00:44.31]         C:\code\Stroll\Stroll.History\Stroll.History.Integrity.Tests\IpcContractTests.cs(438,0): at Stroll.History.Integrity.Tests.IpcContractTests.SendIpcRequest(NamedPipeClientStream client, Object request, Int32 timeoutMs)&#xD;
[xUnit.net 00:00:44.31]         C:\code\Stroll\Stroll.History\Stroll.History.Integrity.Tests\IpcContractTests.cs(338,0): at Stroll.History.Integrity.Tests.IpcContractTests.IpcLargePayload_DataTransfer_MustHandleMultiMegabyteResponses()&#xD;
[xUnit.net 00:00:44.31]         --- End of stack trace from previous location ---&#xD;
[xUnit.net 00:00:44.31]       Output:&#xD;
[xUnit.net 00:00:44.31]         Connection attempt to stroll.history failed: The operation has timed out.&#xD;
info: Stroll.History.Integrity.Tests.IpcContractTests[0]&#xD;
      IPC server is ready for test&#xD;
22:00:19 [\u001b[38;5;39mINF\u001b[0m] Starting bombing...&#xD;
[xUnit.net 00:00:49.43]       System.IO.IOException : Pipe is broken.&#xD;
[xUnit.net 00:00:49.43]       Stack Trace:&#xD;
[xUnit.net 00:00:49.43]            at System.IO.Pipes.PipeStream.WriteCore(ReadOnlySpan`1 buffer)&#xD;
[xUnit.net 00:00:49.43]            at System.IO.Pipes.PipeStream.&lt;&gt;c.&lt;AsyncOverSyncWrite&gt;b__78_0(ValueTuple`2 s)&#xD;
[xUnit.net 00:00:49.43]            at System.Threading.AsyncOverSyncWithIoCancellation.InvokeAsync[TState](Action`1 action, TState state, CancellationToken cancellationToken)&#xD;
[xUnit.net 00:00:49.43]            at System.Runtime.CompilerServices.PoolingAsyncValueTaskMethodBuilder`1.StateMachineBox`1.System.Threading.Tasks.Sources.IValueTaskSource.GetResult(Int16 token)&#xD;
[xUnit.net 00:00:49.44]         C:\code\Stroll\Stroll.History\Stroll.History.Integrity.Tests\IpcContractTests.cs(438,0): at Stroll.History.Integrity.Tests.IpcContractTests.SendIpcRequest(NamedPipeClientStream client, Object request, Int32 timeoutMs)&#xD;
[xUnit.net 00:00:49.44]         C:\code\Stroll\Stroll.History\Stroll.History.Integrity.Tests\IpcContractTests.cs(263,0): at Stroll.History.Integrity.Tests.IpcContractTests.IpcConnection_Persistence_MustReuseConnectionsEfficiently()&#xD;
[xUnit.net 00:00:49.44]         --- End of stack trace from previous location ---&#xD;
[xUnit.net 00:00:49.44]       Output:&#xD;
[xUnit.net 00:00:49.44]         Connection attempt to stroll.history failed: The operation has timed out.&#xD;
info: Stroll.History.Integrity.Tests.IpcContractTests[0]&#xD;
      IPC server is ready for test&#xD;
[xUnit.net 00:00:54.45]       System.IO.IOException : Pipe is broken.&#xD;
[xUnit.net 00:00:54.45]       Stack Trace:&#xD;
[xUnit.net 00:00:54.45]            at System.IO.Pipes.PipeStream.WriteCore(ReadOnlySpan`1 buffer)&#xD;
[xUnit.net 00:00:54.45]            at System.IO.Pipes.PipeStream.&lt;&gt;c.&lt;AsyncOverSyncWrite&gt;b__78_0(ValueTuple`2 s)&#xD;
[xUnit.net 00:00:54.45]            at System.Threading.AsyncOverSyncWithIoCancellation.InvokeAsync[TState](Action`1 action, TState state, CancellationToken cancellationToken)&#xD;
[xUnit.net 00:00:54.45]            at System.Runtime.CompilerServices.PoolingAsyncValueTaskMethodBuilder`1.StateMachineBox`1.System.Threading.Tasks.Sources.IValueTaskSource.GetResult(Int16 token)&#xD;
[xUnit.net 00:00:54.45]         C:\code\Stroll\Stroll.History\Stroll.History.Integrity.Tests\IpcContractTests.cs(438,0): at Stroll.History.Integrity.Tests.IpcContractTests.SendIpcRequest(NamedPipeClientStream client, Object request, Int32 timeoutMs)&#xD;
[xUnit.net 00:00:54.45]         C:\code\Stroll\Stroll.History\Stroll.History.Integrity.Tests\IpcContractTests.cs(378,0): at Stroll.History.Integrity.Tests.IpcContractTests.IpcConnectionPool_ResourceManagement_MustHandleConnectionLifecycle()&#xD;
[xUnit.net 00:00:54.45]         --- End of stack trace from previous location ---&#xD;
[xUnit.net 00:00:54.45]       Output:&#xD;
[xUnit.net 00:00:54.45]         Connection attempt to stroll.history failed: The operation has timed out.&#xD;
info: Stroll.History.Integrity.Tests.IpcContractTests[0]&#xD;
      IPC server is ready for test&#xD;
[xUnit.net 00:01:04.59]       System.InvalidOperationException : Sequence contains no elements&#xD;
[xUnit.net 00:01:04.59]       Stack Trace:&#xD;
[xUnit.net 00:01:04.59]            at System.Linq.ThrowHelper.ThrowNoElementsException()&#xD;
[xUnit.net 00:01:04.59]            at System.Linq.Enumerable.Average[TSource,TSelector,TAccumulator,TResult](IEnumerable`1 source, Func`2 selector)&#xD;
[xUnit.net 00:01:04.59]            at System.Linq.Enumerable.Average[TSource](IEnumerable`1 source, Func`2 selector)&#xD;
[xUnit.net 00:01:04.59]         C:\code\Stroll\Stroll.History\Stroll.History.Integrity.Tests\IpcContractTests.cs(232,0): at Stroll.History.Integrity.Tests.IpcContractTests.IpcConcurrency_MultipleClients_MustHandleSimultaneousConnections()&#xD;
[xUnit.net 00:01:04.59]         --- End of stack trace from previous location ---&#xD;
[xUnit.net 00:01:04.59]       Output:&#xD;
[xUnit.net 00:01:04.59]         Connection attempt to stroll.history failed: The operation has timed out.&#xD;
[xUnit.net 00:01:04.59]         Connection attempt to stroll.history failed: The operation has timed out.&#xD;
[xUnit.net 00:01:04.59]         Connection attempt to stroll.history failed: The operation has timed out.&#xD;
[xUnit.net 00:01:04.59]         Client connection failed: Pipe is broken.&#xD;
[xUnit.net 00:01:04.59]         Client connection failed: Pipe is broken.&#xD;
[xUnit.net 00:01:04.59]         Client connection failed: Pipe is broken.&#xD;
[xUnit.net 00:01:04.59]         Connection attempt to stroll.history failed: The operation has timed out.&#xD;
[xUnit.net 00:01:04.59]         Client connection failed: Pipe is broken.&#xD;
[xUnit.net 00:01:04.59]         Connection attempt to stroll.history failed: The operation has timed out.&#xD;
[xUnit.net 00:01:04.59]         Connection attempt to stroll.history failed: The operation has timed out.&#xD;
[xUnit.net 00:01:04.59]         Connection attempt to stroll.history failed: The operation has timed out.&#xD;
[xUnit.net 00:01:04.59]         Client connection failed: Pipe is broken.&#xD;
[xUnit.net 00:01:04.59]         Client connection failed: Pipe is broken.&#xD;
[xUnit.net 00:01:04.59]         Client connection failed: Pipe is broken.&#xD;
[xUnit.net 00:01:04.59]         Connection attempt to stroll.history failed: The operation has timed out.&#xD;
[xUnit.net 00:01:04.59]         Client connection failed: Pipe is broken.&#xD;
info: Stroll.History.Integrity.Tests.IpcContractTests[0]&#xD;
      IPC server is ready for test&#xD;
[xUnit.net 00:01:09.71]       System.IO.IOException : Pipe is broken.&#xD;
[xUnit.net 00:01:09.71]       Stack Trace:&#xD;
[xUnit.net 00:01:09.71]            at System.IO.Pipes.PipeStream.WriteCore(ReadOnlySpan`1 buffer)&#xD;
[xUnit.net 00:01:09.71]            at System.IO.Pipes.PipeStream.&lt;&gt;c.&lt;AsyncOverSyncWrite&gt;b__78_0(ValueTuple`2 s)&#xD;
[xUnit.net 00:01:09.71]            at System.Threading.AsyncOverSyncWithIoCancellation.InvokeAsync[TState](Action`1 action, TState state, CancellationToken cancellationToken)&#xD;
[xUnit.net 00:01:09.71]            at System.Runtime.CompilerServices.PoolingAsyncValueTaskMethodBuilder`1.StateMachineBox`1.System.Threading.Tasks.Sources.IValueTaskSource.GetResult(Int16 token)&#xD;
[xUnit.net 00:01:09.71]         C:\code\Stroll\Stroll.History\Stroll.History.Integrity.Tests\IpcContractTests.cs(100,0): at Stroll.History.Integrity.Tests.IpcContractTests.IpcProtocol_BinaryFraming_MustUseLengthPrefixedFormat()&#xD;
[xUnit.net 00:01:09.71]         --- End of stack trace from previous location ---&#xD;
[xUnit.net 00:01:09.71]       Output:&#xD;
[xUnit.net 00:01:09.71]         Connection attempt to stroll.history failed: The operation has timed out.&#xD;
info: Stroll.History.Integrity.Tests.IpcContractTests[0]&#xD;
      IPC server is ready for test&#xD;
info: Stroll.History.Integrity.Tests.IpcTestFixture[0]&#xD;
      IpcTestFixture disposing...&#xD;
22:00:54 [\u001b[38;5;39mINF\u001b[0m] Stopping scenarios...&#xD;
22:00:54 [\u001b[38;5;39mINF\u001b[0m] Calculating final statistics...&#xD;
info: Stroll.History.Integrity.Tests.IpcTestFixture[0]&#xD;
      IpcTestFixture disposed successfully&#xD;
���������������������������������� test info �����������������������������������&#xD;
test suite: \u001b[38;5;10mnbomber_default_test_suite_name\u001b[0m&#xD;
test name: \u001b[38;5;10mnbomber_default_test_name\u001b[0m&#xD;
session id: \u001b[38;5;10m2025-08-25_20.59.67_session_b1183089\u001b[0m&#xD;
�������������������������������� scenario stats ��������������������������������&#xD;
scenario: \u001b[38;5;10mconcurrent_get_bars\u001b[0m&#xD;
  - ok count: \u001b[38;5;10m1495\u001b[0m&#xD;
  - fail count: \u001b[38;5;9m0\u001b[0m&#xD;
  - all data: \u001b[38;5;10m0\u001b[0m MB&#xD;
  - duration: \u001b[38;5;10m00:00:30\u001b[0m&#xD;
load simulations: &#xD;
  - \u001b[38;5;10minject\u001b[0m, rate: \u001b[38;5;10m50\u001b[0m, interval: \u001b[38;5;10m00:00:01\u001b[0m, during: \u001b[38;5;10m00:00:30\u001b[0m&#xD;
������������������������������������������������������������������������������Ŀ&#xD;
�               step � ok stats                                                �&#xD;
������������������������������������������������������������������������������Ĵ&#xD;
�               name � \u001b[38;5;39mglobal information\u001b[0m                                      �&#xD;
�      request count � all = \u001b[38;5;10m1495\u001b[0m, ok = \u001b[38;5;10m1495\u001b[0m, RPS = \u001b[38;5;10m49.8\u001b[0m                       �&#xD;
�            latency � min = \u001b[38;5;10m128.72\u001b[0m, mean = \u001b[38;5;10m264.28\u001b[0m, max = \u001b[38;5;10m821.81\u001b[0m, StdDev =     �&#xD;
�                    � \u001b[38;5;10m88.73\u001b[0m                                                   �&#xD;
� latency percentile � p50 = \u001b[38;5;10m243.71\u001b[0m, p75 = \u001b[38;5;10m307.71\u001b[0m, p95 = \u001b[38;5;10m421.12\u001b[0m, p99 = \u001b[38;5;10m605.7\u001b[0m   �&#xD;
��������������������������������������������������������������������������������&#xD;
22:00:55 [\u001b[38;5;39mINF\u001b[0m] Reports saved in folder: \u001b[38;5;10m"C:\code\Stroll\Stroll.History\Stroll.History.Integrity.Tests\bin\Debug\net9.0\r\u001b[0m&#xD;
\u001b[38;5;10meports\2025-08-25_20.59.67_session_b1183089"\u001b[0m&#xD;
22:00:55 [\u001b[38;5;11mWRN\u001b[0m] THIS VERSION IS FREE ONLY FOR PERSONAL USE. You can't use it for an &#xD;
organization.&#xD;
[xUnit.net 00:01:20.06]       Expected result.ExitCode to be 0 because get-options weekly must succeed, but found -1 (difference of -1).&#xD;
[xUnit.net 00:01:20.06]       Stack Trace:&#xD;
[xUnit.net 00:01:20.06]            at FluentAssertions.Execution.XUnit2TestFramework.Throw(String message)&#xD;
[xUnit.net 00:01:20.06]            at FluentAssertions.Execution.TestFrameworkProvider.Throw(String message)&#xD;
[xUnit.net 00:01:20.06]            at FluentAssertions.Execution.AssertionScope.FailWith(Func`1 failReasonFunc)&#xD;
[xUnit.net 00:01:20.06]            at FluentAssertions.Numeric.NumericAssertions`2.Be(T expected, String because, Object[] becauseArgs)&#xD;
[xUnit.net 00:01:20.06]         C:\code\Stroll\Stroll.History\Stroll.History.Integrity.Tests\PerformanceRegressionTests.cs(142,0): at Stroll.History.Integrity.Tests.PerformanceRegressionTests.PerformanceBaseline_GetOptionsCommands_MustMaintainSLO(String symbol, String date, String scenario)&#xD;
[xUnit.net 00:01:20.06]         --- End of stack trace from previous location ---&#xD;
[xUnit.net 00:01:20.08]       Expected result.ExitCode to be 0 because get-options monthly must succeed, but found -1 (difference of -1).&#xD;
[xUnit.net 00:01:20.08]       Stack Trace:&#xD;
[xUnit.net 00:01:20.08]            at FluentAssertions.Execution.XUnit2TestFramework.Throw(String message)&#xD;
[xUnit.net 00:01:20.08]            at FluentAssertions.Execution.TestFrameworkProvider.Throw(String message)&#xD;
[xUnit.net 00:01:20.08]            at FluentAssertions.Execution.AssertionScope.FailWith(Func`1 failReasonFunc)&#xD;
[xUnit.net 00:01:20.08]            at FluentAssertions.Numeric.NumericAssertions`2.Be(T expected, String because, Object[] becauseArgs)&#xD;
[xUnit.net 00:01:20.08]         C:\code\Stroll\Stroll.History\Stroll.History.Integrity.Tests\PerformanceRegressionTests.cs(142,0): at Stroll.History.Integrity.Tests.PerformanceRegressionTests.PerformanceBaseline_GetOptionsCommands_MustMaintainSLO(String symbol, String date, String scenario)&#xD;
[xUnit.net 00:01:20.08]         --- End of stack trace from previous location ---&#xD;
[xUnit.net 00:01:20.08]   Finished:    Stroll.History.Integrity.Tests&#xD;
</StdOut>
    </Output>
    <RunInfos>
      <RunInfo computerName="SONAKSHI" outcome="Error" timestamp="2025-08-25T21:59:35.3740428+01:00">
        <Text>[xUnit.net 00:00:00.19]     Stroll.History.Integrity.Tests.DataIntegrityTests.LongTermData_Availability_MustSpanMultipleYears [FAIL]</Text>
      </RunInfo>
      <RunInfo computerName="SONAKSHI" outcome="Error" timestamp="2025-08-25T21:59:36.2151357+01:00">
        <Text>[xUnit.net 00:00:01.03]     Stroll.History.Integrity.Tests.ContractValidationTests.CLI_ProviderStatus_MustReturnHealthInformation [FAIL]</Text>
      </RunInfo>
      <RunInfo computerName="SONAKSHI" outcome="Error" timestamp="2025-08-25T21:59:36.5299601+01:00">
        <Text>[xUnit.net 00:00:01.35]     Stroll.History.Integrity.Tests.ContractValidationTests.CLI_MustHandleInvalidArguments_WithStandardErrorFormat [FAIL]</Text>
      </RunInfo>
      <RunInfo computerName="SONAKSHI" outcome="Error" timestamp="2025-08-25T21:59:36.9722219+01:00">
        <Text>[xUnit.net 00:00:01.79]     Stroll.History.Integrity.Tests.PerformanceRegressionTests.PerformanceBaseline_DiscoverCommand_MustMaintainSLO [FAIL]</Text>
      </RunInfo>
      <RunInfo computerName="SONAKSHI" outcome="Error" timestamp="2025-08-25T21:59:36.9985876+01:00">
        <Text>[xUnit.net 00:00:01.81]     Stroll.History.Integrity.Tests.PerformanceRegressionTests.PerformanceBaseline_GetBarsCommands_MustMaintainSLO(symbol: "SPY", from: "2024-01-01", to: "2024-01-31", granularity: "1d", scenario: "single_month") [FAIL]</Text>
      </RunInfo>
      <RunInfo computerName="SONAKSHI" outcome="Error" timestamp="2025-08-25T21:59:37.0020556+01:00">
        <Text>[xUnit.net 00:00:01.82]     Stroll.History.Integrity.Tests.ContractValidationTests.CLI_GetOptions_MustMeetPerformanceAndQualitySLO(date: "2024-01-19", description: "weekly expiry") [FAIL]</Text>
      </RunInfo>
      <RunInfo computerName="SONAKSHI" outcome="Error" timestamp="2025-08-25T21:59:37.0056257+01:00">
        <Text>[xUnit.net 00:00:01.82]     Stroll.History.Integrity.Tests.DataIntegrityTests.OilEnergyData_Availability_MustBeAccessible(symbol: "OIH") [FAIL]</Text>
      </RunInfo>
      <RunInfo computerName="SONAKSHI" outcome="Error" timestamp="2025-08-25T21:59:37.0299037+01:00">
        <Text>[xUnit.net 00:00:01.85]     Stroll.History.Integrity.Tests.PerformanceRegressionTests.PerformanceBaseline_GetBarsCommands_MustMaintainSLO(symbol: "SPY", from: "2024-01-01", to: "2024-01-07", granularity: "1d", scenario: "single_week") [FAIL]</Text>
      </RunInfo>
      <RunInfo computerName="SONAKSHI" outcome="Error" timestamp="2025-08-25T21:59:37.0499895+01:00">
        <Text>[xUnit.net 00:00:01.87]     Stroll.History.Integrity.Tests.PerformanceRegressionTests.PerformanceBaseline_GetBarsCommands_MustMaintainSLO(symbol: "SPY", from: "2024-01-15", to: "2024-01-15", granularity: "1d", scenario: "single_day") [FAIL]</Text>
      </RunInfo>
      <RunInfo computerName="SONAKSHI" outcome="Error" timestamp="2025-08-25T21:59:37.0634338+01:00">
        <Text>[xUnit.net 00:00:01.88]     Stroll.History.Integrity.Tests.DataIntegrityTests.OilEnergyData_Availability_MustBeAccessible(symbol: "XLE") [FAIL]</Text>
      </RunInfo>
      <RunInfo computerName="SONAKSHI" outcome="Error" timestamp="2025-08-25T21:59:39.0535508+01:00">
        <Text>[xUnit.net 00:00:03.87]     Stroll.History.Integrity.Tests.DataIntegrityTests.OptionsData_Availability_MustProvideValidChains(symbol: "SPY", date: "2024-01-19", description: "weekly") [FAIL]</Text>
      </RunInfo>
      <RunInfo computerName="SONAKSHI" outcome="Error" timestamp="2025-08-25T21:59:43.0256860+01:00">
        <Text>[xUnit.net 00:00:07.84]     Stroll.History.Integrity.Tests.PerformanceRegressionTests.MemoryUsage_UnderLoad_MustNotExceedLimits [FAIL]</Text>
      </RunInfo>
      <RunInfo computerName="SONAKSHI" outcome="Error" timestamp="2025-08-25T21:59:47.6209972+01:00">
        <Text>[xUnit.net 00:00:12.44]     Stroll.History.Integrity.Tests.ProcessLifecycleTests.ConcurrentConnections_MustHandleMultipleClients [FAIL]</Text>
      </RunInfo>
      <RunInfo computerName="SONAKSHI" outcome="Error" timestamp="2025-08-25T22:00:04.6311289+01:00">
        <Text>[xUnit.net 00:00:29.45]     Stroll.History.Integrity.Tests.ProcessLifecycleTests.ResourceLimits_UnderNormalLoad_MustNotExceedLimits [FAIL]</Text>
      </RunInfo>
      <RunInfo computerName="SONAKSHI" outcome="Error" timestamp="2025-08-25T22:00:05.6838831+01:00">
        <Text>[xUnit.net 00:00:30.50]     Stroll.History.Integrity.Tests.IpcContractTests.IpcErrorHandling_InvalidRequests_MustReturnStandardErrorFormat [FAIL]</Text>
      </RunInfo>
      <RunInfo computerName="SONAKSHI" outcome="Error" timestamp="2025-08-25T22:00:19.4904117+01:00">
        <Text>[xUnit.net 00:00:44.31]     Stroll.History.Integrity.Tests.IpcContractTests.IpcLargePayload_DataTransfer_MustHandleMultiMegabyteResponses [FAIL]</Text>
      </RunInfo>
      <RunInfo computerName="SONAKSHI" outcome="Error" timestamp="2025-08-25T22:00:24.6187876+01:00">
        <Text>[xUnit.net 00:00:49.43]     Stroll.History.Integrity.Tests.IpcContractTests.IpcConnection_Persistence_MustReuseConnectionsEfficiently [FAIL]</Text>
      </RunInfo>
      <RunInfo computerName="SONAKSHI" outcome="Error" timestamp="2025-08-25T22:00:29.6374220+01:00">
        <Text>[xUnit.net 00:00:54.45]     Stroll.History.Integrity.Tests.IpcContractTests.IpcConnectionPool_ResourceManagement_MustHandleConnectionLifecycle [FAIL]</Text>
      </RunInfo>
      <RunInfo computerName="SONAKSHI" outcome="Error" timestamp="2025-08-25T22:00:39.7693016+01:00">
        <Text>[xUnit.net 00:01:04.58]     Stroll.History.Integrity.Tests.IpcContractTests.IpcConcurrency_MultipleClients_MustHandleSimultaneousConnections [FAIL]</Text>
      </RunInfo>
      <RunInfo computerName="SONAKSHI" outcome="Error" timestamp="2025-08-25T22:00:44.8941026+01:00">
        <Text>[xUnit.net 00:01:09.71]     Stroll.History.Integrity.Tests.IpcContractTests.IpcProtocol_BinaryFraming_MustUseLengthPrefixedFormat [FAIL]</Text>
      </RunInfo>
      <RunInfo computerName="SONAKSHI" outcome="Error" timestamp="2025-08-25T22:00:55.2456616+01:00">
        <Text>[xUnit.net 00:01:20.06]     Stroll.History.Integrity.Tests.PerformanceRegressionTests.PerformanceBaseline_GetOptionsCommands_MustMaintainSLO(symbol: "SPY", date: "2024-01-19", scenario: "weekly") [FAIL]</Text>
      </RunInfo>
      <RunInfo computerName="SONAKSHI" outcome="Error" timestamp="2025-08-25T22:00:55.2657951+01:00">
        <Text>[xUnit.net 00:01:20.08]     Stroll.History.Integrity.Tests.PerformanceRegressionTests.PerformanceBaseline_GetOptionsCommands_MustMaintainSLO(symbol: "SPY", date: "2024-01-31", scenario: "monthly") [FAIL]</Text>
      </RunInfo>
    </RunInfos>
  </ResultSummary>
</TestRun>